[2020-09-16T17:02:33.023 info Netsdk:41296 19085:19107 dhnetsdk.cpp:190]Enter CLIENT_SetAutoReconnect:[cbAutoConnect=0x7f8f0d5cb240, dwUser=(nil)].
[2020-09-16T17:02:33.023 info Netsdk:41296 19085:19107 dhnetsdk.cpp:192]Leave CLIENT_SetAutoReconnect.
[2020-09-16T17:02:33.023 info Netsdk:41296 19085:19107 dhnetsdk.cpp:210]Enter CLIENT_SetConnectTime:[nWaitTime=5000, nTryTimes=1].
[2020-09-16T17:02:33.023 info Netsdk:41296 19085:19107 dhnetsdk.cpp:223]Leave CLIENT_SetConnectTime.
[2020-09-16T17:02:33.023 info Netsdk:41296 19085:19107 dhnetsdk.cpp:234]Enter CLIENT_SetNetworkParam:[nWaittime=0, nConnectTime=10000, nConnectTryNum=0, nSubConnectSpaceTime=0, nGetDevInfoTime=0, nConnectBufSize=0, nGetConnInfoTime=3000, nSearchRecordTime=0, nsubDisconnetTime=0, byNetType=0, byPlaybackBufSize=0, bDetectDisconnTime=0, bKeepLifeInterval=0, nPicBufSize=0].
[2020-09-16T17:02:33.023 info Netsdk:41296 19085:19107 dhnetsdk.cpp:249]Leave CLIENT_SetNetworkParam.
[2020-09-16T17:02:33.023 info Netsdk:41296 19085:19107 dhnetsdk.cpp:586]Enter CLIENT_LoginEx2. IP:192.168.25.109, port:37777, SpeCap:0, lpDeviceInfo:0x7f8e988a3d00.
[2020-09-16T17:02:33.024 error Netsdk:41296 19085:19107 TPTCPClient.cpp:423]connect() failed: Operation now in progress
[2020-09-16T17:02:33.286 info Netsdk:41296 19085:19107 dhnetsdk.cpp:622]Leave CLIENT_LoginEx2. error:0, login ID:140250421283856.
[2020-09-16T17:02:33.287 info Netsdk:41296 19085:19107 dhnetsdk.cpp:7400]Enter CLIENT_SetSnapRevCallBack. [OnSnapRevMessage=0x7f8f0d5cb278, dwUser=(nil).]
[2020-09-16T17:02:33.287 info Netsdk:41296 19085:19107 dhnetsdk.cpp:7403]Leave CLIENT_SetSnapRevCallBack.
[2020-09-16T17:02:33.288 info Netsdk:41296 19085:19107 dhnetsdk.cpp:7440]Enter CLIENT_SnapPictureEx. [lLoginID=140250421283856, par=0x7f8e9805b660, reserved=0x7f8e9805c400.]
[2020-09-16T17:02:33.288 info Netsdk:41296 19085:19107 dhnetsdk.cpp:7460]Leave CLIENT_SnapPictureEx. ret:1.
Begin Time:2020-09-16T17:02:33.798
[2020-09-16T17:02:33.798 info Netsdk:41296 19294:19316 dhnetsdk.cpp:190]Enter CLIENT_SetAutoReconnect:[cbAutoConnect=0x7f27e0cf70f0, dwUser=(nil)].
[2020-09-16T17:02:33.798 info Netsdk:41296 19294:19316 dhnetsdk.cpp:192]Leave CLIENT_SetAutoReconnect.
[2020-09-16T17:02:33.798 info Netsdk:41296 19294:19316 dhnetsdk.cpp:210]Enter CLIENT_SetConnectTime:[nWaitTime=5000, nTryTimes=1].
[2020-09-16T17:02:33.798 info Netsdk:41296 19294:19316 dhnetsdk.cpp:223]Leave CLIENT_SetConnectTime.
[2020-09-16T17:02:33.798 info Netsdk:41296 19294:19316 dhnetsdk.cpp:234]Enter CLIENT_SetNetworkParam:[nWaittime=0, nConnectTime=10000, nConnectTryNum=0, nSubConnectSpaceTime=0, nGetDevInfoTime=0, nConnectBufSize=0, nGetConnInfoTime=3000, nSearchRecordTime=0, nsubDisconnetTime=0, byNetType=0, byPlaybackBufSize=0, bDetectDisconnTime=0, bKeepLifeInterval=0, nPicBufSize=0].
[2020-09-16T17:02:33.798 info Netsdk:41296 19294:19316 dhnetsdk.cpp:249]Leave CLIENT_SetNetworkParam.
[2020-09-16T17:02:33.798 info Netsdk:41296 19294:19316 dhnetsdk.cpp:586]Enter CLIENT_LoginEx2. IP:192.168.25.109, port:37777, SpeCap:0, lpDeviceInfo:0x7f27508d3960.
[2020-09-16T17:02:33.798 error Netsdk:41296 19294:19316 TPTCPClient.cpp:423]connect() failed: Operation now in progress
[2020-09-16T17:02:34.095 info Netsdk:41296 19294:19316 dhnetsdk.cpp:622]Leave CLIENT_LoginEx2. error:0, login ID:139806831888496.
[2020-09-16T17:02:34.096 info Netsdk:41296 19294:19316 dhnetsdk.cpp:7400]Enter CLIENT_SetSnapRevCallBack. [OnSnapRevMessage=0x7f27e0cf7128, dwUser=(nil).]
[2020-09-16T17:02:34.096 info Netsdk:41296 19294:19316 dhnetsdk.cpp:7403]Leave CLIENT_SetSnapRevCallBack.
[2020-09-16T17:02:34.097 info Netsdk:41296 19294:19316 dhnetsdk.cpp:7440]Enter CLIENT_SnapPictureEx. [lLoginID=139806831888496, par=0x7f275013a280, reserved=0x7f27502905b0.]
[2020-09-16T17:02:34.097 info Netsdk:41296 19294:19316 dhnetsdk.cpp:7460]Leave CLIENT_SnapPictureEx. ret:1.
[2020-09-16T17:03:43.694 info Netsdk:41296 19294:19316 dhnetsdk.cpp:815]Enter CLIENT_Logout. lLoginID:139806831888496.
[2020-09-16T17:03:43.705 info Netsdk:41296 19294:19316 dhnetsdk.cpp:837]Leave CLIENT_Logout. ret:1
[2020-09-16T17:03:50.587 info Netsdk:41296 19085:19107 dhnetsdk.cpp:815]Enter CLIENT_Logout. lLoginID:140250421283856.
[2020-09-16T17:03:50.597 info Netsdk:41296 19085:19107 dhnetsdk.cpp:837]Leave CLIENT_Logout. ret:1
[2020-09-16T17:03:53.704 info Netsdk:41296 19294:19316 dhnetsdk.cpp:136]Enter CLIENT_InitEx:[cbDisConnect=0x7f27e0cf7160, dwUser=(nil), lpInitParam=(nil)].
[2020-09-16T17:03:53.705 info Netsdk:41296 19294:19316 AVNetSDKMgr.cpp:670]Test avnetsdk module handle: 0x7f2750703a10

[2020-09-16T17:03:53.705 info Netsdk:41296 19294:19316 dhnetsdk.cpp:159]Leave CLIENT_InitEx.
[2020-09-16T17:03:53.705 info Netsdk:41296 19294:19316 Manager.cpp:13118]-------------------Log file reset, log number:10-log size:10240------------------
[2020-09-16T17:04:00.597 info Netsdk:41296 19085:19107 dhnetsdk.cpp:136]Enter CLIENT_InitEx:[cbDisConnect=0x7f8f0d5cb010, dwUser=(nil), lpInitParam=(nil)].
[2020-09-16T17:04:00.597 info Netsdk:41296 19085:19107 AVNetSDKMgr.cpp:670]Test avnetsdk module handle: 0x7f8e986d3e10

[2020-09-16T17:04:00.597 info Netsdk:41296 19085:19107 dhnetsdk.cpp:159]Leave CLIENT_InitEx.
[2020-09-16T17:04:00.597 info Netsdk:41296 19085:19107 Manager.cpp:13118]-------------------Log file reset, log number:10-log size:10240------------------
