[2020-09-27T08:53:59.393 info Netsdk:41296 7543:7565 dhnetsdk.cpp:190]Enter CLIENT_SetAutoReconnect:[cbAutoConnect=0x7f1477d3e588, dwUser=(nil)].
[2020-09-27T08:53:59.393 info Netsdk:41296 7543:7565 dhnetsdk.cpp:192]Leave CLIENT_SetAutoReconnect.
[2020-09-27T08:53:59.393 info Netsdk:41296 7543:7565 dhnetsdk.cpp:210]Enter CLIENT_SetConnectTime:[nWaitTime=5000, nTryTimes=1].
[2020-09-27T08:53:59.393 info Netsdk:41296 7543:7565 dhnetsdk.cpp:223]Leave CLIENT_SetConnectTime.
[2020-09-27T08:53:59.393 info Netsdk:41296 7543:7565 dhnetsdk.cpp:234]Enter CLIENT_SetNetworkParam:[nWaittime=0, nConnectTime=10000, nConnectTryNum=0, nSubConnectSpaceTime=0, nGetDevInfoTime=0, nConnectBufSize=0, nGetConnInfoTime=3000, nSearchRecordTime=0, nsubDisconnetTime=0, byNetType=0, byPlaybackBufSize=0, bDetectDisconnTime=0, bKeepLifeInterval=0, nPicBufSize=0].
[2020-09-27T08:53:59.393 info Netsdk:41296 7543:7565 dhnetsdk.cpp:249]Leave CLIENT_SetNetworkParam.
[2020-09-27T08:53:59.394 info Netsdk:41296 7543:7565 dhnetsdk.cpp:586]Enter CLIENT_LoginEx2. IP:192.168.25.109, port:37777, SpeCap:0, lpDeviceInfo:0x7f13e486c0e0.
[2020-09-27T08:53:59.394 error Netsdk:41296 7543:7565 TPTCPClient.cpp:423]connect() failed: Operation now in progress
Begin Time:2020-09-27T08:53:59.421
[2020-09-27T08:53:59.421 info Netsdk:41296 14756:14797 dhnetsdk.cpp:190]Enter CLIENT_SetAutoReconnect:[cbAutoConnect=0x7f82632a94e0, dwUser=(nil)].
[2020-09-27T08:53:59.421 info Netsdk:41296 14756:14797 dhnetsdk.cpp:192]Leave CLIENT_SetAutoReconnect.
[2020-09-27T08:53:59.421 info Netsdk:41296 14756:14797 dhnetsdk.cpp:210]Enter CLIENT_SetConnectTime:[nWaitTime=5000, nTryTimes=1].
[2020-09-27T08:53:59.421 info Netsdk:41296 14756:14797 dhnetsdk.cpp:223]Leave CLIENT_SetConnectTime.
[2020-09-27T08:53:59.421 info Netsdk:41296 14756:14797 dhnetsdk.cpp:234]Enter CLIENT_SetNetworkParam:[nWaittime=0, nConnectTime=10000, nConnectTryNum=0, nSubConnectSpaceTime=0, nGetDevInfoTime=0, nConnectBufSize=0, nGetConnInfoTime=3000, nSearchRecordTime=0, nsubDisconnetTime=0, byNetType=0, byPlaybackBufSize=0, bDetectDisconnTime=0, bKeepLifeInterval=0, nPicBufSize=0].
[2020-09-27T08:53:59.421 info Netsdk:41296 14756:14797 dhnetsdk.cpp:249]Leave CLIENT_SetNetworkParam.
[2020-09-27T08:53:59.422 info Netsdk:41296 14756:14797 dhnetsdk.cpp:586]Enter CLIENT_LoginEx2. IP:192.168.25.109, port:37777, SpeCap:0, lpDeviceInfo:0x7f81c885c250.
[2020-09-27T08:53:59.422 error Netsdk:41296 14756:14797 TPTCPClient.cpp:423]connect() failed: Operation now in progress
[2020-09-27T08:53:59.782 info Netsdk:41296 7543:7565 dhnetsdk.cpp:622]Leave CLIENT_LoginEx2. error:0, login ID:139723415146480.
[2020-09-27T08:53:59.783 info Netsdk:41296 7543:7565 dhnetsdk.cpp:7400]Enter CLIENT_SetSnapRevCallBack. [OnSnapRevMessage=0x7f1477d3e5c0, dwUser=(nil).]
[2020-09-27T08:53:59.783 info Netsdk:41296 7543:7565 dhnetsdk.cpp:7403]Leave CLIENT_SetSnapRevCallBack.
[2020-09-27T08:53:59.783 info Netsdk:41296 7543:7565 dhnetsdk.cpp:7440]Enter CLIENT_SnapPictureEx. [lLoginID=139723415146480, par=0x7f13e442d820, reserved=0x7f13e442c800.]
[2020-09-27T08:53:59.783 info Netsdk:41296 7543:7565 dhnetsdk.cpp:7460]Leave CLIENT_SnapPictureEx. ret:1.
[2020-09-27T08:53:59.830 info Netsdk:41296 14756:14797 dhnetsdk.cpp:622]Leave CLIENT_LoginEx2. error:0, login ID:140195391721792.
[2020-09-27T08:53:59.830 info Netsdk:41296 14756:14797 dhnetsdk.cpp:7400]Enter CLIENT_SetSnapRevCallBack. [OnSnapRevMessage=0x7f82632a9518, dwUser=(nil).]
[2020-09-27T08:53:59.830 info Netsdk:41296 14756:14797 dhnetsdk.cpp:7403]Leave CLIENT_SetSnapRevCallBack.
[2020-09-27T08:53:59.831 info Netsdk:41296 14756:14797 dhnetsdk.cpp:7440]Enter CLIENT_SnapPictureEx. [lLoginID=140195391721792, par=0x7f81c810bb00, reserved=0x7f81c805ff10.]
[2020-09-27T08:53:59.831 info Netsdk:41296 14756:14797 dhnetsdk.cpp:7460]Leave CLIENT_SnapPictureEx. ret:1.
[2020-09-27T08:54:11.842 info Netsdk:41296 7543:7565 dhnetsdk.cpp:815]Enter CLIENT_Logout. lLoginID:139723415146480.
[2020-09-27T08:54:11.852 info Netsdk:41296 7543:7565 dhnetsdk.cpp:837]Leave CLIENT_Logout. ret:1
[2020-09-27T08:54:11.885 info Netsdk:41296 14756:14797 dhnetsdk.cpp:815]Enter CLIENT_Logout. lLoginID:140195391721792.
[2020-09-27T08:54:11.895 info Netsdk:41296 14756:14797 dhnetsdk.cpp:837]Leave CLIENT_Logout. ret:1
[2020-09-27T08:54:21.851 info Netsdk:41296 7543:7565 dhnetsdk.cpp:136]Enter CLIENT_InitEx:[cbDisConnect=0x7f1477d3e5f8, dwUser=(nil), lpInitParam=(nil)].
[2020-09-27T08:54:21.851 info Netsdk:41296 7543:7565 AVNetSDKMgr.cpp:670]Test avnetsdk module handle: 0x7f13e469c260

[2020-09-27T08:54:21.851 info Netsdk:41296 7543:7565 dhnetsdk.cpp:159]Leave CLIENT_InitEx.
[2020-09-27T08:54:21.852 info Netsdk:41296 7543:7565 Manager.cpp:13118]-------------------Log file reset, log number:10-log size:10240------------------
[2020-09-27T08:54:21.894 info Netsdk:41296 14756:14797 dhnetsdk.cpp:136]Enter CLIENT_InitEx:[cbDisConnect=0x7f82632a9550, dwUser=(nil), lpInitParam=(nil)].
[2020-09-27T08:54:21.894 info Netsdk:41296 14756:14797 AVNetSDKMgr.cpp:670]Test avnetsdk module handle: 0x7f81c868c3c0

[2020-09-27T08:54:21.894 info Netsdk:41296 14756:14797 dhnetsdk.cpp:159]Leave CLIENT_InitEx.
[2020-09-27T08:54:21.895 info Netsdk:41296 14756:14797 Manager.cpp:13118]-------------------Log file reset, log number:10-log size:10240------------------
