[2020-09-16T15:48:07.086 info Netsdk:41296 18881:18903 dhnetsdk.cpp:190]Enter CLIENT_SetAutoReconnect:[cbAutoConnect=0x7f7c69c80630, dwUser=(nil)].
[2020-09-16T15:48:07.086 info Netsdk:41296 18881:18903 dhnetsdk.cpp:192]Leave CLIENT_SetAutoReconnect.
[2020-09-16T15:48:07.086 info Netsdk:41296 18881:18903 dhnetsdk.cpp:210]Enter CLIENT_SetConnectTime:[nWaitTime=5000, nTryTimes=1].
[2020-09-16T15:48:07.086 info Netsdk:41296 18881:18903 dhnetsdk.cpp:223]Leave CLIENT_SetConnectTime.
[2020-09-16T15:48:07.086 info Netsdk:41296 18881:18903 dhnetsdk.cpp:234]Enter CLIENT_SetNetworkParam:[nWaittime=0, nConnectTime=10000, nConnectTryNum=0, nSubConnectSpaceTime=0, nGetDevInfoTime=0, nConnectBufSize=0, nGetConnInfoTime=3000, nSearchRecordTime=0, nsubDisconnetTime=0, byNetType=0, byPlaybackBufSize=0, bDetectDisconnTime=0, bKeepLifeInterval=0, nPicBufSize=0].
[2020-09-16T15:48:07.086 info Netsdk:41296 18881:18903 dhnetsdk.cpp:249]Leave CLIENT_SetNetworkParam.
[2020-09-16T15:48:07.086 info Netsdk:41296 18881:18903 dhnetsdk.cpp:586]Enter CLIENT_LoginEx2. IP:192.168.25.109, port:37777, SpeCap:0, lpDeviceInfo:0x7f7bf48ec1f0.
[2020-09-16T15:48:07.086 error Netsdk:41296 18881:18903 TPTCPClient.cpp:423]connect() failed: Operation now in progress
[2020-09-16T15:48:07.406 info Netsdk:41296 18881:18903 dhnetsdk.cpp:622]Leave CLIENT_LoginEx2. error:0, login ID:140170360704240.
[2020-09-16T15:48:07.407 info Netsdk:41296 18881:18903 dhnetsdk.cpp:7400]Enter CLIENT_SetSnapRevCallBack. [OnSnapRevMessage=0x7f7c69c80668, dwUser=(nil).]
[2020-09-16T15:48:07.407 info Netsdk:41296 18881:18903 dhnetsdk.cpp:7403]Leave CLIENT_SetSnapRevCallBack.
[2020-09-16T15:48:07.407 info Netsdk:41296 18881:18903 dhnetsdk.cpp:7440]Enter CLIENT_SnapPictureEx. [lLoginID=140170360704240, par=0x7f7bf412bac0, reserved=0x7f7bf48efd50.]
[2020-09-16T15:48:07.407 info Netsdk:41296 18881:18903 dhnetsdk.cpp:7460]Leave CLIENT_SnapPictureEx. ret:1.
Begin Time:2020-09-16T15:48:07.554
[2020-09-16T15:48:07.554 info Netsdk:41296 20610:20636 dhnetsdk.cpp:190]Enter CLIENT_SetAutoReconnect:[cbAutoConnect=0x7f93d98224e0, dwUser=(nil)].
[2020-09-16T15:48:07.554 info Netsdk:41296 20610:20636 dhnetsdk.cpp:192]Leave CLIENT_SetAutoReconnect.
[2020-09-16T15:48:07.554 info Netsdk:41296 20610:20636 dhnetsdk.cpp:210]Enter CLIENT_SetConnectTime:[nWaitTime=5000, nTryTimes=1].
[2020-09-16T15:48:07.554 info Netsdk:41296 20610:20636 dhnetsdk.cpp:223]Leave CLIENT_SetConnectTime.
[2020-09-16T15:48:07.554 info Netsdk:41296 20610:20636 dhnetsdk.cpp:234]Enter CLIENT_SetNetworkParam:[nWaittime=0, nConnectTime=10000, nConnectTryNum=0, nSubConnectSpaceTime=0, nGetDevInfoTime=0, nConnectBufSize=0, nGetConnInfoTime=3000, nSearchRecordTime=0, nsubDisconnetTime=0, byNetType=0, byPlaybackBufSize=0, bDetectDisconnTime=0, bKeepLifeInterval=0, nPicBufSize=0].
[2020-09-16T15:48:07.554 info Netsdk:41296 20610:20636 dhnetsdk.cpp:249]Leave CLIENT_SetNetworkParam.
[2020-09-16T15:48:07.555 info Netsdk:41296 20610:20636 dhnetsdk.cpp:586]Enter CLIENT_LoginEx2. IP:192.168.25.109, port:37777, SpeCap:0, lpDeviceInfo:0x7f934c8cb690.
[2020-09-16T15:48:07.555 error Netsdk:41296 20610:20636 TPTCPClient.cpp:423]connect() failed: Operation now in progress
[2020-09-16T15:48:07.818 info Netsdk:41296 20610:20636 dhnetsdk.cpp:622]Leave CLIENT_LoginEx2. error:0, login ID:140270614470928.
[2020-09-16T15:48:07.818 info Netsdk:41296 20610:20636 dhnetsdk.cpp:7400]Enter CLIENT_SetSnapRevCallBack. [OnSnapRevMessage=0x7f93d9822518, dwUser=(nil).]
[2020-09-16T15:48:07.818 info Netsdk:41296 20610:20636 dhnetsdk.cpp:7403]Leave CLIENT_SetSnapRevCallBack.
[2020-09-16T15:48:07.818 info Netsdk:41296 20610:20636 dhnetsdk.cpp:7440]Enter CLIENT_SnapPictureEx. [lLoginID=140270614470928, par=0x7f934c2573a0, reserved=0x7f934c256d00.]
[2020-09-16T15:48:07.818 info Netsdk:41296 20610:20636 dhnetsdk.cpp:7460]Leave CLIENT_SnapPictureEx. ret:1.
