[2020-09-16T15:40:14.476 info Netsdk:41296 2270:2293 dhnetsdk.cpp:190]Enter CLIENT_SetAutoReconnect:[cbAutoConnect=0x7fb8321caa20, dwUser=(nil)].
[2020-09-16T15:40:14.476 info Netsdk:41296 2270:2293 dhnetsdk.cpp:192]Leave CLIENT_SetAutoReconnect.
[2020-09-16T15:40:14.476 info Netsdk:41296 2270:2293 dhnetsdk.cpp:210]Enter CLIENT_SetConnectTime:[nWaitTime=5000, nTryTimes=1].
[2020-09-16T15:40:14.476 info Netsdk:41296 2270:2293 dhnetsdk.cpp:223]Leave CLIENT_SetConnectTime.
[2020-09-16T15:40:14.477 info Netsdk:41296 2270:2293 dhnetsdk.cpp:234]Enter CLIENT_SetNetworkParam:[nWaittime=0, nConnectTime=10000, nConnectTryNum=0, nSubConnectSpaceTime=0, nGetDevInfoTime=0, nConnectBufSize=0, nGetConnInfoTime=3000, nSearchRecordTime=0, nsubDisconnetTime=0, byNetType=0, byPlaybackBufSize=0, bDetectDisconnTime=0, bKeepLifeInterval=0, nPicBufSize=0].
[2020-09-16T15:40:14.477 info Netsdk:41296 2270:2293 dhnetsdk.cpp:249]Leave CLIENT_SetNetworkParam.
[2020-09-16T15:40:14.477 info Netsdk:41296 2270:2293 dhnetsdk.cpp:586]Enter CLIENT_LoginEx2. IP:192.168.25.109, port:37777, SpeCap:0, lpDeviceInfo:0x7fb7bc8798f0.
[2020-09-16T15:40:14.477 error Netsdk:41296 2270:2293 TPTCPClient.cpp:423]connect() failed: Operation now in progress
Begin Time:2020-09-16T15:40:14.698
[2020-09-16T15:40:14.698 info Netsdk:41296 3970:3992 dhnetsdk.cpp:190]Enter CLIENT_SetAutoReconnect:[cbAutoConnect=0x7f643209e8d0, dwUser=(nil)].
[2020-09-16T15:40:14.698 info Netsdk:41296 3970:3992 dhnetsdk.cpp:192]Leave CLIENT_SetAutoReconnect.
[2020-09-16T15:40:14.698 info Netsdk:41296 3970:3992 dhnetsdk.cpp:210]Enter CLIENT_SetConnectTime:[nWaitTime=5000, nTryTimes=1].
[2020-09-16T15:40:14.698 info Netsdk:41296 3970:3992 dhnetsdk.cpp:223]Leave CLIENT_SetConnectTime.
[2020-09-16T15:40:14.698 info Netsdk:41296 3970:3992 dhnetsdk.cpp:234]Enter CLIENT_SetNetworkParam:[nWaittime=0, nConnectTime=10000, nConnectTryNum=0, nSubConnectSpaceTime=0, nGetDevInfoTime=0, nConnectBufSize=0, nGetConnInfoTime=3000, nSearchRecordTime=0, nsubDisconnetTime=0, byNetType=0, byPlaybackBufSize=0, bDetectDisconnTime=0, bKeepLifeInterval=0, nPicBufSize=0].
[2020-09-16T15:40:14.698 info Netsdk:41296 3970:3992 dhnetsdk.cpp:249]Leave CLIENT_SetNetworkParam.
[2020-09-16T15:40:14.698 info Netsdk:41296 3970:3992 dhnetsdk.cpp:586]Enter CLIENT_LoginEx2. IP:192.168.25.109, port:37777, SpeCap:0, lpDeviceInfo:0x7f63ac8cc0b0.
[2020-09-16T15:40:14.698 error Netsdk:41296 3970:3992 TPTCPClient.cpp:423]connect() failed: Operation now in progress
[2020-09-16T15:40:14.761 info Netsdk:41296 2270:2293 dhnetsdk.cpp:622]Leave CLIENT_LoginEx2. error:0, login ID:140427118749696.
[2020-09-16T15:40:14.762 info Netsdk:41296 2270:2293 dhnetsdk.cpp:7400]Enter CLIENT_SetSnapRevCallBack. [OnSnapRevMessage=0x7fb8321caa58, dwUser=(nil).]
[2020-09-16T15:40:14.762 info Netsdk:41296 2270:2293 dhnetsdk.cpp:7403]Leave CLIENT_SetSnapRevCallBack.
[2020-09-16T15:40:14.764 info Netsdk:41296 2270:2293 dhnetsdk.cpp:7440]Enter CLIENT_SnapPictureEx. [lLoginID=140427118749696, par=0x7fb7bc16e2a0, reserved=0x7fb7bc16c2d0.]
[2020-09-16T15:40:14.764 info Netsdk:41296 2270:2293 dhnetsdk.cpp:7460]Leave CLIENT_SnapPictureEx. ret:1.
[2020-09-16T15:40:14.962 info Netsdk:41296 3970:3992 dhnetsdk.cpp:622]Leave CLIENT_LoginEx2. error:0, login ID:140066073398192.
[2020-09-16T15:40:14.962 info Netsdk:41296 3970:3992 dhnetsdk.cpp:7400]Enter CLIENT_SetSnapRevCallBack. [OnSnapRevMessage=0x7f643209e908, dwUser=(nil).]
[2020-09-16T15:40:14.962 info Netsdk:41296 3970:3992 dhnetsdk.cpp:7403]Leave CLIENT_SetSnapRevCallBack.
[2020-09-16T15:40:14.963 info Netsdk:41296 3970:3992 dhnetsdk.cpp:7440]Enter CLIENT_SnapPictureEx. [lLoginID=140066073398192, par=0x7f63ac259230, reserved=0x7f63ac046770.]
[2020-09-16T15:40:14.963 info Netsdk:41296 3970:3992 dhnetsdk.cpp:7460]Leave CLIENT_SnapPictureEx. ret:1.
[2020-09-16T15:40:26.818 info Netsdk:41296 2270:2293 dhnetsdk.cpp:815]Enter CLIENT_Logout. lLoginID:140427118749696.
[2020-09-16T15:40:26.828 info Netsdk:41296 2270:2293 dhnetsdk.cpp:837]Leave CLIENT_Logout. ret:1
[2020-09-16T15:40:27.016 info Netsdk:41296 3970:3992 dhnetsdk.cpp:815]Enter CLIENT_Logout. lLoginID:140066073398192.
[2020-09-16T15:40:27.026 info Netsdk:41296 3970:3992 dhnetsdk.cpp:837]Leave CLIENT_Logout. ret:1
[2020-09-16T15:40:36.828 info Netsdk:41296 2270:2293 dhnetsdk.cpp:136]Enter CLIENT_InitEx:[cbDisConnect=0x7fb8321caa90, dwUser=(nil), lpInitParam=(nil)].
[2020-09-16T15:40:36.828 info Netsdk:41296 2270:2293 AVNetSDKMgr.cpp:670]Test avnetsdk module handle: 0x7fb7bc6a9a60

[2020-09-16T15:40:36.828 info Netsdk:41296 2270:2293 dhnetsdk.cpp:159]Leave CLIENT_InitEx.
[2020-09-16T15:40:36.829 info Netsdk:41296 2270:2293 Manager.cpp:13118]-------------------Log file reset, log number:10-log size:10240------------------
[2020-09-16T15:40:37.025 info Netsdk:41296 3970:3992 dhnetsdk.cpp:136]Enter CLIENT_InitEx:[cbDisConnect=0x7f643209e940, dwUser=(nil), lpInitParam=(nil)].
[2020-09-16T15:40:37.025 info Netsdk:41296 3970:3992 AVNetSDKMgr.cpp:670]Test avnetsdk module handle: 0x7f63ac6fc220

[2020-09-16T15:40:37.025 info Netsdk:41296 3970:3992 dhnetsdk.cpp:159]Leave CLIENT_InitEx.
[2020-09-16T15:40:37.026 info Netsdk:41296 3970:3992 Manager.cpp:13118]-------------------Log file reset, log number:10-log size:10240------------------
