[2020-09-27T08:52:07.041 info Netsdk:41296 12403:12439 dhnetsdk.cpp:190]Enter CLIENT_SetAutoReconnect:[cbAutoConnect=0x7fc7051272e8, dwUser=(nil)].
[2020-09-27T08:52:07.041 info Netsdk:41296 12403:12439 dhnetsdk.cpp:192]Leave CLIENT_SetAutoReconnect.
[2020-09-27T08:52:07.041 info Netsdk:41296 12403:12439 dhnetsdk.cpp:210]Enter CLIENT_SetConnectTime:[nWaitTime=5000, nTryTimes=1].
[2020-09-27T08:52:07.041 info Netsdk:41296 12403:12439 dhnetsdk.cpp:223]Leave CLIENT_SetConnectTime.
[2020-09-27T08:52:07.042 info Netsdk:41296 12403:12439 dhnetsdk.cpp:234]Enter CLIENT_SetNetworkParam:[nWaittime=0, nConnectTime=10000, nConnectTryNum=0, nSubConnectSpaceTime=0, nGetDevInfoTime=0, nConnectBufSize=0, nGetConnInfoTime=3000, nSearchRecordTime=0, nsubDisconnetTime=0, byNetType=0, byPlaybackBufSize=0, bDetectDisconnTime=0, bKeepLifeInterval=0, nPicBufSize=0].
[2020-09-27T08:52:07.042 info Netsdk:41296 12403:12439 dhnetsdk.cpp:249]Leave CLIENT_SetNetworkParam.
[2020-09-27T08:52:07.042 info Netsdk:41296 12403:12439 dhnetsdk.cpp:586]Enter CLIENT_LoginEx2. IP:192.168.25.109, port:37777, SpeCap:0, lpDeviceInfo:0x7fc6788938e0.
[2020-09-27T08:52:07.042 error Netsdk:41296 12403:12439 TPTCPClient.cpp:423]connect() failed: Operation now in progress
[2020-09-27T08:52:07.326 info Netsdk:41296 12403:12439 dhnetsdk.cpp:622]Leave CLIENT_LoginEx2. error:0, login ID:140490402514928.
[2020-09-27T08:52:07.326 info Netsdk:41296 12403:12439 dhnetsdk.cpp:7400]Enter CLIENT_SetSnapRevCallBack. [OnSnapRevMessage=0x7fc705127320, dwUser=(nil).]
[2020-09-27T08:52:07.326 info Netsdk:41296 12403:12439 dhnetsdk.cpp:7403]Leave CLIENT_SetSnapRevCallBack.
[2020-09-27T08:52:07.327 info Netsdk:41296 12403:12439 dhnetsdk.cpp:7440]Enter CLIENT_SnapPictureEx. [lLoginID=140490402514928, par=0x7fc678015610, reserved=0x7fc678031cf0.]
[2020-09-27T08:52:07.327 info Netsdk:41296 12403:12439 dhnetsdk.cpp:7460]Leave CLIENT_SnapPictureEx. ret:1.
Begin Time:2020-09-27T08:52:07.416
[2020-09-27T08:52:07.416 info Netsdk:41296 14756:14797 dhnetsdk.cpp:190]Enter CLIENT_SetAutoReconnect:[cbAutoConnect=0x7f82632a9198, dwUser=(nil)].
[2020-09-27T08:52:07.416 info Netsdk:41296 14756:14797 dhnetsdk.cpp:192]Leave CLIENT_SetAutoReconnect.
[2020-09-27T08:52:07.416 info Netsdk:41296 14756:14797 dhnetsdk.cpp:210]Enter CLIENT_SetConnectTime:[nWaitTime=5000, nTryTimes=1].
[2020-09-27T08:52:07.416 info Netsdk:41296 14756:14797 dhnetsdk.cpp:223]Leave CLIENT_SetConnectTime.
[2020-09-27T08:52:07.416 info Netsdk:41296 14756:14797 dhnetsdk.cpp:234]Enter CLIENT_SetNetworkParam:[nWaittime=0, nConnectTime=10000, nConnectTryNum=0, nSubConnectSpaceTime=0, nGetDevInfoTime=0, nConnectBufSize=0, nGetConnInfoTime=3000, nSearchRecordTime=0, nsubDisconnetTime=0, byNetType=0, byPlaybackBufSize=0, bDetectDisconnTime=0, bKeepLifeInterval=0, nPicBufSize=0].
[2020-09-27T08:52:07.416 info Netsdk:41296 14756:14797 dhnetsdk.cpp:249]Leave CLIENT_SetNetworkParam.
[2020-09-27T08:52:07.417 info Netsdk:41296 14756:14797 dhnetsdk.cpp:586]Enter CLIENT_LoginEx2. IP:192.168.25.109, port:37777, SpeCap:0, lpDeviceInfo:0x7f81c885c250.
[2020-09-27T08:52:07.417 error Netsdk:41296 14756:14797 TPTCPClient.cpp:423]connect() failed: Operation now in progress
[2020-09-27T08:52:07.733 info Netsdk:41296 14756:14797 dhnetsdk.cpp:622]Leave CLIENT_LoginEx2. error:0, login ID:140195391721792.
[2020-09-27T08:52:07.733 info Netsdk:41296 14756:14797 dhnetsdk.cpp:7400]Enter CLIENT_SetSnapRevCallBack. [OnSnapRevMessage=0x7f82632a91d0, dwUser=(nil).]
[2020-09-27T08:52:07.733 info Netsdk:41296 14756:14797 dhnetsdk.cpp:7403]Leave CLIENT_SetSnapRevCallBack.
[2020-09-27T08:52:07.734 info Netsdk:41296 14756:14797 dhnetsdk.cpp:7440]Enter CLIENT_SnapPictureEx. [lLoginID=140195391721792, par=0x7f81c805c1f0, reserved=0x7f81c805bc40.]
[2020-09-27T08:52:07.734 info Netsdk:41296 14756:14797 dhnetsdk.cpp:7460]Leave CLIENT_SnapPictureEx. ret:1.
[2020-09-27T08:52:19.380 info Netsdk:41296 12403:12439 dhnetsdk.cpp:815]Enter CLIENT_Logout. lLoginID:140490402514928.
[2020-09-27T08:52:19.390 info Netsdk:41296 12403:12439 dhnetsdk.cpp:837]Leave CLIENT_Logout. ret:1
[2020-09-27T08:52:19.788 info Netsdk:41296 14756:14797 dhnetsdk.cpp:815]Enter CLIENT_Logout. lLoginID:140195391721792.
[2020-09-27T08:52:19.798 info Netsdk:41296 14756:14797 dhnetsdk.cpp:837]Leave CLIENT_Logout. ret:1
[2020-09-27T08:52:29.391 info Netsdk:41296 12403:12439 dhnetsdk.cpp:136]Enter CLIENT_InitEx:[cbDisConnect=0x7fc705127358, dwUser=(nil), lpInitParam=(nil)].
[2020-09-27T08:52:29.391 info Netsdk:41296 12403:12439 AVNetSDKMgr.cpp:670]Test avnetsdk module handle: 0x7fc6786c3a50

[2020-09-27T08:52:29.391 info Netsdk:41296 12403:12439 dhnetsdk.cpp:159]Leave CLIENT_InitEx.
[2020-09-27T08:52:29.392 info Netsdk:41296 12403:12439 Manager.cpp:13118]-------------------Log file reset, log number:10-log size:10240------------------
[2020-09-27T08:52:29.799 info Netsdk:41296 14756:14797 dhnetsdk.cpp:136]Enter CLIENT_InitEx:[cbDisConnect=0x7f82632a9208, dwUser=(nil), lpInitParam=(nil)].
[2020-09-27T08:52:29.799 info Netsdk:41296 14756:14797 AVNetSDKMgr.cpp:670]Test avnetsdk module handle: 0x7f81c868c3c0

[2020-09-27T08:52:29.799 info Netsdk:41296 14756:14797 dhnetsdk.cpp:159]Leave CLIENT_InitEx.
[2020-09-27T08:52:29.800 info Netsdk:41296 14756:14797 Manager.cpp:13118]-------------------Log file reset, log number:10-log size:10240------------------
