[2020-09-16T18:54:35.196 info Netsdk:41296 19294:19316 dhnetsdk.cpp:190]Enter CLIENT_SetAutoReconnect:[cbAutoConnect=0x7f27e0cf7048, dwUser=(nil)].
[2020-09-16T18:54:35.196 info Netsdk:41296 19294:19316 dhnetsdk.cpp:192]Leave CLIENT_SetAutoReconnect.
[2020-09-16T18:54:35.196 info Netsdk:41296 19294:19316 dhnetsdk.cpp:210]Enter CLIENT_SetConnectTime:[nWaitTime=5000, nTryTimes=1].
[2020-09-16T18:54:35.196 info Netsdk:41296 19294:19316 dhnetsdk.cpp:223]Leave CLIENT_SetConnectTime.
[2020-09-16T18:54:35.196 info Netsdk:41296 19294:19316 dhnetsdk.cpp:234]Enter CLIENT_SetNetworkParam:[nWaittime=0, nConnectTime=10000, nConnectTryNum=0, nSubConnectSpaceTime=0, nGetDevInfoTime=0, nConnectBufSize=0, nGetConnInfoTime=3000, nSearchRecordTime=0, nsubDisconnetTime=0, byNetType=0, byPlaybackBufSize=0, bDetectDisconnTime=0, bKeepLifeInterval=0, nPicBufSize=0].
[2020-09-16T18:54:35.196 info Netsdk:41296 19294:19316 dhnetsdk.cpp:249]Leave CLIENT_SetNetworkParam.
[2020-09-16T18:54:35.196 info Netsdk:41296 19294:19316 dhnetsdk.cpp:586]Enter CLIENT_LoginEx2. IP:192.168.25.109, port:37777, SpeCap:0, lpDeviceInfo:0x7f27508d3960.
[2020-09-16T18:54:35.196 error Netsdk:41296 19294:19316 TPTCPClient.cpp:423]connect() failed: Operation now in progress
[2020-09-16T18:54:35.479 info Netsdk:41296 19294:19316 dhnetsdk.cpp:622]Leave CLIENT_LoginEx2. error:0, login ID:139806825575824.
[2020-09-16T18:54:35.480 info Netsdk:41296 19294:19316 dhnetsdk.cpp:7400]Enter CLIENT_SetSnapRevCallBack. [OnSnapRevMessage=0x7f27e0cf7080, dwUser=(nil).]
[2020-09-16T18:54:35.480 info Netsdk:41296 19294:19316 dhnetsdk.cpp:7403]Leave CLIENT_SetSnapRevCallBack.
[2020-09-16T18:54:35.480 info Netsdk:41296 19294:19316 dhnetsdk.cpp:7440]Enter CLIENT_SnapPictureEx. [lLoginID=139806825575824, par=0x7f2750141bf0, reserved=0x7f27508d39d0.]
[2020-09-16T18:54:35.480 info Netsdk:41296 19294:19316 dhnetsdk.cpp:7460]Leave CLIENT_SnapPictureEx. ret:1.
Begin Time:2020-09-16T18:54:35.881
[2020-09-16T18:54:35.881 info Netsdk:41296 19085:19107 dhnetsdk.cpp:190]Enter CLIENT_SetAutoReconnect:[cbAutoConnect=0x7f8f0d5cb2e8, dwUser=(nil)].
[2020-09-16T18:54:35.881 info Netsdk:41296 19085:19107 dhnetsdk.cpp:192]Leave CLIENT_SetAutoReconnect.
[2020-09-16T18:54:35.881 info Netsdk:41296 19085:19107 dhnetsdk.cpp:210]Enter CLIENT_SetConnectTime:[nWaitTime=5000, nTryTimes=1].
[2020-09-16T18:54:35.881 info Netsdk:41296 19085:19107 dhnetsdk.cpp:223]Leave CLIENT_SetConnectTime.
[2020-09-16T18:54:35.881 info Netsdk:41296 19085:19107 dhnetsdk.cpp:234]Enter CLIENT_SetNetworkParam:[nWaittime=0, nConnectTime=10000, nConnectTryNum=0, nSubConnectSpaceTime=0, nGetDevInfoTime=0, nConnectBufSize=0, nGetConnInfoTime=3000, nSearchRecordTime=0, nsubDisconnetTime=0, byNetType=0, byPlaybackBufSize=0, bDetectDisconnTime=0, bKeepLifeInterval=0, nPicBufSize=0].
[2020-09-16T18:54:35.881 info Netsdk:41296 19085:19107 dhnetsdk.cpp:249]Leave CLIENT_SetNetworkParam.
[2020-09-16T18:54:35.881 info Netsdk:41296 19085:19107 dhnetsdk.cpp:586]Enter CLIENT_LoginEx2. IP:192.168.25.109, port:37777, SpeCap:0, lpDeviceInfo:0x7f8e988a3d00.
[2020-09-16T18:54:35.881 error Netsdk:41296 19085:19107 TPTCPClient.cpp:423]connect() failed: Operation now in progress
[2020-09-16T18:54:36.124 info Netsdk:41296 19085:19107 dhnetsdk.cpp:622]Leave CLIENT_LoginEx2. error:0, login ID:140250421283856.
[2020-09-16T18:54:36.124 info Netsdk:41296 19085:19107 dhnetsdk.cpp:7400]Enter CLIENT_SetSnapRevCallBack. [OnSnapRevMessage=0x7f8f0d5cb320, dwUser=(nil).]
[2020-09-16T18:54:36.124 info Netsdk:41296 19085:19107 dhnetsdk.cpp:7403]Leave CLIENT_SetSnapRevCallBack.
[2020-09-16T18:54:36.124 info Netsdk:41296 19085:19107 dhnetsdk.cpp:7440]Enter CLIENT_SnapPictureEx. [lLoginID=140250421283856, par=0x7f8e984719e0, reserved=0x7f8e98881920.]
[2020-09-16T18:54:36.124 info Netsdk:41296 19085:19107 dhnetsdk.cpp:7460]Leave CLIENT_SnapPictureEx. ret:1.
[2020-09-16T18:55:44.587 info Netsdk:41296 19294:19316 dhnetsdk.cpp:815]Enter CLIENT_Logout. lLoginID:139806825575824.
[2020-09-16T18:55:44.597 info Netsdk:41296 19294:19316 dhnetsdk.cpp:837]Leave CLIENT_Logout. ret:1
[2020-09-16T18:55:51.528 info Netsdk:41296 19085:19107 dhnetsdk.cpp:815]Enter CLIENT_Logout. lLoginID:140250421283856.
[2020-09-16T18:55:51.538 info Netsdk:41296 19085:19107 dhnetsdk.cpp:837]Leave CLIENT_Logout. ret:1
[2020-09-16T18:55:54.597 info Netsdk:41296 19294:19316 dhnetsdk.cpp:136]Enter CLIENT_InitEx:[cbDisConnect=0x7f27e0cf70b8, dwUser=(nil), lpInitParam=(nil)].
[2020-09-16T18:55:54.597 info Netsdk:41296 19294:19316 AVNetSDKMgr.cpp:670]Test avnetsdk module handle: 0x7f2750703a10

[2020-09-16T18:55:54.597 info Netsdk:41296 19294:19316 dhnetsdk.cpp:159]Leave CLIENT_InitEx.
[2020-09-16T18:55:54.597 info Netsdk:41296 19294:19316 Manager.cpp:13118]-------------------Log file reset, log number:10-log size:10240------------------
[2020-09-16T18:56:01.540 info Netsdk:41296 19085:19107 dhnetsdk.cpp:136]Enter CLIENT_InitEx:[cbDisConnect=0x7f8f0d5cb0b8, dwUser=(nil), lpInitParam=(nil)].
[2020-09-16T18:56:01.540 info Netsdk:41296 19085:19107 AVNetSDKMgr.cpp:670]Test avnetsdk module handle: 0x7f8e986d3e10

[2020-09-16T18:56:01.540 info Netsdk:41296 19085:19107 dhnetsdk.cpp:159]Leave CLIENT_InitEx.
[2020-09-16T18:56:01.541 info Netsdk:41296 19085:19107 Manager.cpp:13118]-------------------Log file reset, log number:10-log size:10240------------------
