[2020-09-16T15:46:08.141 info Netsdk:41296 19428:19450 dhnetsdk.cpp:190]Enter CLIENT_SetAutoReconnect:[cbAutoConnect=0x7f01849de240, dwUser=(nil)].
[2020-09-16T15:46:08.141 info Netsdk:41296 19428:19450 dhnetsdk.cpp:192]Leave CLIENT_SetAutoReconnect.
[2020-09-16T15:46:08.141 info Netsdk:41296 19428:19450 dhnetsdk.cpp:210]Enter CLIENT_SetConnectTime:[nWaitTime=5000, nTryTimes=1].
[2020-09-16T15:46:08.141 info Netsdk:41296 19428:19450 dhnetsdk.cpp:223]Leave CLIENT_SetConnectTime.
[2020-09-16T15:46:08.141 info Netsdk:41296 19428:19450 dhnetsdk.cpp:234]Enter CLIENT_SetNetworkParam:[nWaittime=0, nConnectTime=10000, nConnectTryNum=0, nSubConnectSpaceTime=0, nGetDevInfoTime=0, nConnectBufSize=0, nGetConnInfoTime=3000, nSearchRecordTime=0, nsubDisconnetTime=0, byNetType=0, byPlaybackBufSize=0, bDetectDisconnTime=0, bKeepLifeInterval=0, nPicBufSize=0].
[2020-09-16T15:46:08.141 info Netsdk:41296 19428:19450 dhnetsdk.cpp:249]Leave CLIENT_SetNetworkParam.
[2020-09-16T15:46:08.141 info Netsdk:41296 19428:19450 dhnetsdk.cpp:586]Enter CLIENT_LoginEx2. IP:192.168.25.109, port:37777, SpeCap:0, lpDeviceInfo:0x7f01108eb910.
[2020-09-16T15:46:08.142 error Netsdk:41296 19428:19450 TPTCPClient.cpp:423]connect() failed: Operation now in progress
[2020-09-16T15:46:08.404 info Netsdk:41296 19428:19450 dhnetsdk.cpp:622]Leave CLIENT_LoginEx2. error:0, login ID:139642549487648.
[2020-09-16T15:46:08.405 info Netsdk:41296 19428:19450 dhnetsdk.cpp:7400]Enter CLIENT_SetSnapRevCallBack. [OnSnapRevMessage=0x7f01849de278, dwUser=(nil).]
[2020-09-16T15:46:08.405 info Netsdk:41296 19428:19450 dhnetsdk.cpp:7403]Leave CLIENT_SetSnapRevCallBack.
[2020-09-16T15:46:08.406 info Netsdk:41296 19428:19450 dhnetsdk.cpp:7440]Enter CLIENT_SnapPictureEx. [lLoginID=139642549487648, par=0x7f01108ef7e0, reserved=0x7f01108ebb10.]
[2020-09-16T15:46:08.406 info Netsdk:41296 19428:19450 dhnetsdk.cpp:7460]Leave CLIENT_SnapPictureEx. ret:1.
Begin Time:2020-09-16T15:46:08.497
[2020-09-16T15:46:08.497 info Netsdk:41296 21352:21385 dhnetsdk.cpp:190]Enter CLIENT_SetAutoReconnect:[cbAutoConnect=0x7f122b6600f0, dwUser=(nil)].
[2020-09-16T15:46:08.497 info Netsdk:41296 21352:21385 dhnetsdk.cpp:192]Leave CLIENT_SetAutoReconnect.
[2020-09-16T15:46:08.497 info Netsdk:41296 21352:21385 dhnetsdk.cpp:210]Enter CLIENT_SetConnectTime:[nWaitTime=5000, nTryTimes=1].
[2020-09-16T15:46:08.497 info Netsdk:41296 21352:21385 dhnetsdk.cpp:223]Leave CLIENT_SetConnectTime.
[2020-09-16T15:46:08.497 info Netsdk:41296 21352:21385 dhnetsdk.cpp:234]Enter CLIENT_SetNetworkParam:[nWaittime=0, nConnectTime=10000, nConnectTryNum=0, nSubConnectSpaceTime=0, nGetDevInfoTime=0, nConnectBufSize=0, nGetConnInfoTime=3000, nSearchRecordTime=0, nsubDisconnetTime=0, byNetType=0, byPlaybackBufSize=0, bDetectDisconnTime=0, bKeepLifeInterval=0, nPicBufSize=0].
[2020-09-16T15:46:08.497 info Netsdk:41296 21352:21385 dhnetsdk.cpp:249]Leave CLIENT_SetNetworkParam.
[2020-09-16T15:46:08.498 info Netsdk:41296 21352:21385 dhnetsdk.cpp:586]Enter CLIENT_LoginEx2. IP:192.168.25.109, port:37777, SpeCap:0, lpDeviceInfo:0x7f11b48bb6e0.
[2020-09-16T15:46:08.498 error Netsdk:41296 21352:21385 TPTCPClient.cpp:423]connect() failed: Operation now in progress
[2020-09-16T15:46:08.771 info Netsdk:41296 21352:21385 dhnetsdk.cpp:622]Leave CLIENT_LoginEx2. error:0, login ID:139714020230640.
[2020-09-16T15:46:08.771 info Netsdk:41296 21352:21385 dhnetsdk.cpp:7400]Enter CLIENT_SetSnapRevCallBack. [OnSnapRevMessage=0x7f122b660128, dwUser=(nil).]
[2020-09-16T15:46:08.771 info Netsdk:41296 21352:21385 dhnetsdk.cpp:7403]Leave CLIENT_SetSnapRevCallBack.
[2020-09-16T15:46:08.772 info Netsdk:41296 21352:21385 dhnetsdk.cpp:7440]Enter CLIENT_SnapPictureEx. [lLoginID=139714020230640, par=0x7f11b4228020, reserved=0x7f11b44b97b0.]
[2020-09-16T15:46:08.772 info Netsdk:41296 21352:21385 dhnetsdk.cpp:7460]Leave CLIENT_SnapPictureEx. ret:1.
[2020-09-16T15:46:20.459 info Netsdk:41296 19428:19450 dhnetsdk.cpp:815]Enter CLIENT_Logout. lLoginID:139642549487648.
[2020-09-16T15:46:20.469 info Netsdk:41296 19428:19450 dhnetsdk.cpp:837]Leave CLIENT_Logout. ret:1
[2020-09-16T15:46:20.825 info Netsdk:41296 21352:21385 dhnetsdk.cpp:815]Enter CLIENT_Logout. lLoginID:139714020230640.
[2020-09-16T15:46:20.835 info Netsdk:41296 21352:21385 dhnetsdk.cpp:837]Leave CLIENT_Logout. ret:1
[2020-09-16T15:46:30.468 info Netsdk:41296 19428:19450 dhnetsdk.cpp:136]Enter CLIENT_InitEx:[cbDisConnect=0x7f01849de2b0, dwUser=(nil), lpInitParam=(nil)].
[2020-09-16T15:46:30.468 info Netsdk:41296 19428:19450 AVNetSDKMgr.cpp:670]Test avnetsdk module handle: 0x7f011071ba80

[2020-09-16T15:46:30.468 info Netsdk:41296 19428:19450 dhnetsdk.cpp:159]Leave CLIENT_InitEx.
[2020-09-16T15:46:30.468 info Netsdk:41296 19428:19450 Manager.cpp:13118]-------------------Log file reset, log number:10-log size:10240------------------
[2020-09-16T15:46:30.835 info Netsdk:41296 21352:21385 dhnetsdk.cpp:136]Enter CLIENT_InitEx:[cbDisConnect=0x7f122b660160, dwUser=(nil), lpInitParam=(nil)].
[2020-09-16T15:46:30.835 info Netsdk:41296 21352:21385 AVNetSDKMgr.cpp:670]Test avnetsdk module handle: 0x7f11b46eb8c0

[2020-09-16T15:46:30.835 info Netsdk:41296 21352:21385 dhnetsdk.cpp:159]Leave CLIENT_InitEx.
[2020-09-16T15:46:30.836 info Netsdk:41296 21352:21385 Manager.cpp:13118]-------------------Log file reset, log number:10-log size:10240------------------
