[2020-09-27T08:55:03.171 info Netsdk:41296 11157:11181 dhnetsdk.cpp:190]Enter CLIENT_SetAutoReconnect:[cbAutoConnect=0x7f9c8f8df8d0, dwUser=(nil)].
[2020-09-27T08:55:03.171 info Netsdk:41296 11157:11181 dhnetsdk.cpp:192]Leave CLIENT_SetAutoReconnect.
[2020-09-27T08:55:03.171 info Netsdk:41296 11157:11181 dhnetsdk.cpp:210]Enter CLIENT_SetConnectTime:[nWaitTime=5000, nTryTimes=1].
[2020-09-27T08:55:03.171 info Netsdk:41296 11157:11181 dhnetsdk.cpp:223]Leave CLIENT_SetConnectTime.
[2020-09-27T08:55:03.171 info Netsdk:41296 11157:11181 dhnetsdk.cpp:234]Enter CLIENT_SetNetworkParam:[nWaittime=0, nConnectTime=10000, nConnectTryNum=0, nSubConnectSpaceTime=0, nGetDevInfoTime=0, nConnectBufSize=0, nGetConnInfoTime=3000, nSearchRecordTime=0, nsubDisconnetTime=0, byNetType=0, byPlaybackBufSize=0, bDetectDisconnTime=0, bKeepLifeInterval=0, nPicBufSize=0].
[2020-09-27T08:55:03.171 info Netsdk:41296 11157:11181 dhnetsdk.cpp:249]Leave CLIENT_SetNetworkParam.
[2020-09-27T08:55:03.171 info Netsdk:41296 11157:11181 dhnetsdk.cpp:586]Enter CLIENT_LoginEx2. IP:192.168.25.109, port:37777, SpeCap:0, lpDeviceInfo:0x7f9c108c9810.
[2020-09-27T08:55:03.171 error Netsdk:41296 11157:11181 TPTCPClient.cpp:423]connect() failed: Operation now in progress
[2020-09-27T08:55:03.442 info Netsdk:41296 11157:11181 dhnetsdk.cpp:622]Leave CLIENT_LoginEx2. error:0, login ID:140308269279008.
[2020-09-27T08:55:03.442 info Netsdk:41296 11157:11181 dhnetsdk.cpp:7400]Enter CLIENT_SetSnapRevCallBack. [OnSnapRevMessage=0x7f9c8f8df908, dwUser=(nil).]
[2020-09-27T08:55:03.442 info Netsdk:41296 11157:11181 dhnetsdk.cpp:7403]Leave CLIENT_SetSnapRevCallBack.
[2020-09-27T08:55:03.442 info Netsdk:41296 11157:11181 dhnetsdk.cpp:7440]Enter CLIENT_SnapPictureEx. [lLoginID=140308269279008, par=0x7f9c101a3e00, reserved=0x7f9c101a3090.]
[2020-09-27T08:55:03.442 info Netsdk:41296 11157:11181 dhnetsdk.cpp:7460]Leave CLIENT_SnapPictureEx. ret:1.
Begin Time:2020-09-27T08:55:03.652
[2020-09-27T08:55:03.652 info Netsdk:41296 13412:13439 dhnetsdk.cpp:190]Enter CLIENT_SetAutoReconnect:[cbAutoConnect=0x7f0b3f758780, dwUser=(nil)].
[2020-09-27T08:55:03.652 info Netsdk:41296 13412:13439 dhnetsdk.cpp:192]Leave CLIENT_SetAutoReconnect.
[2020-09-27T08:55:03.652 info Netsdk:41296 13412:13439 dhnetsdk.cpp:210]Enter CLIENT_SetConnectTime:[nWaitTime=5000, nTryTimes=1].
[2020-09-27T08:55:03.652 info Netsdk:41296 13412:13439 dhnetsdk.cpp:223]Leave CLIENT_SetConnectTime.
[2020-09-27T08:55:03.653 info Netsdk:41296 13412:13439 dhnetsdk.cpp:234]Enter CLIENT_SetNetworkParam:[nWaittime=0, nConnectTime=10000, nConnectTryNum=0, nSubConnectSpaceTime=0, nGetDevInfoTime=0, nConnectBufSize=0, nGetConnInfoTime=3000, nSearchRecordTime=0, nsubDisconnetTime=0, byNetType=0, byPlaybackBufSize=0, bDetectDisconnTime=0, bKeepLifeInterval=0, nPicBufSize=0].
[2020-09-27T08:55:03.653 info Netsdk:41296 13412:13439 dhnetsdk.cpp:249]Leave CLIENT_SetNetworkParam.
[2020-09-27T08:55:03.653 info Netsdk:41296 13412:13439 dhnetsdk.cpp:586]Enter CLIENT_LoginEx2. IP:192.168.25.109, port:37777, SpeCap:0, lpDeviceInfo:0x7f0ab48d3cd0.
[2020-09-27T08:55:03.653 error Netsdk:41296 13412:13439 TPTCPClient.cpp:423]connect() failed: Operation now in progress
[2020-09-27T08:55:03.964 info Netsdk:41296 13412:13439 dhnetsdk.cpp:622]Leave CLIENT_LoginEx2. error:0, login ID:139683948183504.
[2020-09-27T08:55:03.964 info Netsdk:41296 13412:13439 dhnetsdk.cpp:7400]Enter CLIENT_SetSnapRevCallBack. [OnSnapRevMessage=0x7f0b3f7587b8, dwUser=(nil).]
[2020-09-27T08:55:03.964 info Netsdk:41296 13412:13439 dhnetsdk.cpp:7403]Leave CLIENT_SetSnapRevCallBack.
[2020-09-27T08:55:03.965 info Netsdk:41296 13412:13439 dhnetsdk.cpp:7440]Enter CLIENT_SnapPictureEx. [lLoginID=139683948183504, par=0x7f0ab41cad90, reserved=0x7f0ab48cb580.]
[2020-09-27T08:55:03.965 info Netsdk:41296 13412:13439 dhnetsdk.cpp:7460]Leave CLIENT_SnapPictureEx. ret:1.
[2020-09-27T08:55:15.497 info Netsdk:41296 11157:11181 dhnetsdk.cpp:815]Enter CLIENT_Logout. lLoginID:140308269279008.
[2020-09-27T08:55:15.507 info Netsdk:41296 11157:11181 dhnetsdk.cpp:837]Leave CLIENT_Logout. ret:1
[2020-09-27T08:55:16.019 info Netsdk:41296 13412:13439 dhnetsdk.cpp:815]Enter CLIENT_Logout. lLoginID:139683948183504.
[2020-09-27T08:55:16.029 info Netsdk:41296 13412:13439 dhnetsdk.cpp:837]Leave CLIENT_Logout. ret:1
