[2020-09-16T15:39:57.092 info Netsdk:41296 2452:2474 dhnetsdk.cpp:190]Enter CLIENT_SetAutoReconnect:[cbAutoConnect=0x7ff140478978, dwUser=(nil)].
[2020-09-16T15:39:57.092 info Netsdk:41296 2452:2474 dhnetsdk.cpp:192]Leave CLIENT_SetAutoReconnect.
[2020-09-16T15:39:57.092 info Netsdk:41296 2452:2474 dhnetsdk.cpp:210]Enter CLIENT_SetConnectTime:[nWaitTime=5000, nTryTimes=1].
[2020-09-16T15:39:57.092 info Netsdk:41296 2452:2474 dhnetsdk.cpp:223]Leave CLIENT_SetConnectTime.
[2020-09-16T15:39:57.092 info Netsdk:41296 2452:2474 dhnetsdk.cpp:234]Enter CLIENT_SetNetworkParam:[nWaittime=0, nConnectTime=10000, nConnectTryNum=0, nSubConnectSpaceTime=0, nGetDevInfoTime=0, nConnectBufSize=0, nGetConnInfoTime=3000, nSearchRecordTime=0, nsubDisconnetTime=0, byNetType=0, byPlaybackBufSize=0, bDetectDisconnTime=0, bKeepLifeInterval=0, nPicBufSize=0].
[2020-09-16T15:39:57.092 info Netsdk:41296 2452:2474 dhnetsdk.cpp:249]Leave CLIENT_SetNetworkParam.
[2020-09-16T15:39:57.093 info Netsdk:41296 2452:2474 dhnetsdk.cpp:586]Enter CLIENT_LoginEx2. IP:192.168.25.109, port:37777, SpeCap:0, lpDeviceInfo:0x7ff0c4883b90.
[2020-09-16T15:39:57.093 error Netsdk:41296 2452:2474 TPTCPClient.cpp:423]connect() failed: Operation now in progress
Begin Time:2020-09-16T15:39:57.336
[2020-09-16T15:39:57.336 info Netsdk:41296 4168:4190 dhnetsdk.cpp:190]Enter CLIENT_SetAutoReconnect:[cbAutoConnect=0x7f4d1fe40828, dwUser=(nil)].
[2020-09-16T15:39:57.336 info Netsdk:41296 4168:4190 dhnetsdk.cpp:192]Leave CLIENT_SetAutoReconnect.
[2020-09-16T15:39:57.336 info Netsdk:41296 4168:4190 dhnetsdk.cpp:210]Enter CLIENT_SetConnectTime:[nWaitTime=5000, nTryTimes=1].
[2020-09-16T15:39:57.336 info Netsdk:41296 4168:4190 dhnetsdk.cpp:223]Leave CLIENT_SetConnectTime.
[2020-09-16T15:39:57.337 info Netsdk:41296 4168:4190 dhnetsdk.cpp:234]Enter CLIENT_SetNetworkParam:[nWaittime=0, nConnectTime=10000, nConnectTryNum=0, nSubConnectSpaceTime=0, nGetDevInfoTime=0, nConnectBufSize=0, nGetConnInfoTime=3000, nSearchRecordTime=0, nsubDisconnetTime=0, byNetType=0, byPlaybackBufSize=0, bDetectDisconnTime=0, bKeepLifeInterval=0, nPicBufSize=0].
[2020-09-16T15:39:57.337 info Netsdk:41296 4168:4190 dhnetsdk.cpp:249]Leave CLIENT_SetNetworkParam.
[2020-09-16T15:39:57.337 info Netsdk:41296 4168:4190 dhnetsdk.cpp:586]Enter CLIENT_LoginEx2. IP:192.168.25.109, port:37777, SpeCap:0, lpDeviceInfo:0x7f4c94538d90.
[2020-09-16T15:39:57.337 error Netsdk:41296 4168:4190 TPTCPClient.cpp:423]connect() failed: Operation now in progress
[2020-09-16T15:39:57.393 info Netsdk:41296 2452:2474 dhnetsdk.cpp:622]Leave CLIENT_LoginEx2. error:0, login ID:140672059154624.
[2020-09-16T15:39:57.396 info Netsdk:41296 2452:2474 dhnetsdk.cpp:7400]Enter CLIENT_SetSnapRevCallBack. [OnSnapRevMessage=0x7ff1404789b0, dwUser=(nil).]
[2020-09-16T15:39:57.396 info Netsdk:41296 2452:2474 dhnetsdk.cpp:7403]Leave CLIENT_SetSnapRevCallBack.
[2020-09-16T15:39:57.398 info Netsdk:41296 2452:2474 dhnetsdk.cpp:7440]Enter CLIENT_SnapPictureEx. [lLoginID=140672059154624, par=0x7ff0c40de300, reserved=0x7ff0c40dde90.]
[2020-09-16T15:39:57.399 info Netsdk:41296 2452:2474 dhnetsdk.cpp:7460]Leave CLIENT_SnapPictureEx. ret:1.
[2020-09-16T15:39:57.620 info Netsdk:41296 4168:4190 dhnetsdk.cpp:622]Leave CLIENT_LoginEx2. error:0, login ID:139966877519824.
[2020-09-16T15:39:57.621 info Netsdk:41296 4168:4190 dhnetsdk.cpp:7400]Enter CLIENT_SetSnapRevCallBack. [OnSnapRevMessage=0x7f4d1fe40860, dwUser=(nil).]
[2020-09-16T15:39:57.621 info Netsdk:41296 4168:4190 dhnetsdk.cpp:7403]Leave CLIENT_SetSnapRevCallBack.
[2020-09-16T15:39:57.621 info Netsdk:41296 4168:4190 dhnetsdk.cpp:7440]Enter CLIENT_SnapPictureEx. [lLoginID=139966877519824, par=0x7f4c94041900, reserved=0x7f4c94040bc0.]
[2020-09-16T15:39:57.621 info Netsdk:41296 4168:4190 dhnetsdk.cpp:7460]Leave CLIENT_SnapPictureEx. ret:1.
[2020-09-16T15:40:09.453 info Netsdk:41296 2452:2474 dhnetsdk.cpp:815]Enter CLIENT_Logout. lLoginID:140672059154624.
[2020-09-16T15:40:09.463 info Netsdk:41296 2452:2474 dhnetsdk.cpp:837]Leave CLIENT_Logout. ret:1
[2020-09-16T15:40:09.675 info Netsdk:41296 4168:4190 dhnetsdk.cpp:815]Enter CLIENT_Logout. lLoginID:139966877519824.
[2020-09-16T15:40:09.683 error Netsdk:41296 4168:4289 TPTCPClient.cpp:1255]Receive failed, errno is :0
[2020-09-16T15:40:09.683 error Netsdk:41296 4168:4289 TPTCPClient.cpp:1274]onDisconnect , m_nconnId is :0  m_nEngineId is -1804120656
[2020-09-16T15:40:09.685 info Netsdk:41296 4168:4190 dhnetsdk.cpp:837]Leave CLIENT_Logout. ret:1
[2020-09-16T15:40:19.462 info Netsdk:41296 2452:2474 dhnetsdk.cpp:136]Enter CLIENT_InitEx:[cbDisConnect=0x7ff1404789e8, dwUser=(nil), lpInitParam=(nil)].
[2020-09-16T15:40:19.463 info Netsdk:41296 2452:2474 AVNetSDKMgr.cpp:670]Test avnetsdk module handle: 0x7ff0c46b3be0

[2020-09-16T15:40:19.463 info Netsdk:41296 2452:2474 dhnetsdk.cpp:159]Leave CLIENT_InitEx.
[2020-09-16T15:40:19.463 info Netsdk:41296 2452:2474 Manager.cpp:13118]-------------------Log file reset, log number:10-log size:10240------------------
[2020-09-16T15:40:19.685 info Netsdk:41296 4168:4190 dhnetsdk.cpp:136]Enter CLIENT_InitEx:[cbDisConnect=0x7f4d1fe40898, dwUser=(nil), lpInitParam=(nil)].
[2020-09-16T15:40:19.685 info Netsdk:41296 4168:4190 AVNetSDKMgr.cpp:670]Test avnetsdk module handle: 0x7f4c9479bdf0

[2020-09-16T15:40:19.685 info Netsdk:41296 4168:4190 dhnetsdk.cpp:159]Leave CLIENT_InitEx.
[2020-09-16T15:40:19.686 info Netsdk:41296 4168:4190 Manager.cpp:13118]-------------------Log file reset, log number:10-log size:10240------------------
