[2020-09-16T15:48:02.277 info Netsdk:41296 18693:18715 dhnetsdk.cpp:190]Enter CLIENT_SetAutoReconnect:[cbAutoConnect=0x7fdfba424630, dwUser=(nil)].
[2020-09-16T15:48:02.277 info Netsdk:41296 18693:18715 dhnetsdk.cpp:192]Leave CLIENT_SetAutoReconnect.
[2020-09-16T15:48:02.277 info Netsdk:41296 18693:18715 dhnetsdk.cpp:210]Enter CLIENT_SetConnectTime:[nWaitTime=5000, nTryTimes=1].
[2020-09-16T15:48:02.277 info Netsdk:41296 18693:18715 dhnetsdk.cpp:223]Leave CLIENT_SetConnectTime.
[2020-09-16T15:48:02.277 info Netsdk:41296 18693:18715 dhnetsdk.cpp:234]Enter CLIENT_SetNetworkParam:[nWaittime=0, nConnectTime=10000, nConnectTryNum=0, nSubConnectSpaceTime=0, nGetDevInfoTime=0, nConnectBufSize=0, nGetConnInfoTime=3000, nSearchRecordTime=0, nsubDisconnetTime=0, byNetType=0, byPlaybackBufSize=0, bDetectDisconnTime=0, bKeepLifeInterval=0, nPicBufSize=0].
[2020-09-16T15:48:02.277 info Netsdk:41296 18693:18715 dhnetsdk.cpp:249]Leave CLIENT_SetNetworkParam.
[2020-09-16T15:48:02.277 info Netsdk:41296 18693:18715 dhnetsdk.cpp:586]Enter CLIENT_LoginEx2. IP:192.168.25.109, port:37777, SpeCap:0, lpDeviceInfo:0x7fdf2064fc00.
[2020-09-16T15:48:02.277 error Netsdk:41296 18693:18715 TPTCPClient.cpp:423]connect() failed: Operation now in progress
Begin Time:2020-09-16T15:48:02.541
[2020-09-16T15:48:02.541 info Netsdk:41296 20398:20420 dhnetsdk.cpp:190]Enter CLIENT_SetAutoReconnect:[cbAutoConnect=0x7facaef684e0, dwUser=(nil)].
[2020-09-16T15:48:02.541 info Netsdk:41296 20398:20420 dhnetsdk.cpp:192]Leave CLIENT_SetAutoReconnect.
[2020-09-16T15:48:02.541 info Netsdk:41296 20398:20420 dhnetsdk.cpp:210]Enter CLIENT_SetConnectTime:[nWaitTime=5000, nTryTimes=1].
[2020-09-16T15:48:02.541 info Netsdk:41296 20398:20420 dhnetsdk.cpp:223]Leave CLIENT_SetConnectTime.
[2020-09-16T15:48:02.541 info Netsdk:41296 20398:20420 dhnetsdk.cpp:234]Enter CLIENT_SetNetworkParam:[nWaittime=0, nConnectTime=10000, nConnectTryNum=0, nSubConnectSpaceTime=0, nGetDevInfoTime=0, nConnectBufSize=0, nGetConnInfoTime=3000, nSearchRecordTime=0, nsubDisconnetTime=0, byNetType=0, byPlaybackBufSize=0, bDetectDisconnTime=0, bKeepLifeInterval=0, nPicBufSize=0].
[2020-09-16T15:48:02.541 info Netsdk:41296 20398:20420 dhnetsdk.cpp:249]Leave CLIENT_SetNetworkParam.
[2020-09-16T15:48:02.541 info Netsdk:41296 20398:20420 dhnetsdk.cpp:586]Enter CLIENT_LoginEx2. IP:192.168.25.109, port:37777, SpeCap:0, lpDeviceInfo:0x7fac388f36a0.
[2020-09-16T15:48:02.541 error Netsdk:41296 20398:20420 TPTCPClient.cpp:423]connect() failed: Operation now in progress
[2020-09-16T15:48:02.551 info Netsdk:41296 18693:18715 dhnetsdk.cpp:622]Leave CLIENT_LoginEx2. error:0, login ID:140596292896096.
[2020-09-16T15:48:02.551 info Netsdk:41296 18693:18715 dhnetsdk.cpp:7400]Enter CLIENT_SetSnapRevCallBack. [OnSnapRevMessage=0x7fdfba424668, dwUser=(nil).]
[2020-09-16T15:48:02.551 info Netsdk:41296 18693:18715 dhnetsdk.cpp:7403]Leave CLIENT_SetSnapRevCallBack.
[2020-09-16T15:48:02.551 info Netsdk:41296 18693:18715 dhnetsdk.cpp:7440]Enter CLIENT_SnapPictureEx. [lLoginID=140596292896096, par=0x7fdf2029df00, reserved=0x7fdf20180440.]
[2020-09-16T15:48:02.551 info Netsdk:41296 18693:18715 dhnetsdk.cpp:7460]Leave CLIENT_SnapPictureEx. ret:1.
[2020-09-16T15:48:02.804 info Netsdk:41296 20398:20420 dhnetsdk.cpp:622]Leave CLIENT_LoginEx2. error:0, login ID:140377660016048.
[2020-09-16T15:48:02.805 info Netsdk:41296 20398:20420 dhnetsdk.cpp:7400]Enter CLIENT_SetSnapRevCallBack. [OnSnapRevMessage=0x7facaef68518, dwUser=(nil).]
[2020-09-16T15:48:02.805 info Netsdk:41296 20398:20420 dhnetsdk.cpp:7403]Leave CLIENT_SetSnapRevCallBack.
[2020-09-16T15:48:02.805 info Netsdk:41296 20398:20420 dhnetsdk.cpp:7440]Enter CLIENT_SnapPictureEx. [lLoginID=140377660016048, par=0x7fac380161e0, reserved=0x7fac388f7610.]
[2020-09-16T15:48:02.805 info Netsdk:41296 20398:20420 dhnetsdk.cpp:7460]Leave CLIENT_SnapPictureEx. ret:1.
