[2020-09-16T17:15:44.077 info Netsdk:41296 19496:19519 dhnetsdk.cpp:190]Enter CLIENT_SetAutoReconnect:[cbAutoConnect=0x7f48953d3198, dwUser=(nil)].
[2020-09-16T17:15:44.077 info Netsdk:41296 19496:19519 dhnetsdk.cpp:192]Leave CLIENT_SetAutoReconnect.
[2020-09-16T17:15:44.077 info Netsdk:41296 19496:19519 dhnetsdk.cpp:210]Enter CLIENT_SetConnectTime:[nWaitTime=5000, nTryTimes=1].
[2020-09-16T17:15:44.077 info Netsdk:41296 19496:19519 dhnetsdk.cpp:223]Leave CLIENT_SetConnectTime.
[2020-09-16T17:15:44.077 info Netsdk:41296 19496:19519 dhnetsdk.cpp:234]Enter CLIENT_SetNetworkParam:[nWaittime=0, nConnectTime=10000, nConnectTryNum=0, nSubConnectSpaceTime=0, nGetDevInfoTime=0, nConnectBufSize=0, nGetConnInfoTime=3000, nSearchRecordTime=0, nsubDisconnetTime=0, byNetType=0, byPlaybackBufSize=0, bDetectDisconnTime=0, bKeepLifeInterval=0, nPicBufSize=0].
[2020-09-16T17:15:44.077 info Netsdk:41296 19496:19519 dhnetsdk.cpp:249]Leave CLIENT_SetNetworkParam.
[2020-09-16T17:15:44.077 info Netsdk:41296 19496:19519 dhnetsdk.cpp:586]Enter CLIENT_LoginEx2. IP:192.168.25.109, port:37777, SpeCap:0, lpDeviceInfo:0x7f48208abf90.
[2020-09-16T17:15:44.077 error Netsdk:41296 19496:19519 TPTCPClient.cpp:423]connect() failed: Operation now in progress
[2020-09-16T17:15:44.362 info Netsdk:41296 19496:19519 dhnetsdk.cpp:622]Leave CLIENT_LoginEx2. error:0, login ID:139947751652400.
[2020-09-16T17:15:44.363 info Netsdk:41296 19496:19519 dhnetsdk.cpp:7400]Enter CLIENT_SetSnapRevCallBack. [OnSnapRevMessage=0x7f48953d31d0, dwUser=(nil).]
[2020-09-16T17:15:44.363 info Netsdk:41296 19496:19519 dhnetsdk.cpp:7403]Leave CLIENT_SetSnapRevCallBack.
[2020-09-16T17:15:44.363 info Netsdk:41296 19496:19519 dhnetsdk.cpp:7440]Enter CLIENT_SnapPictureEx. [lLoginID=139947751652400, par=0x7f482089c340, reserved=0x7f48208b08b0.]
[2020-09-16T17:15:44.363 info Netsdk:41296 19496:19519 dhnetsdk.cpp:7460]Leave CLIENT_SnapPictureEx. ret:1.
Begin Time:2020-09-16T17:15:44.557
[2020-09-16T17:15:44.558 info Netsdk:41296 19294:19316 dhnetsdk.cpp:190]Enter CLIENT_SetAutoReconnect:[cbAutoConnect=0x7f27e0cf70f0, dwUser=(nil)].
[2020-09-16T17:15:44.558 info Netsdk:41296 19294:19316 dhnetsdk.cpp:192]Leave CLIENT_SetAutoReconnect.
[2020-09-16T17:15:44.558 info Netsdk:41296 19294:19316 dhnetsdk.cpp:210]Enter CLIENT_SetConnectTime:[nWaitTime=5000, nTryTimes=1].
[2020-09-16T17:15:44.558 info Netsdk:41296 19294:19316 dhnetsdk.cpp:223]Leave CLIENT_SetConnectTime.
[2020-09-16T17:15:44.558 info Netsdk:41296 19294:19316 dhnetsdk.cpp:234]Enter CLIENT_SetNetworkParam:[nWaittime=0, nConnectTime=10000, nConnectTryNum=0, nSubConnectSpaceTime=0, nGetDevInfoTime=0, nConnectBufSize=0, nGetConnInfoTime=3000, nSearchRecordTime=0, nsubDisconnetTime=0, byNetType=0, byPlaybackBufSize=0, bDetectDisconnTime=0, bKeepLifeInterval=0, nPicBufSize=0].
[2020-09-16T17:15:44.558 info Netsdk:41296 19294:19316 dhnetsdk.cpp:249]Leave CLIENT_SetNetworkParam.
[2020-09-16T17:15:44.558 info Netsdk:41296 19294:19316 dhnetsdk.cpp:586]Enter CLIENT_LoginEx2. IP:192.168.25.109, port:37777, SpeCap:0, lpDeviceInfo:0x7f27508d3960.
[2020-09-16T17:15:44.558 error Netsdk:41296 19294:19316 TPTCPClient.cpp:423]connect() failed: Operation now in progress
[2020-09-16T17:15:44.831 info Netsdk:41296 19294:19316 dhnetsdk.cpp:622]Leave CLIENT_LoginEx2. error:0, login ID:139806831888496.
[2020-09-16T17:15:44.832 info Netsdk:41296 19294:19316 dhnetsdk.cpp:7400]Enter CLIENT_SetSnapRevCallBack. [OnSnapRevMessage=0x7f27e0cf7128, dwUser=(nil).]
[2020-09-16T17:15:44.832 info Netsdk:41296 19294:19316 dhnetsdk.cpp:7403]Leave CLIENT_SetSnapRevCallBack.
[2020-09-16T17:15:44.832 info Netsdk:41296 19294:19316 dhnetsdk.cpp:7440]Enter CLIENT_SnapPictureEx. [lLoginID=139806831888496, par=0x7f2750290600, reserved=0x7f27508d3920.]
[2020-09-16T17:15:44.832 info Netsdk:41296 19294:19316 dhnetsdk.cpp:7460]Leave CLIENT_SnapPictureEx. ret:1.
[2020-09-16T17:17:04.613 info Netsdk:41296 19294:19316 dhnetsdk.cpp:815]Enter CLIENT_Logout. lLoginID:139806831888496.
[2020-09-16T17:17:04.623 info Netsdk:41296 19294:19316 dhnetsdk.cpp:837]Leave CLIENT_Logout. ret:1
[2020-09-16T17:17:14.623 info Netsdk:41296 19294:19316 dhnetsdk.cpp:136]Enter CLIENT_InitEx:[cbDisConnect=0x7f27e0cf7160, dwUser=(nil), lpInitParam=(nil)].
[2020-09-16T17:17:14.624 info Netsdk:41296 19294:19316 AVNetSDKMgr.cpp:670]Test avnetsdk module handle: 0x7f2750703a10

[2020-09-16T17:17:14.624 info Netsdk:41296 19294:19316 dhnetsdk.cpp:159]Leave CLIENT_InitEx.
[2020-09-16T17:17:14.624 info Netsdk:41296 19294:19316 Manager.cpp:13118]-------------------Log file reset, log number:10-log size:10240------------------
[2020-09-16T18:00:23.918 info Netsdk:41296 19496:19519 dhnetsdk.cpp:815]Enter CLIENT_Logout. lLoginID:139947751652400.
[2020-09-16T18:00:23.929 info Netsdk:41296 19496:19519 dhnetsdk.cpp:837]Leave CLIENT_Logout. ret:1
[2020-09-16T18:00:33.928 info Netsdk:41296 19496:19519 dhnetsdk.cpp:136]Enter CLIENT_InitEx:[cbDisConnect=0x7f48953d3010, dwUser=(nil), lpInitParam=(nil)].
[2020-09-16T18:00:33.928 info Netsdk:41296 19496:19519 AVNetSDKMgr.cpp:670]Test avnetsdk module handle: 0x7f48206dc0a0

[2020-09-16T18:00:33.928 info Netsdk:41296 19496:19519 dhnetsdk.cpp:159]Leave CLIENT_InitEx.
[2020-09-16T18:00:33.928 info Netsdk:41296 19496:19519 Manager.cpp:13118]-------------------Log file reset, log number:10-log size:10240------------------
