[2020-09-17T11:00:34.416 info Netsdk:41296 19294:19316 dhnetsdk.cpp:190]Enter CLIENT_SetAutoReconnect:[cbAutoConnect=0x7f27e0cf7198, dwUser=(nil)].
[2020-09-17T11:00:34.416 info Netsdk:41296 19294:19316 dhnetsdk.cpp:192]Leave CLIENT_SetAutoReconnect.
[2020-09-17T11:00:34.416 info Netsdk:41296 19294:19316 dhnetsdk.cpp:210]Enter CLIENT_SetConnectTime:[nWaitTime=5000, nTryTimes=1].
[2020-09-17T11:00:34.416 info Netsdk:41296 19294:19316 dhnetsdk.cpp:223]Leave CLIENT_SetConnectTime.
[2020-09-17T11:00:34.416 info Netsdk:41296 19294:19316 dhnetsdk.cpp:234]Enter CLIENT_SetNetworkParam:[nWaittime=0, nConnectTime=10000, nConnectTryNum=0, nSubConnectSpaceTime=0, nGetDevInfoTime=0, nConnectBufSize=0, nGetConnInfoTime=3000, nSearchRecordTime=0, nsubDisconnetTime=0, byNetType=0, byPlaybackBufSize=0, bDetectDisconnTime=0, bKeepLifeInterval=0, nPicBufSize=0].
[2020-09-17T11:00:34.416 info Netsdk:41296 19294:19316 dhnetsdk.cpp:249]Leave CLIENT_SetNetworkParam.
[2020-09-17T11:00:34.416 info Netsdk:41296 19294:19316 dhnetsdk.cpp:586]Enter CLIENT_LoginEx2. IP:192.168.25.109, port:37777, SpeCap:0, lpDeviceInfo:0x7f27508d3960.
[2020-09-17T11:00:34.416 error Netsdk:41296 19294:19316 TPTCPClient.cpp:423]connect() failed: Operation now in progress
[2020-09-17T11:00:34.706 info Netsdk:41296 19294:19316 dhnetsdk.cpp:622]Leave CLIENT_LoginEx2. error:0, login ID:139806825575824.
[2020-09-17T11:00:34.706 info Netsdk:41296 19294:19316 dhnetsdk.cpp:7400]Enter CLIENT_SetSnapRevCallBack. [OnSnapRevMessage=0x7f27e0cf71d0, dwUser=(nil).]
[2020-09-17T11:00:34.706 info Netsdk:41296 19294:19316 dhnetsdk.cpp:7403]Leave CLIENT_SetSnapRevCallBack.
[2020-09-17T11:00:34.706 info Netsdk:41296 19294:19316 dhnetsdk.cpp:7440]Enter CLIENT_SnapPictureEx. [lLoginID=139806825575824, par=0x7f27502d2f40, reserved=0x7f275013cf60.]
[2020-09-17T11:00:34.706 info Netsdk:41296 19294:19316 dhnetsdk.cpp:7460]Leave CLIENT_SnapPictureEx. ret:1.
[2020-09-17T11:01:40.928 info Netsdk:41296 19294:19316 dhnetsdk.cpp:815]Enter CLIENT_Logout. lLoginID:139806825575824.
[2020-09-17T11:01:40.932 error Netsdk:41296 19294:19420 TPTCPClient.cpp:1255]Receive failed, errno is :2
[2020-09-17T11:01:40.932 error Netsdk:41296 19294:19420 TPTCPClient.cpp:1274]onDisconnect , m_nconnId is :0  m_nEngineId is 1349372368
[2020-09-17T11:01:40.939 info Netsdk:41296 19294:19316 dhnetsdk.cpp:837]Leave CLIENT_Logout. ret:1
[2020-09-17T11:01:50.938 info Netsdk:41296 19294:19316 dhnetsdk.cpp:136]Enter CLIENT_InitEx:[cbDisConnect=0x7f27e0cf7010, dwUser=(nil), lpInitParam=(nil)].
[2020-09-17T11:01:50.938 info Netsdk:41296 19294:19316 AVNetSDKMgr.cpp:670]Test avnetsdk module handle: 0x7f2750703a10

[2020-09-17T11:01:50.938 info Netsdk:41296 19294:19316 dhnetsdk.cpp:159]Leave CLIENT_InitEx.
[2020-09-17T11:01:50.938 info Netsdk:41296 19294:19316 Manager.cpp:13118]-------------------Log file reset, log number:10-log size:10240------------------
