[2020-09-27T08:50:33.543 info Netsdk:41296 12156:12183 AVNetSDKMgr.cpp:367]Load avnetsdk library dynamically
[2020-09-27T08:50:33.543 info Netsdk:41296 12156:12183 AVNetSDKMgr.cpp:391]avnetsdk module handle: 0x7fa81471bfb0

[2020-09-27T08:50:33.543 info Netsdk:41296 12156:12183 AVNetSDKMgr.cpp:717]Load configsdk dynamically
[2020-09-27T08:50:33.575 info Netsdk:41296 12156:12183 dhnetsdk.cpp:190]Enter CLIENT_SetAutoReconnect:[cbAutoConnect=0x7fa8a3e62048, dwUser=(nil)].
[2020-09-27T08:50:33.575 info Netsdk:41296 12156:12183 dhnetsdk.cpp:192]Leave CLIENT_SetAutoReconnect.
[2020-09-27T08:50:33.575 info Netsdk:41296 12156:12183 dhnetsdk.cpp:210]Enter CLIENT_SetConnectTime:[nWaitTime=5000, nTryTimes=1].
[2020-09-27T08:50:33.575 info Netsdk:41296 12156:12183 dhnetsdk.cpp:223]Leave CLIENT_SetConnectTime.
[2020-09-27T08:50:33.576 info Netsdk:41296 12156:12183 dhnetsdk.cpp:234]Enter CLIENT_SetNetworkParam:[nWaittime=0, nConnectTime=10000, nConnectTryNum=0, nSubConnectSpaceTime=0, nGetDevInfoTime=0, nConnectBufSize=0, nGetConnInfoTime=3000, nSearchRecordTime=0, nsubDisconnetTime=0, byNetType=0, byPlaybackBufSize=0, bDetectDisconnTime=0, bKeepLifeInterval=0, nPicBufSize=0].
[2020-09-27T08:50:33.576 info Netsdk:41296 12156:12183 dhnetsdk.cpp:249]Leave CLIENT_SetNetworkParam.
[2020-09-27T08:50:33.577 info Netsdk:41296 12156:12183 dhnetsdk.cpp:586]Enter CLIENT_LoginEx2. IP:192.168.25.109, port:37777, SpeCap:0, lpDeviceInfo:0x7fa8148ebf50.
[2020-09-27T08:50:33.577 error Netsdk:41296 12156:12183 TPTCPClient.cpp:423]connect() failed: Operation now in progress
Begin Time:2020-09-27T08:50:33.715
[2020-09-27T08:50:33.715 info Netsdk:41296 5446:5468 dhnetsdk.cpp:190]Enter CLIENT_SetAutoReconnect:[cbAutoConnect=0x7fcd195a44e0, dwUser=(nil)].
[2020-09-27T08:50:33.715 info Netsdk:41296 5446:5468 dhnetsdk.cpp:192]Leave CLIENT_SetAutoReconnect.
[2020-09-27T08:50:33.715 info Netsdk:41296 5446:5468 dhnetsdk.cpp:210]Enter CLIENT_SetConnectTime:[nWaitTime=5000, nTryTimes=1].
[2020-09-27T08:50:33.715 info Netsdk:41296 5446:5468 dhnetsdk.cpp:223]Leave CLIENT_SetConnectTime.
[2020-09-27T08:50:33.715 info Netsdk:41296 5446:5468 dhnetsdk.cpp:234]Enter CLIENT_SetNetworkParam:[nWaittime=0, nConnectTime=10000, nConnectTryNum=0, nSubConnectSpaceTime=0, nGetDevInfoTime=0, nConnectBufSize=0, nGetConnInfoTime=3000, nSearchRecordTime=0, nsubDisconnetTime=0, byNetType=0, byPlaybackBufSize=0, bDetectDisconnTime=0, bKeepLifeInterval=0, nPicBufSize=0].
[2020-09-27T08:50:33.715 info Netsdk:41296 5446:5468 dhnetsdk.cpp:249]Leave CLIENT_SetNetworkParam.
[2020-09-27T08:50:33.715 info Netsdk:41296 5446:5468 dhnetsdk.cpp:586]Enter CLIENT_LoginEx2. IP:192.168.25.109, port:37777, SpeCap:0, lpDeviceInfo:0x7fcc888bb910.
[2020-09-27T08:50:33.715 error Netsdk:41296 5446:5468 TPTCPClient.cpp:423]connect() failed: Operation now in progress
[2020-09-27T08:50:33.884 info Netsdk:41296 12156:12183 dhnetsdk.cpp:622]Leave CLIENT_LoginEx2. error:0, login ID:140359876136544.
[2020-09-27T08:50:33.885 info Netsdk:41296 12156:12183 dhnetsdk.cpp:7400]Enter CLIENT_SetSnapRevCallBack. [OnSnapRevMessage=0x7fa8a3e62080, dwUser=(nil).]
[2020-09-27T08:50:33.885 info Netsdk:41296 12156:12183 dhnetsdk.cpp:7403]Leave CLIENT_SetSnapRevCallBack.
[2020-09-27T08:50:33.886 info Netsdk:41296 12156:12183 dhnetsdk.cpp:7440]Enter CLIENT_SnapPictureEx. [lLoginID=140359876136544, par=0x7fa8148ecd20, reserved=0x7fa8148ec0c0.]
[2020-09-27T08:50:33.886 info Netsdk:41296 12156:12183 dhnetsdk.cpp:7460]Leave CLIENT_SnapPictureEx. ret:1.
[2020-09-27T08:50:34.036 info Netsdk:41296 5446:5468 dhnetsdk.cpp:622]Leave CLIENT_LoginEx2. error:0, login ID:140516433934256.
[2020-09-27T08:50:34.036 info Netsdk:41296 5446:5468 dhnetsdk.cpp:7400]Enter CLIENT_SetSnapRevCallBack. [OnSnapRevMessage=0x7fcd195a4518, dwUser=(nil).]
[2020-09-27T08:50:34.036 info Netsdk:41296 5446:5468 dhnetsdk.cpp:7403]Leave CLIENT_SetSnapRevCallBack.
[2020-09-27T08:50:34.036 info Netsdk:41296 5446:5468 dhnetsdk.cpp:7440]Enter CLIENT_SnapPictureEx. [lLoginID=140516433934256, par=0x7fcc8800cda0, reserved=0x7fcc888be9f0.]
[2020-09-27T08:50:34.036 info Netsdk:41296 5446:5468 dhnetsdk.cpp:7460]Leave CLIENT_SnapPictureEx. ret:1.
[2020-09-27T08:50:44.939 info Netsdk:41296 12156:12183 dhnetsdk.cpp:815]Enter CLIENT_Logout. lLoginID:140359876136544.
[2020-09-27T08:50:44.949 info Netsdk:41296 12156:12183 dhnetsdk.cpp:837]Leave CLIENT_Logout. ret:1
[2020-09-27T08:50:46.090 info Netsdk:41296 5446:5468 dhnetsdk.cpp:815]Enter CLIENT_Logout. lLoginID:140516433934256.
[2020-09-27T08:50:46.100 info Netsdk:41296 5446:5468 dhnetsdk.cpp:837]Leave CLIENT_Logout. ret:1
[2020-09-27T08:50:54.949 info Netsdk:41296 12156:12183 dhnetsdk.cpp:136]Enter CLIENT_InitEx:[cbDisConnect=0x7fa8a3e620b8, dwUser=(nil), lpInitParam=(nil)].
[2020-09-27T08:50:54.949 info Netsdk:41296 12156:12183 AVNetSDKMgr.cpp:670]Test avnetsdk module handle: 0x7fa81471bfb0

[2020-09-27T08:50:54.949 info Netsdk:41296 12156:12183 dhnetsdk.cpp:159]Leave CLIENT_InitEx.
[2020-09-27T08:50:54.949 info Netsdk:41296 12156:12183 Manager.cpp:13118]-------------------Log file reset, log number:10-log size:10240------------------
[2020-09-27T08:50:56.098 info Netsdk:41296 5446:5468 dhnetsdk.cpp:136]Enter CLIENT_InitEx:[cbDisConnect=0x7fcd195a4550, dwUser=(nil), lpInitParam=(nil)].
[2020-09-27T08:50:56.098 info Netsdk:41296 5446:5468 AVNetSDKMgr.cpp:670]Test avnetsdk module handle: 0x7fcc886eba20

[2020-09-27T08:50:56.098 info Netsdk:41296 5446:5468 dhnetsdk.cpp:159]Leave CLIENT_InitEx.
[2020-09-27T08:50:56.098 info Netsdk:41296 5446:5468 Manager.cpp:13118]-------------------Log file reset, log number:10-log size:10240------------------
