[2020-09-27T18:24:47.315 info Netsdk:41296 24269:24291 dhnetsdk.cpp:190]Enter CLIENT_SetAutoReconnect:[cbAutoConnect=0x7f673f8630f0, dwUser=(nil)].
[2020-09-27T18:24:47.315 info Netsdk:41296 24269:24291 dhnetsdk.cpp:192]Leave CLIENT_SetAutoReconnect.
[2020-09-27T18:24:47.315 info Netsdk:41296 24269:24291 dhnetsdk.cpp:210]Enter CLIENT_SetConnectTime:[nWaitTime=5000, nTryTimes=1].
[2020-09-27T18:24:47.315 info Netsdk:41296 24269:24291 dhnetsdk.cpp:223]Leave CLIENT_SetConnectTime.
[2020-09-27T18:24:47.315 info Netsdk:41296 24269:24291 dhnetsdk.cpp:234]Enter CLIENT_SetNetworkParam:[nWaittime=0, nConnectTime=10000, nConnectTryNum=0, nSubConnectSpaceTime=0, nGetDevInfoTime=0, nConnectBufSize=0, nGetConnInfoTime=3000, nSearchRecordTime=0, nsubDisconnetTime=0, byNetType=0, byPlaybackBufSize=0, bDetectDisconnTime=0, bKeepLifeInterval=0, nPicBufSize=0].
[2020-09-27T18:24:47.315 info Netsdk:41296 24269:24291 dhnetsdk.cpp:249]Leave CLIENT_SetNetworkParam.
[2020-09-27T18:24:47.315 info Netsdk:41296 24269:24291 dhnetsdk.cpp:586]Enter CLIENT_LoginEx2. IP:192.168.25.109, port:37777, SpeCap:0, lpDeviceInfo:0x7f66b08d3d50.
[2020-09-27T18:24:47.315 error Netsdk:41296 24269:24291 TPTCPClient.cpp:423]connect() failed: Operation now in progress
[2020-09-27T18:24:47.589 info Netsdk:41296 24269:24291 dhnetsdk.cpp:622]Leave CLIENT_LoginEx2. error:0, login ID:140079018336304.
[2020-09-27T18:24:47.590 info Netsdk:41296 24269:24291 dhnetsdk.cpp:7400]Enter CLIENT_SetSnapRevCallBack. [OnSnapRevMessage=0x7f673f863128, dwUser=(nil).]
[2020-09-27T18:24:47.590 info Netsdk:41296 24269:24291 dhnetsdk.cpp:7403]Leave CLIENT_SetSnapRevCallBack.
[2020-09-27T18:24:47.590 info Netsdk:41296 24269:24291 dhnetsdk.cpp:7440]Enter CLIENT_SnapPictureEx. [lLoginID=140079018336304, par=0x7f66b04ca100, reserved=0x7f66b08d5980.]
[2020-09-27T18:24:47.590 info Netsdk:41296 24269:24291 dhnetsdk.cpp:7460]Leave CLIENT_SnapPictureEx. ret:1.
[2020-09-27T18:44:09.951 info Netsdk:41296 24269:24291 dhnetsdk.cpp:815]Enter CLIENT_Logout. lLoginID:140079018336304.
[2020-09-27T18:44:09.959 error Netsdk:41296 24269:24378 TPTCPClient.cpp:1255]Receive failed, errno is :2
[2020-09-27T18:44:09.959 error Netsdk:41296 24269:24378 TPTCPClient.cpp:1274]onDisconnect , m_nconnId is :0  m_nEngineId is -1334979328
[2020-09-27T18:44:09.961 info Netsdk:41296 24269:24291 dhnetsdk.cpp:837]Leave CLIENT_Logout. ret:1
[2020-09-27T18:44:19.958 info Netsdk:41296 24269:24291 dhnetsdk.cpp:136]Enter CLIENT_InitEx:[cbDisConnect=0x7f673f863160, dwUser=(nil), lpInitParam=(nil)].
[2020-09-27T18:44:19.958 info Netsdk:41296 24269:24291 AVNetSDKMgr.cpp:670]Test avnetsdk module handle: 0x7f66b0703e10

[2020-09-27T18:44:19.958 info Netsdk:41296 24269:24291 dhnetsdk.cpp:159]Leave CLIENT_InitEx.
[2020-09-27T18:44:19.958 info Netsdk:41296 24269:24291 Manager.cpp:13118]-------------------Log file reset, log number:10-log size:10240------------------
