[2020-09-16T15:40:29.424 info Netsdk:41296 2823:2845 dhnetsdk.cpp:190]Enter CLIENT_SetAutoReconnect:[cbAutoConnect=0x7fcda62bfa20, dwUser=(nil)].
[2020-09-16T15:40:29.424 info Netsdk:41296 2823:2845 dhnetsdk.cpp:192]Leave CLIENT_SetAutoReconnect.
[2020-09-16T15:40:29.424 info Netsdk:41296 2823:2845 dhnetsdk.cpp:210]Enter CLIENT_SetConnectTime:[nWaitTime=5000, nTryTimes=1].
[2020-09-16T15:40:29.424 info Netsdk:41296 2823:2845 dhnetsdk.cpp:223]Leave CLIENT_SetConnectTime.
[2020-09-16T15:40:29.425 info Netsdk:41296 2823:2845 dhnetsdk.cpp:234]Enter CLIENT_SetNetworkParam:[nWaittime=0, nConnectTime=10000, nConnectTryNum=0, nSubConnectSpaceTime=0, nGetDevInfoTime=0, nConnectBufSize=0, nGetConnInfoTime=3000, nSearchRecordTime=0, nsubDisconnetTime=0, byNetType=0, byPlaybackBufSize=0, bDetectDisconnTime=0, bKeepLifeInterval=0, nPicBufSize=0].
[2020-09-16T15:40:29.425 info Netsdk:41296 2823:2845 dhnetsdk.cpp:249]Leave CLIENT_SetNetworkParam.
[2020-09-16T15:40:29.425 info Netsdk:41296 2823:2845 dhnetsdk.cpp:586]Enter CLIENT_LoginEx2. IP:192.168.25.109, port:37777, SpeCap:0, lpDeviceInfo:0x7fcd308db6d0.
[2020-09-16T15:40:29.425 error Netsdk:41296 2823:2845 TPTCPClient.cpp:423]connect() failed: Operation now in progress
Begin Time:2020-09-16T15:40:29.651
[2020-09-16T15:40:29.651 info Netsdk:41296 4588:4610 dhnetsdk.cpp:190]Enter CLIENT_SetAutoReconnect:[cbAutoConnect=0x7f79156da8d0, dwUser=(nil)].
[2020-09-16T15:40:29.651 info Netsdk:41296 4588:4610 dhnetsdk.cpp:192]Leave CLIENT_SetAutoReconnect.
[2020-09-16T15:40:29.651 info Netsdk:41296 4588:4610 dhnetsdk.cpp:210]Enter CLIENT_SetConnectTime:[nWaitTime=5000, nTryTimes=1].
[2020-09-16T15:40:29.651 info Netsdk:41296 4588:4610 dhnetsdk.cpp:223]Leave CLIENT_SetConnectTime.
[2020-09-16T15:40:29.651 info Netsdk:41296 4588:4610 dhnetsdk.cpp:234]Enter CLIENT_SetNetworkParam:[nWaittime=0, nConnectTime=10000, nConnectTryNum=0, nSubConnectSpaceTime=0, nGetDevInfoTime=0, nConnectBufSize=0, nGetConnInfoTime=3000, nSearchRecordTime=0, nsubDisconnetTime=0, byNetType=0, byPlaybackBufSize=0, bDetectDisconnTime=0, bKeepLifeInterval=0, nPicBufSize=0].
[2020-09-16T15:40:29.651 info Netsdk:41296 4588:4610 dhnetsdk.cpp:249]Leave CLIENT_SetNetworkParam.
[2020-09-16T15:40:29.651 info Netsdk:41296 4588:4610 dhnetsdk.cpp:586]Enter CLIENT_LoginEx2. IP:192.168.25.109, port:37777, SpeCap:0, lpDeviceInfo:0x7f78a08c3c60.
[2020-09-16T15:40:29.651 error Netsdk:41296 4588:4610 TPTCPClient.cpp:423]connect() failed: Operation now in progress
[2020-09-16T15:40:29.680 info Netsdk:41296 2823:2845 dhnetsdk.cpp:622]Leave CLIENT_LoginEx2. error:0, login ID:140519259620832.
[2020-09-16T15:40:29.680 info Netsdk:41296 2823:2845 dhnetsdk.cpp:7400]Enter CLIENT_SetSnapRevCallBack. [OnSnapRevMessage=0x7fcda62bfa58, dwUser=(nil).]
[2020-09-16T15:40:29.680 info Netsdk:41296 2823:2845 dhnetsdk.cpp:7403]Leave CLIENT_SetSnapRevCallBack.
[2020-09-16T15:40:29.680 info Netsdk:41296 2823:2845 dhnetsdk.cpp:7440]Enter CLIENT_SnapPictureEx. [lLoginID=140519259620832, par=0x7fcd3001a0f0, reserved=0x7fcd30018470.]
[2020-09-16T15:40:29.680 info Netsdk:41296 2823:2845 dhnetsdk.cpp:7460]Leave CLIENT_SnapPictureEx. ret:1.
[2020-09-16T15:40:30.035 info Netsdk:41296 4588:4610 dhnetsdk.cpp:622]Leave CLIENT_LoginEx2. error:0, login ID:140156066350944.
[2020-09-16T15:40:30.036 info Netsdk:41296 4588:4610 dhnetsdk.cpp:7400]Enter CLIENT_SetSnapRevCallBack. [OnSnapRevMessage=0x7f79156da908, dwUser=(nil).]
[2020-09-16T15:40:30.036 info Netsdk:41296 4588:4610 dhnetsdk.cpp:7403]Leave CLIENT_SetSnapRevCallBack.
[2020-09-16T15:40:30.036 info Netsdk:41296 4588:4610 dhnetsdk.cpp:7440]Enter CLIENT_SnapPictureEx. [lLoginID=140156066350944, par=0x7f78a0256350, reserved=0x7f78a0254840.]
[2020-09-16T15:40:30.036 info Netsdk:41296 4588:4610 dhnetsdk.cpp:7460]Leave CLIENT_SnapPictureEx. ret:1.
[2020-09-16T15:40:41.738 info Netsdk:41296 2823:2845 dhnetsdk.cpp:815]Enter CLIENT_Logout. lLoginID:140519259620832.
[2020-09-16T15:40:41.748 info Netsdk:41296 2823:2845 dhnetsdk.cpp:837]Leave CLIENT_Logout. ret:1
[2020-09-16T15:40:42.090 info Netsdk:41296 4588:4610 dhnetsdk.cpp:815]Enter CLIENT_Logout. lLoginID:140156066350944.
[2020-09-16T15:40:42.100 info Netsdk:41296 4588:4610 dhnetsdk.cpp:837]Leave CLIENT_Logout. ret:1
[2020-09-16T15:40:51.748 info Netsdk:41296 2823:2845 dhnetsdk.cpp:136]Enter CLIENT_InitEx:[cbDisConnect=0x7fcda62bfa90, dwUser=(nil), lpInitParam=(nil)].
[2020-09-16T15:40:51.748 info Netsdk:41296 2823:2845 AVNetSDKMgr.cpp:670]Test avnetsdk module handle: 0x7fcd3070b7e0

[2020-09-16T15:40:51.748 info Netsdk:41296 2823:2845 dhnetsdk.cpp:159]Leave CLIENT_InitEx.
[2020-09-16T15:40:51.748 info Netsdk:41296 2823:2845 Manager.cpp:13118]-------------------Log file reset, log number:10-log size:10240------------------
[2020-09-16T15:40:52.100 info Netsdk:41296 4588:4610 dhnetsdk.cpp:136]Enter CLIENT_InitEx:[cbDisConnect=0x7f79156da940, dwUser=(nil), lpInitParam=(nil)].
[2020-09-16T15:40:52.101 info Netsdk:41296 4588:4610 AVNetSDKMgr.cpp:670]Test avnetsdk module handle: 0x7f78a06f3cf0

[2020-09-16T15:40:52.101 info Netsdk:41296 4588:4610 dhnetsdk.cpp:159]Leave CLIENT_InitEx.
[2020-09-16T15:40:52.101 info Netsdk:41296 4588:4610 Manager.cpp:13118]-------------------Log file reset, log number:10-log size:10240------------------
