[2020-09-27T08:50:53.596 info Netsdk:41296 13153:13177 AVNetSDKMgr.cpp:367]Load avnetsdk library dynamically
[2020-09-27T08:50:53.596 info Netsdk:41296 13153:13177 AVNetSDKMgr.cpp:391]avnetsdk module handle: 0x7fa20c6b44b0

[2020-09-27T08:50:53.596 info Netsdk:41296 13153:13177 AVNetSDKMgr.cpp:717]Load configsdk dynamically
[2020-09-27T08:50:53.669 info Netsdk:41296 13153:13177 dhnetsdk.cpp:190]Enter CLIENT_SetAutoReconnect:[cbAutoConnect=0x7fa293a6a048, dwUser=(nil)].
[2020-09-27T08:50:53.669 info Netsdk:41296 13153:13177 dhnetsdk.cpp:192]Leave CLIENT_SetAutoReconnect.
[2020-09-27T08:50:53.669 info Netsdk:41296 13153:13177 dhnetsdk.cpp:210]Enter CLIENT_SetConnectTime:[nWaitTime=5000, nTryTimes=1].
[2020-09-27T08:50:53.669 info Netsdk:41296 13153:13177 dhnetsdk.cpp:223]Leave CLIENT_SetConnectTime.
[2020-09-27T08:50:53.670 info Netsdk:41296 13153:13177 dhnetsdk.cpp:234]Enter CLIENT_SetNetworkParam:[nWaittime=0, nConnectTime=10000, nConnectTryNum=0, nSubConnectSpaceTime=0, nGetDevInfoTime=0, nConnectBufSize=0, nGetConnInfoTime=3000, nSearchRecordTime=0, nsubDisconnetTime=0, byNetType=0, byPlaybackBufSize=0, bDetectDisconnTime=0, bKeepLifeInterval=0, nPicBufSize=0].
[2020-09-27T08:50:53.670 info Netsdk:41296 13153:13177 dhnetsdk.cpp:249]Leave CLIENT_SetNetworkParam.
[2020-09-27T08:50:53.671 info Netsdk:41296 13153:13177 dhnetsdk.cpp:586]Enter CLIENT_LoginEx2. IP:192.168.25.109, port:37777, SpeCap:0, lpDeviceInfo:0x7fa20c8843d0.
[2020-09-27T08:50:53.671 error Netsdk:41296 13153:13177 TPTCPClient.cpp:423]connect() failed: Operation now in progress
Begin Time:2020-09-27T08:50:53.752
[2020-09-27T08:50:53.752 info Netsdk:41296 6185:6207 dhnetsdk.cpp:190]Enter CLIENT_SetAutoReconnect:[cbAutoConnect=0x7fd0160d64e0, dwUser=(nil)].
[2020-09-27T08:50:53.752 info Netsdk:41296 6185:6207 dhnetsdk.cpp:192]Leave CLIENT_SetAutoReconnect.
[2020-09-27T08:50:53.752 info Netsdk:41296 6185:6207 dhnetsdk.cpp:210]Enter CLIENT_SetConnectTime:[nWaitTime=5000, nTryTimes=1].
[2020-09-27T08:50:53.752 info Netsdk:41296 6185:6207 dhnetsdk.cpp:223]Leave CLIENT_SetConnectTime.
[2020-09-27T08:50:53.752 info Netsdk:41296 6185:6207 dhnetsdk.cpp:234]Enter CLIENT_SetNetworkParam:[nWaittime=0, nConnectTime=10000, nConnectTryNum=0, nSubConnectSpaceTime=0, nGetDevInfoTime=0, nConnectBufSize=0, nGetConnInfoTime=3000, nSearchRecordTime=0, nsubDisconnetTime=0, byNetType=0, byPlaybackBufSize=0, bDetectDisconnTime=0, bKeepLifeInterval=0, nPicBufSize=0].
[2020-09-27T08:50:53.752 info Netsdk:41296 6185:6207 dhnetsdk.cpp:249]Leave CLIENT_SetNetworkParam.
[2020-09-27T08:50:53.752 info Netsdk:41296 6185:6207 dhnetsdk.cpp:586]Enter CLIENT_LoginEx2. IP:192.168.25.109, port:37777, SpeCap:0, lpDeviceInfo:0x7fcf80883e50.
[2020-09-27T08:50:53.752 error Netsdk:41296 6185:6207 TPTCPClient.cpp:423]connect() failed: Operation now in progress
[2020-09-27T08:50:53.976 info Netsdk:41296 13153:13177 dhnetsdk.cpp:622]Leave CLIENT_LoginEx2. error:0, login ID:140333971690208.
[2020-09-27T08:50:53.977 info Netsdk:41296 13153:13177 dhnetsdk.cpp:7400]Enter CLIENT_SetSnapRevCallBack. [OnSnapRevMessage=0x7fa293a6a080, dwUser=(nil).]
[2020-09-27T08:50:53.977 info Netsdk:41296 13153:13177 dhnetsdk.cpp:7403]Leave CLIENT_SetSnapRevCallBack.
[2020-09-27T08:50:53.978 info Netsdk:41296 13153:13177 dhnetsdk.cpp:7440]Enter CLIENT_SnapPictureEx. [lLoginID=140333971690208, par=0x7fa20c8851a0, reserved=0x7fa20c884320.]
[2020-09-27T08:50:53.978 info Netsdk:41296 13153:13177 dhnetsdk.cpp:7460]Leave CLIENT_SnapPictureEx. ret:1.
[2020-09-27T08:50:54.072 info Netsdk:41296 6185:6207 dhnetsdk.cpp:622]Leave CLIENT_LoginEx2. error:0, login ID:140529191374176.
[2020-09-27T08:50:54.073 info Netsdk:41296 6185:6207 dhnetsdk.cpp:7400]Enter CLIENT_SetSnapRevCallBack. [OnSnapRevMessage=0x7fd0160d6518, dwUser=(nil).]
[2020-09-27T08:50:54.073 info Netsdk:41296 6185:6207 dhnetsdk.cpp:7403]Leave CLIENT_SetSnapRevCallBack.
[2020-09-27T08:50:54.073 info Netsdk:41296 6185:6207 dhnetsdk.cpp:7440]Enter CLIENT_SnapPictureEx. [lLoginID=140529191374176, par=0x7fcf8028c1a0, reserved=0x7fcf8028bfc0.]
[2020-09-27T08:50:54.073 info Netsdk:41296 6185:6207 dhnetsdk.cpp:7460]Leave CLIENT_SnapPictureEx. ret:1.
[2020-09-27T08:51:05.033 info Netsdk:41296 13153:13177 dhnetsdk.cpp:815]Enter CLIENT_Logout. lLoginID:140333971690208.
[2020-09-27T08:51:05.043 info Netsdk:41296 13153:13177 dhnetsdk.cpp:837]Leave CLIENT_Logout. ret:1
[2020-09-27T08:51:06.126 info Netsdk:41296 6185:6207 dhnetsdk.cpp:815]Enter CLIENT_Logout. lLoginID:140529191374176.
[2020-09-27T08:51:06.136 info Netsdk:41296 6185:6207 dhnetsdk.cpp:837]Leave CLIENT_Logout. ret:1
[2020-09-27T08:51:15.042 info Netsdk:41296 13153:13177 dhnetsdk.cpp:136]Enter CLIENT_InitEx:[cbDisConnect=0x7fa293a6a0b8, dwUser=(nil), lpInitParam=(nil)].
[2020-09-27T08:51:15.042 info Netsdk:41296 13153:13177 AVNetSDKMgr.cpp:670]Test avnetsdk module handle: 0x7fa20c6b44b0

[2020-09-27T08:51:15.042 info Netsdk:41296 13153:13177 dhnetsdk.cpp:159]Leave CLIENT_InitEx.
[2020-09-27T08:51:15.043 info Netsdk:41296 13153:13177 Manager.cpp:13118]-------------------Log file reset, log number:10-log size:10240------------------
[2020-09-27T08:51:16.137 info Netsdk:41296 6185:6207 dhnetsdk.cpp:136]Enter CLIENT_InitEx:[cbDisConnect=0x7fd0160d6550, dwUser=(nil), lpInitParam=(nil)].
[2020-09-27T08:51:16.137 info Netsdk:41296 6185:6207 AVNetSDKMgr.cpp:670]Test avnetsdk module handle: 0x7fcf806b3fd0

[2020-09-27T08:51:16.137 info Netsdk:41296 6185:6207 dhnetsdk.cpp:159]Leave CLIENT_InitEx.
[2020-09-27T08:51:16.137 info Netsdk:41296 6185:6207 Manager.cpp:13118]-------------------Log file reset, log number:10-log size:10240------------------
