[2020-09-27T08:52:27.115 info Netsdk:41296 13412:13439 dhnetsdk.cpp:190]Enter CLIENT_SetAutoReconnect:[cbAutoConnect=0x7f0b3f7582e8, dwUser=(nil)].
[2020-09-27T08:52:27.115 info Netsdk:41296 13412:13439 dhnetsdk.cpp:192]Leave CLIENT_SetAutoReconnect.
[2020-09-27T08:52:27.115 info Netsdk:41296 13412:13439 dhnetsdk.cpp:210]Enter CLIENT_SetConnectTime:[nWaitTime=5000, nTryTimes=1].
[2020-09-27T08:52:27.115 info Netsdk:41296 13412:13439 dhnetsdk.cpp:223]Leave CLIENT_SetConnectTime.
[2020-09-27T08:52:27.115 info Netsdk:41296 13412:13439 dhnetsdk.cpp:234]Enter CLIENT_SetNetworkParam:[nWaittime=0, nConnectTime=10000, nConnectTryNum=0, nSubConnectSpaceTime=0, nGetDevInfoTime=0, nConnectBufSize=0, nGetConnInfoTime=3000, nSearchRecordTime=0, nsubDisconnetTime=0, byNetType=0, byPlaybackBufSize=0, bDetectDisconnTime=0, bKeepLifeInterval=0, nPicBufSize=0].
[2020-09-27T08:52:27.115 info Netsdk:41296 13412:13439 dhnetsdk.cpp:249]Leave CLIENT_SetNetworkParam.
[2020-09-27T08:52:27.115 info Netsdk:41296 13412:13439 dhnetsdk.cpp:586]Enter CLIENT_LoginEx2. IP:192.168.25.109, port:37777, SpeCap:0, lpDeviceInfo:0x7f0ab48d3cd0.
[2020-09-27T08:52:27.115 error Netsdk:41296 13412:13439 TPTCPClient.cpp:423]connect() failed: Operation now in progress
[2020-09-27T08:52:27.408 info Netsdk:41296 13412:13439 dhnetsdk.cpp:622]Leave CLIENT_LoginEx2. error:0, login ID:139683955559392.
[2020-09-27T08:52:27.408 info Netsdk:41296 13412:13439 dhnetsdk.cpp:7400]Enter CLIENT_SetSnapRevCallBack. [OnSnapRevMessage=0x7f0b3f758320, dwUser=(nil).]
[2020-09-27T08:52:27.408 info Netsdk:41296 13412:13439 dhnetsdk.cpp:7403]Leave CLIENT_SetSnapRevCallBack.
[2020-09-27T08:52:27.409 info Netsdk:41296 13412:13439 dhnetsdk.cpp:7440]Enter CLIENT_SnapPictureEx. [lLoginID=139683955559392, par=0x7f0ab41c9380, reserved=0x7f0ab407a6c0.]
[2020-09-27T08:52:27.409 info Netsdk:41296 13412:13439 dhnetsdk.cpp:7460]Leave CLIENT_SnapPictureEx. ret:1.
Begin Time:2020-09-27T08:52:27.876
[2020-09-27T08:52:27.876 info Netsdk:41296 4764:4786 dhnetsdk.cpp:190]Enter CLIENT_SetAutoReconnect:[cbAutoConnect=0x7f60dffca8d0, dwUser=(nil)].
[2020-09-27T08:52:27.876 info Netsdk:41296 4764:4786 dhnetsdk.cpp:192]Leave CLIENT_SetAutoReconnect.
[2020-09-27T08:52:27.876 info Netsdk:41296 4764:4786 dhnetsdk.cpp:210]Enter CLIENT_SetConnectTime:[nWaitTime=5000, nTryTimes=1].
[2020-09-27T08:52:27.876 info Netsdk:41296 4764:4786 dhnetsdk.cpp:223]Leave CLIENT_SetConnectTime.
[2020-09-27T08:52:27.876 info Netsdk:41296 4764:4786 dhnetsdk.cpp:234]Enter CLIENT_SetNetworkParam:[nWaittime=0, nConnectTime=10000, nConnectTryNum=0, nSubConnectSpaceTime=0, nGetDevInfoTime=0, nConnectBufSize=0, nGetConnInfoTime=3000, nSearchRecordTime=0, nsubDisconnetTime=0, byNetType=0, byPlaybackBufSize=0, bDetectDisconnTime=0, bKeepLifeInterval=0, nPicBufSize=0].
[2020-09-27T08:52:27.876 info Netsdk:41296 4764:4786 dhnetsdk.cpp:249]Leave CLIENT_SetNetworkParam.
[2020-09-27T08:52:27.876 info Netsdk:41296 4764:4786 dhnetsdk.cpp:586]Enter CLIENT_LoginEx2. IP:192.168.25.109, port:37777, SpeCap:0, lpDeviceInfo:0x7f6060903c50.
[2020-09-27T08:52:27.876 error Netsdk:41296 4764:4786 TPTCPClient.cpp:423]connect() failed: Operation now in progress
[2020-09-27T08:52:28.168 info Netsdk:41296 4764:4786 dhnetsdk.cpp:622]Leave CLIENT_LoginEx2. error:0, login ID:140051913657184.
[2020-09-27T08:52:28.168 info Netsdk:41296 4764:4786 dhnetsdk.cpp:7400]Enter CLIENT_SetSnapRevCallBack. [OnSnapRevMessage=0x7f60dffca908, dwUser=(nil).]
[2020-09-27T08:52:28.168 info Netsdk:41296 4764:4786 dhnetsdk.cpp:7403]Leave CLIENT_SetSnapRevCallBack.
[2020-09-27T08:52:28.168 info Netsdk:41296 4764:4786 dhnetsdk.cpp:7440]Enter CLIENT_SnapPictureEx. [lLoginID=140051913657184, par=0x7f6060292b50, reserved=0x7f6060290d20.]
[2020-09-27T08:52:28.168 info Netsdk:41296 4764:4786 dhnetsdk.cpp:7460]Leave CLIENT_SnapPictureEx. ret:1.
[2020-09-27T08:52:39.464 info Netsdk:41296 13412:13439 dhnetsdk.cpp:815]Enter CLIENT_Logout. lLoginID:139683955559392.
[2020-09-27T08:52:39.474 info Netsdk:41296 13412:13439 dhnetsdk.cpp:837]Leave CLIENT_Logout. ret:1
[2020-09-27T08:52:40.224 info Netsdk:41296 4764:4786 dhnetsdk.cpp:815]Enter CLIENT_Logout. lLoginID:140051913657184.
[2020-09-27T08:52:40.234 info Netsdk:41296 4764:4786 dhnetsdk.cpp:837]Leave CLIENT_Logout. ret:1
[2020-09-27T08:52:49.475 info Netsdk:41296 13412:13439 dhnetsdk.cpp:136]Enter CLIENT_InitEx:[cbDisConnect=0x7f0b3f758358, dwUser=(nil), lpInitParam=(nil)].
[2020-09-27T08:52:49.475 info Netsdk:41296 13412:13439 AVNetSDKMgr.cpp:670]Test avnetsdk module handle: 0x7f0ab4703d70

[2020-09-27T08:52:49.475 info Netsdk:41296 13412:13439 dhnetsdk.cpp:159]Leave CLIENT_InitEx.
[2020-09-27T08:52:49.481 info Netsdk:41296 13412:13439 Manager.cpp:13118]-------------------Log file reset, log number:10-log size:10240------------------
[2020-09-27T08:52:50.231 info Netsdk:41296 4764:4786 dhnetsdk.cpp:136]Enter CLIENT_InitEx:[cbDisConnect=0x7f60dffca940, dwUser=(nil), lpInitParam=(nil)].
[2020-09-27T08:52:50.231 info Netsdk:41296 4764:4786 AVNetSDKMgr.cpp:670]Test avnetsdk module handle: 0x7f6060733d20

[2020-09-27T08:52:50.231 info Netsdk:41296 4764:4786 dhnetsdk.cpp:159]Leave CLIENT_InitEx.
[2020-09-27T08:52:50.231 info Netsdk:41296 4764:4786 Manager.cpp:13118]-------------------Log file reset, log number:10-log size:10240------------------
