[2020-09-16T15:43:18.217 info Netsdk:41296 2452:2474 dhnetsdk.cpp:190]Enter CLIENT_SetAutoReconnect:[cbAutoConnect=0x7ff140478f60, dwUser=(nil)].
[2020-09-16T15:43:18.217 info Netsdk:41296 2452:2474 dhnetsdk.cpp:192]Leave CLIENT_SetAutoReconnect.
[2020-09-16T15:43:18.217 info Netsdk:41296 2452:2474 dhnetsdk.cpp:210]Enter CLIENT_SetConnectTime:[nWaitTime=5000, nTryTimes=1].
[2020-09-16T15:43:18.217 info Netsdk:41296 2452:2474 dhnetsdk.cpp:223]Leave CLIENT_SetConnectTime.
[2020-09-16T15:43:18.217 info Netsdk:41296 2452:2474 dhnetsdk.cpp:234]Enter CLIENT_SetNetworkParam:[nWaittime=0, nConnectTime=10000, nConnectTryNum=0, nSubConnectSpaceTime=0, nGetDevInfoTime=0, nConnectBufSize=0, nGetConnInfoTime=3000, nSearchRecordTime=0, nsubDisconnetTime=0, byNetType=0, byPlaybackBufSize=0, bDetectDisconnTime=0, bKeepLifeInterval=0, nPicBufSize=0].
[2020-09-16T15:43:18.217 info Netsdk:41296 2452:2474 dhnetsdk.cpp:249]Leave CLIENT_SetNetworkParam.
[2020-09-16T15:43:18.217 info Netsdk:41296 2452:2474 dhnetsdk.cpp:586]Enter CLIENT_LoginEx2. IP:192.168.25.109, port:37777, SpeCap:0, lpDeviceInfo:0x7ff0c4883b90.
[2020-09-16T15:43:18.217 error Netsdk:41296 2452:2474 TPTCPClient.cpp:423]connect() failed: Operation now in progress
[2020-09-16T15:43:18.460 info Netsdk:41296 2452:2474 dhnetsdk.cpp:622]Leave CLIENT_LoginEx2. error:0, login ID:140672059154624.
[2020-09-16T15:43:18.461 info Netsdk:41296 2452:2474 dhnetsdk.cpp:7400]Enter CLIENT_SetSnapRevCallBack. [OnSnapRevMessage=0x7ff140477010, dwUser=(nil).]
[2020-09-16T15:43:18.461 info Netsdk:41296 2452:2474 dhnetsdk.cpp:7403]Leave CLIENT_SetSnapRevCallBack.
[2020-09-16T15:43:18.461 info Netsdk:41296 2452:2474 dhnetsdk.cpp:7440]Enter CLIENT_SnapPictureEx. [lLoginID=140672059154624, par=0x7ff0c40cb720, reserved=0x7ff0c40ca460.]
[2020-09-16T15:43:18.461 info Netsdk:41296 2452:2474 dhnetsdk.cpp:7460]Leave CLIENT_SnapPictureEx. ret:1.
Begin Time:2020-09-16T15:43:18.569
[2020-09-16T15:43:18.569 info Netsdk:41296 4168:4190 dhnetsdk.cpp:190]Enter CLIENT_SetAutoReconnect:[cbAutoConnect=0x7f4d1fe40e10, dwUser=(nil)].
[2020-09-16T15:43:18.569 info Netsdk:41296 4168:4190 dhnetsdk.cpp:192]Leave CLIENT_SetAutoReconnect.
[2020-09-16T15:43:18.569 info Netsdk:41296 4168:4190 dhnetsdk.cpp:210]Enter CLIENT_SetConnectTime:[nWaitTime=5000, nTryTimes=1].
[2020-09-16T15:43:18.569 info Netsdk:41296 4168:4190 dhnetsdk.cpp:223]Leave CLIENT_SetConnectTime.
[2020-09-16T15:43:18.569 info Netsdk:41296 4168:4190 dhnetsdk.cpp:234]Enter CLIENT_SetNetworkParam:[nWaittime=0, nConnectTime=10000, nConnectTryNum=0, nSubConnectSpaceTime=0, nGetDevInfoTime=0, nConnectBufSize=0, nGetConnInfoTime=3000, nSearchRecordTime=0, nsubDisconnetTime=0, byNetType=0, byPlaybackBufSize=0, bDetectDisconnTime=0, bKeepLifeInterval=0, nPicBufSize=0].
[2020-09-16T15:43:18.569 info Netsdk:41296 4168:4190 dhnetsdk.cpp:249]Leave CLIENT_SetNetworkParam.
[2020-09-16T15:43:18.569 info Netsdk:41296 4168:4190 dhnetsdk.cpp:586]Enter CLIENT_LoginEx2. IP:192.168.25.109, port:37777, SpeCap:0, lpDeviceInfo:0x7f4c94538d90.
[2020-09-16T15:43:18.569 error Netsdk:41296 4168:4190 TPTCPClient.cpp:423]connect() failed: Operation now in progress
[2020-09-16T15:43:18.823 info Netsdk:41296 4168:4190 dhnetsdk.cpp:622]Leave CLIENT_LoginEx2. error:0, login ID:139966877519824.
[2020-09-16T15:43:18.823 info Netsdk:41296 4168:4190 dhnetsdk.cpp:7400]Enter CLIENT_SetSnapRevCallBack. [OnSnapRevMessage=0x7f4d1fe40e48, dwUser=(nil).]
[2020-09-16T15:43:18.823 info Netsdk:41296 4168:4190 dhnetsdk.cpp:7403]Leave CLIENT_SetSnapRevCallBack.
[2020-09-16T15:43:18.823 info Netsdk:41296 4168:4190 dhnetsdk.cpp:7440]Enter CLIENT_SnapPictureEx. [lLoginID=139966877519824, par=0x7f4c94262c20, reserved=0x7f4c942627b0.]
[2020-09-16T15:43:18.823 info Netsdk:41296 4168:4190 dhnetsdk.cpp:7460]Leave CLIENT_SnapPictureEx. ret:1.
