[2020-09-27T08:52:31.350 info Netsdk:41296 9264:9289 dhnetsdk.cpp:190]Enter CLIENT_SetAutoReconnect:[cbAutoConnect=0x7f1687ac4588, dwUser=(nil)].
[2020-09-27T08:52:31.350 info Netsdk:41296 9264:9289 dhnetsdk.cpp:192]Leave CLIENT_SetAutoReconnect.
[2020-09-27T08:52:31.350 info Netsdk:41296 9264:9289 dhnetsdk.cpp:210]Enter CLIENT_SetConnectTime:[nWaitTime=5000, nTryTimes=1].
[2020-09-27T08:52:31.350 info Netsdk:41296 9264:9289 dhnetsdk.cpp:223]Leave CLIENT_SetConnectTime.
[2020-09-27T08:52:31.350 info Netsdk:41296 9264:9289 dhnetsdk.cpp:234]Enter CLIENT_SetNetworkParam:[nWaittime=0, nConnectTime=10000, nConnectTryNum=0, nSubConnectSpaceTime=0, nGetDevInfoTime=0, nConnectBufSize=0, nGetConnInfoTime=3000, nSearchRecordTime=0, nsubDisconnetTime=0, byNetType=0, byPlaybackBufSize=0, bDetectDisconnTime=0, bKeepLifeInterval=0, nPicBufSize=0].
[2020-09-27T08:52:31.350 info Netsdk:41296 9264:9289 dhnetsdk.cpp:249]Leave CLIENT_SetNetworkParam.
[2020-09-27T08:52:31.350 info Netsdk:41296 9264:9289 dhnetsdk.cpp:586]Enter CLIENT_LoginEx2. IP:192.168.25.109, port:37777, SpeCap:0, lpDeviceInfo:0x7f15e48db730.
[2020-09-27T08:52:31.350 error Netsdk:41296 9264:9289 TPTCPClient.cpp:423]connect() failed: Operation now in progress
[2020-09-27T08:52:31.658 info Netsdk:41296 9264:9289 dhnetsdk.cpp:622]Leave CLIENT_LoginEx2. error:0, login ID:139731996329632.
[2020-09-27T08:52:31.659 info Netsdk:41296 9264:9289 dhnetsdk.cpp:7400]Enter CLIENT_SetSnapRevCallBack. [OnSnapRevMessage=0x7f1687ac45c0, dwUser=(nil).]
[2020-09-27T08:52:31.659 info Netsdk:41296 9264:9289 dhnetsdk.cpp:7403]Leave CLIENT_SetSnapRevCallBack.
[2020-09-27T08:52:31.659 info Netsdk:41296 9264:9289 dhnetsdk.cpp:7440]Enter CLIENT_SnapPictureEx. [lLoginID=139731996329632, par=0x7f15e4016ba0, reserved=0x7f15e44dbaf0.]
[2020-09-27T08:52:31.659 info Netsdk:41296 9264:9289 dhnetsdk.cpp:7460]Leave CLIENT_SnapPictureEx. ret:1.
Begin Time:2020-09-27T08:52:31.778
[2020-09-27T08:52:31.778 info Netsdk:41296 11406:11435 dhnetsdk.cpp:190]Enter CLIENT_SetAutoReconnect:[cbAutoConnect=0x7feff16be438, dwUser=(nil)].
[2020-09-27T08:52:31.778 info Netsdk:41296 11406:11435 dhnetsdk.cpp:192]Leave CLIENT_SetAutoReconnect.
[2020-09-27T08:52:31.778 info Netsdk:41296 11406:11435 dhnetsdk.cpp:210]Enter CLIENT_SetConnectTime:[nWaitTime=5000, nTryTimes=1].
[2020-09-27T08:52:31.778 info Netsdk:41296 11406:11435 dhnetsdk.cpp:223]Leave CLIENT_SetConnectTime.
[2020-09-27T08:52:31.778 info Netsdk:41296 11406:11435 dhnetsdk.cpp:234]Enter CLIENT_SetNetworkParam:[nWaittime=0, nConnectTime=10000, nConnectTryNum=0, nSubConnectSpaceTime=0, nGetDevInfoTime=0, nConnectBufSize=0, nGetConnInfoTime=3000, nSearchRecordTime=0, nsubDisconnetTime=0, byNetType=0, byPlaybackBufSize=0, bDetectDisconnTime=0, bKeepLifeInterval=0, nPicBufSize=0].
[2020-09-27T08:52:31.778 info Netsdk:41296 11406:11435 dhnetsdk.cpp:249]Leave CLIENT_SetNetworkParam.
[2020-09-27T08:52:31.778 info Netsdk:41296 11406:11435 dhnetsdk.cpp:586]Enter CLIENT_LoginEx2. IP:192.168.25.109, port:37777, SpeCap:0, lpDeviceInfo:0x7fef708b4460.
[2020-09-27T08:52:31.778 error Netsdk:41296 11406:11435 TPTCPClient.cpp:423]connect() failed: Operation now in progress
[2020-09-27T08:52:32.060 info Netsdk:41296 11406:11435 dhnetsdk.cpp:622]Leave CLIENT_LoginEx2. error:0, login ID:140666355892224.
[2020-09-27T08:52:32.061 info Netsdk:41296 11406:11435 dhnetsdk.cpp:7400]Enter CLIENT_SetSnapRevCallBack. [OnSnapRevMessage=0x7feff16be470, dwUser=(nil).]
[2020-09-27T08:52:32.061 info Netsdk:41296 11406:11435 dhnetsdk.cpp:7403]Leave CLIENT_SetSnapRevCallBack.
[2020-09-27T08:52:32.061 info Netsdk:41296 11406:11435 dhnetsdk.cpp:7440]Enter CLIENT_SnapPictureEx. [lLoginID=140666355892224, par=0x7fef70025310, reserved=0x7fef7002b6f0.]
[2020-09-27T08:52:32.061 info Netsdk:41296 11406:11435 dhnetsdk.cpp:7460]Leave CLIENT_SnapPictureEx. ret:1.
[2020-09-27T08:52:43.719 info Netsdk:41296 9264:9289 dhnetsdk.cpp:815]Enter CLIENT_Logout. lLoginID:139731996329632.
[2020-09-27T08:52:43.729 info Netsdk:41296 9264:9289 dhnetsdk.cpp:837]Leave CLIENT_Logout. ret:1
[2020-09-27T08:52:44.117 info Netsdk:41296 11406:11435 dhnetsdk.cpp:815]Enter CLIENT_Logout. lLoginID:140666355892224.
[2020-09-27T08:52:44.127 info Netsdk:41296 11406:11435 dhnetsdk.cpp:837]Leave CLIENT_Logout. ret:1
[2020-09-27T08:52:53.726 info Netsdk:41296 9264:9289 dhnetsdk.cpp:136]Enter CLIENT_InitEx:[cbDisConnect=0x7f1687ac45f8, dwUser=(nil), lpInitParam=(nil)].
[2020-09-27T08:52:53.726 info Netsdk:41296 9264:9289 AVNetSDKMgr.cpp:670]Test avnetsdk module handle: 0x7f15e470b8a0

[2020-09-27T08:52:53.726 info Netsdk:41296 9264:9289 dhnetsdk.cpp:159]Leave CLIENT_InitEx.
[2020-09-27T08:52:53.726 info Netsdk:41296 9264:9289 Manager.cpp:13118]-------------------Log file reset, log number:10-log size:10240------------------
[2020-09-27T08:52:54.127 info Netsdk:41296 11406:11435 dhnetsdk.cpp:136]Enter CLIENT_InitEx:[cbDisConnect=0x7feff16be4a8, dwUser=(nil), lpInitParam=(nil)].
[2020-09-27T08:52:54.127 info Netsdk:41296 11406:11435 AVNetSDKMgr.cpp:670]Test avnetsdk module handle: 0x7fef706e4570

[2020-09-27T08:52:54.127 info Netsdk:41296 11406:11435 dhnetsdk.cpp:159]Leave CLIENT_InitEx.
[2020-09-27T08:52:54.128 info Netsdk:41296 11406:11435 Manager.cpp:13118]-------------------Log file reset, log number:10-log size:10240------------------
