[2020-09-27T08:53:06.488 info Netsdk:41296 10895:10917 dhnetsdk.cpp:190]Enter CLIENT_SetAutoReconnect:[cbAutoConnect=0x7f26a6894588, dwUser=(nil)].
[2020-09-27T08:53:06.488 info Netsdk:41296 10895:10917 dhnetsdk.cpp:192]Leave CLIENT_SetAutoReconnect.
[2020-09-27T08:53:06.488 info Netsdk:41296 10895:10917 dhnetsdk.cpp:210]Enter CLIENT_SetConnectTime:[nWaitTime=5000, nTryTimes=1].
[2020-09-27T08:53:06.488 info Netsdk:41296 10895:10917 dhnetsdk.cpp:223]Leave CLIENT_SetConnectTime.
[2020-09-27T08:53:06.488 info Netsdk:41296 10895:10917 dhnetsdk.cpp:234]Enter CLIENT_SetNetworkParam:[nWaittime=0, nConnectTime=10000, nConnectTryNum=0, nSubConnectSpaceTime=0, nGetDevInfoTime=0, nConnectBufSize=0, nGetConnInfoTime=3000, nSearchRecordTime=0, nsubDisconnetTime=0, byNetType=0, byPlaybackBufSize=0, bDetectDisconnTime=0, bKeepLifeInterval=0, nPicBufSize=0].
[2020-09-27T08:53:06.488 info Netsdk:41296 10895:10917 dhnetsdk.cpp:249]Leave CLIENT_SetNetworkParam.
[2020-09-27T08:53:06.488 info Netsdk:41296 10895:10917 dhnetsdk.cpp:586]Enter CLIENT_LoginEx2. IP:192.168.25.109, port:37777, SpeCap:0, lpDeviceInfo:0x7f2620814170.
[2020-09-27T08:53:06.488 error Netsdk:41296 10895:10917 TPTCPClient.cpp:423]connect() failed: Operation now in progress
[2020-09-27T08:53:06.820 info Netsdk:41296 10895:10917 dhnetsdk.cpp:622]Leave CLIENT_LoginEx2. error:0, login ID:139801722540784.
[2020-09-27T08:53:06.821 info Netsdk:41296 10895:10917 dhnetsdk.cpp:7400]Enter CLIENT_SetSnapRevCallBack. [OnSnapRevMessage=0x7f26a68945c0, dwUser=(nil).]
[2020-09-27T08:53:06.821 info Netsdk:41296 10895:10917 dhnetsdk.cpp:7403]Leave CLIENT_SetSnapRevCallBack.
[2020-09-27T08:53:06.821 info Netsdk:41296 10895:10917 dhnetsdk.cpp:7440]Enter CLIENT_SnapPictureEx. [lLoginID=139801722540784, par=0x7f26200a1b50, reserved=0x7f26200a1610.]
[2020-09-27T08:53:06.821 info Netsdk:41296 10895:10917 dhnetsdk.cpp:7460]Leave CLIENT_SnapPictureEx. ret:1.
Begin Time:2020-09-27T08:53:06.828
[2020-09-27T08:53:06.828 info Netsdk:41296 13153:13177 dhnetsdk.cpp:190]Enter CLIENT_SetAutoReconnect:[cbAutoConnect=0x7fa293a6a438, dwUser=(nil)].
[2020-09-27T08:53:06.828 info Netsdk:41296 13153:13177 dhnetsdk.cpp:192]Leave CLIENT_SetAutoReconnect.
[2020-09-27T08:53:06.828 info Netsdk:41296 13153:13177 dhnetsdk.cpp:210]Enter CLIENT_SetConnectTime:[nWaitTime=5000, nTryTimes=1].
[2020-09-27T08:53:06.828 info Netsdk:41296 13153:13177 dhnetsdk.cpp:223]Leave CLIENT_SetConnectTime.
[2020-09-27T08:53:06.828 info Netsdk:41296 13153:13177 dhnetsdk.cpp:234]Enter CLIENT_SetNetworkParam:[nWaittime=0, nConnectTime=10000, nConnectTryNum=0, nSubConnectSpaceTime=0, nGetDevInfoTime=0, nConnectBufSize=0, nGetConnInfoTime=3000, nSearchRecordTime=0, nsubDisconnetTime=0, byNetType=0, byPlaybackBufSize=0, bDetectDisconnTime=0, bKeepLifeInterval=0, nPicBufSize=0].
[2020-09-27T08:53:06.828 info Netsdk:41296 13153:13177 dhnetsdk.cpp:249]Leave CLIENT_SetNetworkParam.
[2020-09-27T08:53:06.828 info Netsdk:41296 13153:13177 dhnetsdk.cpp:586]Enter CLIENT_LoginEx2. IP:192.168.25.109, port:37777, SpeCap:0, lpDeviceInfo:0x7fa20c8843d0.
[2020-09-27T08:53:06.828 error Netsdk:41296 13153:13177 TPTCPClient.cpp:423]connect() failed: Operation now in progress
[2020-09-27T08:53:07.077 info Netsdk:41296 13153:13177 dhnetsdk.cpp:622]Leave CLIENT_LoginEx2. error:0, login ID:140333971690208.
[2020-09-27T08:53:07.077 info Netsdk:41296 13153:13177 dhnetsdk.cpp:7400]Enter CLIENT_SetSnapRevCallBack. [OnSnapRevMessage=0x7fa293a6a470, dwUser=(nil).]
[2020-09-27T08:53:07.077 info Netsdk:41296 13153:13177 dhnetsdk.cpp:7403]Leave CLIENT_SetSnapRevCallBack.
[2020-09-27T08:53:07.077 info Netsdk:41296 13153:13177 dhnetsdk.cpp:7440]Enter CLIENT_SnapPictureEx. [lLoginID=140333971690208, par=0x7fa20c19d740, reserved=0x7fa20c2b40f0.]
[2020-09-27T08:53:07.078 info Netsdk:41296 13153:13177 dhnetsdk.cpp:7460]Leave CLIENT_SnapPictureEx. ret:1.
[2020-09-27T08:53:18.875 info Netsdk:41296 10895:10917 dhnetsdk.cpp:815]Enter CLIENT_Logout. lLoginID:139801722540784.
[2020-09-27T08:53:18.885 info Netsdk:41296 10895:10917 dhnetsdk.cpp:837]Leave CLIENT_Logout. ret:1
[2020-09-27T08:53:19.132 info Netsdk:41296 13153:13177 dhnetsdk.cpp:815]Enter CLIENT_Logout. lLoginID:140333971690208.
[2020-09-27T08:53:19.142 info Netsdk:41296 13153:13177 dhnetsdk.cpp:837]Leave CLIENT_Logout. ret:1
[2020-09-27T08:53:28.884 info Netsdk:41296 10895:10917 dhnetsdk.cpp:136]Enter CLIENT_InitEx:[cbDisConnect=0x7f26a68945f8, dwUser=(nil), lpInitParam=(nil)].
[2020-09-27T08:53:28.884 info Netsdk:41296 10895:10917 AVNetSDKMgr.cpp:670]Test avnetsdk module handle: 0x7f26206442c0

[2020-09-27T08:53:28.884 info Netsdk:41296 10895:10917 dhnetsdk.cpp:159]Leave CLIENT_InitEx.
[2020-09-27T08:53:28.884 info Netsdk:41296 10895:10917 Manager.cpp:13118]-------------------Log file reset, log number:10-log size:10240------------------
[2020-09-27T08:53:29.142 info Netsdk:41296 13153:13177 dhnetsdk.cpp:136]Enter CLIENT_InitEx:[cbDisConnect=0x7fa293a6a4a8, dwUser=(nil), lpInitParam=(nil)].
[2020-09-27T08:53:29.142 info Netsdk:41296 13153:13177 AVNetSDKMgr.cpp:670]Test avnetsdk module handle: 0x7fa20c6b44b0

[2020-09-27T08:53:29.142 info Netsdk:41296 13153:13177 dhnetsdk.cpp:159]Leave CLIENT_InitEx.
[2020-09-27T08:53:29.142 info Netsdk:41296 13153:13177 Manager.cpp:13118]-------------------Log file reset, log number:10-log size:10240------------------
