[2020-09-27T08:53:56.117 info Netsdk:41296 11157:11181 dhnetsdk.cpp:190]Enter CLIENT_SetAutoReconnect:[cbAutoConnect=0x7f9c8f8df6d8, dwUser=(nil)].
[2020-09-27T08:53:56.117 info Netsdk:41296 11157:11181 dhnetsdk.cpp:192]Leave CLIENT_SetAutoReconnect.
[2020-09-27T08:53:56.117 info Netsdk:41296 11157:11181 dhnetsdk.cpp:210]Enter CLIENT_SetConnectTime:[nWaitTime=5000, nTryTimes=1].
[2020-09-27T08:53:56.117 info Netsdk:41296 11157:11181 dhnetsdk.cpp:223]Leave CLIENT_SetConnectTime.
[2020-09-27T08:53:56.118 info Netsdk:41296 11157:11181 dhnetsdk.cpp:234]Enter CLIENT_SetNetworkParam:[nWaittime=0, nConnectTime=10000, nConnectTryNum=0, nSubConnectSpaceTime=0, nGetDevInfoTime=0, nConnectBufSize=0, nGetConnInfoTime=3000, nSearchRecordTime=0, nsubDisconnetTime=0, byNetType=0, byPlaybackBufSize=0, bDetectDisconnTime=0, bKeepLifeInterval=0, nPicBufSize=0].
[2020-09-27T08:53:56.118 info Netsdk:41296 11157:11181 dhnetsdk.cpp:249]Leave CLIENT_SetNetworkParam.
[2020-09-27T08:53:56.118 info Netsdk:41296 11157:11181 dhnetsdk.cpp:586]Enter CLIENT_LoginEx2. IP:192.168.25.109, port:37777, SpeCap:0, lpDeviceInfo:0x7f9c108c9810.
[2020-09-27T08:53:56.118 error Netsdk:41296 11157:11181 TPTCPClient.cpp:423]connect() failed: Operation now in progress
[2020-09-27T08:53:56.402 info Netsdk:41296 11157:11181 dhnetsdk.cpp:622]Leave CLIENT_LoginEx2. error:0, login ID:140308269279008.
[2020-09-27T08:53:56.402 info Netsdk:41296 11157:11181 dhnetsdk.cpp:7400]Enter CLIENT_SetSnapRevCallBack. [OnSnapRevMessage=0x7f9c8f8df710, dwUser=(nil).]
[2020-09-27T08:53:56.402 info Netsdk:41296 11157:11181 dhnetsdk.cpp:7403]Leave CLIENT_SetSnapRevCallBack.
[2020-09-27T08:53:56.402 info Netsdk:41296 11157:11181 dhnetsdk.cpp:7440]Enter CLIENT_SnapPictureEx. [lLoginID=140308269279008, par=0x7f9c108c1d70, reserved=0x7f9c108c16f0.]
[2020-09-27T08:53:56.402 info Netsdk:41296 11157:11181 dhnetsdk.cpp:7460]Leave CLIENT_SnapPictureEx. ret:1.
Begin Time:2020-09-27T08:53:56.572
[2020-09-27T08:53:56.572 info Netsdk:41296 13412:13439 dhnetsdk.cpp:190]Enter CLIENT_SetAutoReconnect:[cbAutoConnect=0x7f0b3f758588, dwUser=(nil)].
[2020-09-27T08:53:56.572 info Netsdk:41296 13412:13439 dhnetsdk.cpp:192]Leave CLIENT_SetAutoReconnect.
[2020-09-27T08:53:56.572 info Netsdk:41296 13412:13439 dhnetsdk.cpp:210]Enter CLIENT_SetConnectTime:[nWaitTime=5000, nTryTimes=1].
[2020-09-27T08:53:56.572 info Netsdk:41296 13412:13439 dhnetsdk.cpp:223]Leave CLIENT_SetConnectTime.
[2020-09-27T08:53:56.572 info Netsdk:41296 13412:13439 dhnetsdk.cpp:234]Enter CLIENT_SetNetworkParam:[nWaittime=0, nConnectTime=10000, nConnectTryNum=0, nSubConnectSpaceTime=0, nGetDevInfoTime=0, nConnectBufSize=0, nGetConnInfoTime=3000, nSearchRecordTime=0, nsubDisconnetTime=0, byNetType=0, byPlaybackBufSize=0, bDetectDisconnTime=0, bKeepLifeInterval=0, nPicBufSize=0].
[2020-09-27T08:53:56.572 info Netsdk:41296 13412:13439 dhnetsdk.cpp:249]Leave CLIENT_SetNetworkParam.
[2020-09-27T08:53:56.572 info Netsdk:41296 13412:13439 dhnetsdk.cpp:586]Enter CLIENT_LoginEx2. IP:192.168.25.109, port:37777, SpeCap:0, lpDeviceInfo:0x7f0ab48d3cd0.
[2020-09-27T08:53:56.573 error Netsdk:41296 13412:13439 TPTCPClient.cpp:423]connect() failed: Operation now in progress
[2020-09-27T08:53:56.879 info Netsdk:41296 13412:13439 dhnetsdk.cpp:622]Leave CLIENT_LoginEx2. error:0, login ID:139683948173568.
[2020-09-27T08:53:56.879 info Netsdk:41296 13412:13439 dhnetsdk.cpp:7400]Enter CLIENT_SetSnapRevCallBack. [OnSnapRevMessage=0x7f0b3f7585c0, dwUser=(nil).]
[2020-09-27T08:53:56.879 info Netsdk:41296 13412:13439 dhnetsdk.cpp:7403]Leave CLIENT_SetSnapRevCallBack.
[2020-09-27T08:53:56.882 info Netsdk:41296 13412:13439 dhnetsdk.cpp:7440]Enter CLIENT_SnapPictureEx. [lLoginID=139683948173568, par=0x7f0ab48d6240, reserved=0x7f0ab4076700.]
[2020-09-27T08:53:56.882 info Netsdk:41296 13412:13439 dhnetsdk.cpp:7460]Leave CLIENT_SnapPictureEx. ret:1.
[2020-09-27T08:54:08.456 info Netsdk:41296 11157:11181 dhnetsdk.cpp:815]Enter CLIENT_Logout. lLoginID:140308269279008.
[2020-09-27T08:54:08.466 info Netsdk:41296 11157:11181 dhnetsdk.cpp:837]Leave CLIENT_Logout. ret:1
[2020-09-27T08:54:08.944 info Netsdk:41296 13412:13439 dhnetsdk.cpp:815]Enter CLIENT_Logout. lLoginID:139683948173568.
[2020-09-27T08:54:08.954 info Netsdk:41296 13412:13439 dhnetsdk.cpp:837]Leave CLIENT_Logout. ret:1
[2020-09-27T08:54:18.466 info Netsdk:41296 11157:11181 dhnetsdk.cpp:136]Enter CLIENT_InitEx:[cbDisConnect=0x7f9c8f8df748, dwUser=(nil), lpInitParam=(nil)].
[2020-09-27T08:54:18.466 info Netsdk:41296 11157:11181 AVNetSDKMgr.cpp:670]Test avnetsdk module handle: 0x7f9c106f9980

[2020-09-27T08:54:18.466 info Netsdk:41296 11157:11181 dhnetsdk.cpp:159]Leave CLIENT_InitEx.
[2020-09-27T08:54:18.467 info Netsdk:41296 11157:11181 Manager.cpp:13118]-------------------Log file reset, log number:10-log size:10240------------------
[2020-09-27T08:54:18.955 info Netsdk:41296 13412:13439 dhnetsdk.cpp:136]Enter CLIENT_InitEx:[cbDisConnect=0x7f0b3f7585f8, dwUser=(nil), lpInitParam=(nil)].
[2020-09-27T08:54:18.955 info Netsdk:41296 13412:13439 AVNetSDKMgr.cpp:670]Test avnetsdk module handle: 0x7f0ab4703d70

[2020-09-27T08:54:18.955 info Netsdk:41296 13412:13439 dhnetsdk.cpp:159]Leave CLIENT_InitEx.
[2020-09-27T08:54:18.956 info Netsdk:41296 13412:13439 Manager.cpp:13118]-------------------Log file reset, log number:10-log size:10240------------------
