[2020-09-27T08:50:13.501 info Netsdk:41296 11157:11181 AVNetSDKMgr.cpp:367]Load avnetsdk library dynamically
[2020-09-27T08:50:13.501 info Netsdk:41296 11157:11181 AVNetSDKMgr.cpp:391]avnetsdk module handle: 0x7f9c106f9980

[2020-09-27T08:50:13.501 info Netsdk:41296 11157:11181 AVNetSDKMgr.cpp:717]Load configsdk dynamically
[2020-09-27T08:50:13.535 info Netsdk:41296 11157:11181 dhnetsdk.cpp:190]Enter CLIENT_SetAutoReconnect:[cbAutoConnect=0x7f9c8f8df048, dwUser=(nil)].
[2020-09-27T08:50:13.535 info Netsdk:41296 11157:11181 dhnetsdk.cpp:192]Leave CLIENT_SetAutoReconnect.
[2020-09-27T08:50:13.535 info Netsdk:41296 11157:11181 dhnetsdk.cpp:210]Enter CLIENT_SetConnectTime:[nWaitTime=5000, nTryTimes=1].
[2020-09-27T08:50:13.535 info Netsdk:41296 11157:11181 dhnetsdk.cpp:223]Leave CLIENT_SetConnectTime.
[2020-09-27T08:50:13.536 info Netsdk:41296 11157:11181 dhnetsdk.cpp:234]Enter CLIENT_SetNetworkParam:[nWaittime=0, nConnectTime=10000, nConnectTryNum=0, nSubConnectSpaceTime=0, nGetDevInfoTime=0, nConnectBufSize=0, nGetConnInfoTime=3000, nSearchRecordTime=0, nsubDisconnetTime=0, byNetType=0, byPlaybackBufSize=0, bDetectDisconnTime=0, bKeepLifeInterval=0, nPicBufSize=0].
[2020-09-27T08:50:13.536 info Netsdk:41296 11157:11181 dhnetsdk.cpp:249]Leave CLIENT_SetNetworkParam.
[2020-09-27T08:50:13.537 info Netsdk:41296 11157:11181 dhnetsdk.cpp:586]Enter CLIENT_LoginEx2. IP:192.168.25.109, port:37777, SpeCap:0, lpDeviceInfo:0x7f9c108c9810.
[2020-09-27T08:50:13.537 error Netsdk:41296 11157:11181 TPTCPClient.cpp:423]connect() failed: Operation now in progress
Begin Time:2020-09-27T08:50:13.681
[2020-09-27T08:50:13.681 info Netsdk:41296 4764:4786 dhnetsdk.cpp:190]Enter CLIENT_SetAutoReconnect:[cbAutoConnect=0x7f60dffca4e0, dwUser=(nil)].
[2020-09-27T08:50:13.681 info Netsdk:41296 4764:4786 dhnetsdk.cpp:192]Leave CLIENT_SetAutoReconnect.
[2020-09-27T08:50:13.681 info Netsdk:41296 4764:4786 dhnetsdk.cpp:210]Enter CLIENT_SetConnectTime:[nWaitTime=5000, nTryTimes=1].
[2020-09-27T08:50:13.681 info Netsdk:41296 4764:4786 dhnetsdk.cpp:223]Leave CLIENT_SetConnectTime.
[2020-09-27T08:50:13.681 info Netsdk:41296 4764:4786 dhnetsdk.cpp:234]Enter CLIENT_SetNetworkParam:[nWaittime=0, nConnectTime=10000, nConnectTryNum=0, nSubConnectSpaceTime=0, nGetDevInfoTime=0, nConnectBufSize=0, nGetConnInfoTime=3000, nSearchRecordTime=0, nsubDisconnetTime=0, byNetType=0, byPlaybackBufSize=0, bDetectDisconnTime=0, bKeepLifeInterval=0, nPicBufSize=0].
[2020-09-27T08:50:13.681 info Netsdk:41296 4764:4786 dhnetsdk.cpp:249]Leave CLIENT_SetNetworkParam.
[2020-09-27T08:50:13.681 info Netsdk:41296 4764:4786 dhnetsdk.cpp:586]Enter CLIENT_LoginEx2. IP:192.168.25.109, port:37777, SpeCap:0, lpDeviceInfo:0x7f6060903c50.
[2020-09-27T08:50:13.681 error Netsdk:41296 4764:4786 TPTCPClient.cpp:423]connect() failed: Operation now in progress
[2020-09-27T08:50:13.857 info Netsdk:41296 11157:11181 dhnetsdk.cpp:622]Leave CLIENT_LoginEx2. error:0, login ID:140308269279008.
[2020-09-27T08:50:13.858 info Netsdk:41296 11157:11181 dhnetsdk.cpp:7400]Enter CLIENT_SetSnapRevCallBack. [OnSnapRevMessage=0x7f9c8f8df080, dwUser=(nil).]
[2020-09-27T08:50:13.858 info Netsdk:41296 11157:11181 dhnetsdk.cpp:7403]Leave CLIENT_SetSnapRevCallBack.
[2020-09-27T08:50:13.859 info Netsdk:41296 11157:11181 dhnetsdk.cpp:7440]Enter CLIENT_SnapPictureEx. [lLoginID=140308269279008, par=0x7f9c108ca5e0, reserved=0x7f9c108c9980.]
[2020-09-27T08:50:13.859 info Netsdk:41296 11157:11181 dhnetsdk.cpp:7460]Leave CLIENT_SnapPictureEx. ret:1.
[2020-09-27T08:50:14.002 info Netsdk:41296 4764:4786 dhnetsdk.cpp:622]Leave CLIENT_LoginEx2. error:0, login ID:140051913657184.
[2020-09-27T08:50:14.002 info Netsdk:41296 4764:4786 dhnetsdk.cpp:7400]Enter CLIENT_SetSnapRevCallBack. [OnSnapRevMessage=0x7f60dffca518, dwUser=(nil).]
[2020-09-27T08:50:14.002 info Netsdk:41296 4764:4786 dhnetsdk.cpp:7403]Leave CLIENT_SetSnapRevCallBack.
[2020-09-27T08:50:14.002 info Netsdk:41296 4764:4786 dhnetsdk.cpp:7440]Enter CLIENT_SnapPictureEx. [lLoginID=140051913657184, par=0x7f606010c140, reserved=0x7f606010f3a0.]
[2020-09-27T08:50:14.002 info Netsdk:41296 4764:4786 dhnetsdk.cpp:7460]Leave CLIENT_SnapPictureEx. ret:1.
[2020-09-27T08:50:24.914 info Netsdk:41296 11157:11181 dhnetsdk.cpp:815]Enter CLIENT_Logout. lLoginID:140308269279008.
[2020-09-27T08:50:24.924 info Netsdk:41296 11157:11181 dhnetsdk.cpp:837]Leave CLIENT_Logout. ret:1
[2020-09-27T08:50:26.056 info Netsdk:41296 4764:4786 dhnetsdk.cpp:815]Enter CLIENT_Logout. lLoginID:140051913657184.
[2020-09-27T08:50:26.067 info Netsdk:41296 4764:4786 dhnetsdk.cpp:837]Leave CLIENT_Logout. ret:1
[2020-09-27T08:50:34.924 info Netsdk:41296 11157:11181 dhnetsdk.cpp:136]Enter CLIENT_InitEx:[cbDisConnect=0x7f9c8f8df0b8, dwUser=(nil), lpInitParam=(nil)].
[2020-09-27T08:50:34.924 info Netsdk:41296 11157:11181 AVNetSDKMgr.cpp:670]Test avnetsdk module handle: 0x7f9c106f9980

[2020-09-27T08:50:34.924 info Netsdk:41296 11157:11181 dhnetsdk.cpp:159]Leave CLIENT_InitEx.
[2020-09-27T08:50:34.924 info Netsdk:41296 11157:11181 Manager.cpp:13118]-------------------Log file reset, log number:10-log size:10240------------------
[2020-09-27T08:50:36.067 info Netsdk:41296 4764:4786 dhnetsdk.cpp:136]Enter CLIENT_InitEx:[cbDisConnect=0x7f60dffca550, dwUser=(nil), lpInitParam=(nil)].
[2020-09-27T08:50:36.067 info Netsdk:41296 4764:4786 AVNetSDKMgr.cpp:670]Test avnetsdk module handle: 0x7f6060733d20

[2020-09-27T08:50:36.067 info Netsdk:41296 4764:4786 dhnetsdk.cpp:159]Leave CLIENT_InitEx.
[2020-09-27T08:50:36.067 info Netsdk:41296 4764:4786 Manager.cpp:13118]-------------------Log file reset, log number:10-log size:10240------------------
