[2020-09-27T08:53:16.069 info Netsdk:41296 9264:9289 dhnetsdk.cpp:190]Enter CLIENT_SetAutoReconnect:[cbAutoConnect=0x7f1687ac46d8, dwUser=(nil)].
[2020-09-27T08:53:16.069 info Netsdk:41296 9264:9289 dhnetsdk.cpp:192]Leave CLIENT_SetAutoReconnect.
[2020-09-27T08:53:16.069 info Netsdk:41296 9264:9289 dhnetsdk.cpp:210]Enter CLIENT_SetConnectTime:[nWaitTime=5000, nTryTimes=1].
[2020-09-27T08:53:16.069 info Netsdk:41296 9264:9289 dhnetsdk.cpp:223]Leave CLIENT_SetConnectTime.
[2020-09-27T08:53:16.069 info Netsdk:41296 9264:9289 dhnetsdk.cpp:234]Enter CLIENT_SetNetworkParam:[nWaittime=0, nConnectTime=10000, nConnectTryNum=0, nSubConnectSpaceTime=0, nGetDevInfoTime=0, nConnectBufSize=0, nGetConnInfoTime=3000, nSearchRecordTime=0, nsubDisconnetTime=0, byNetType=0, byPlaybackBufSize=0, bDetectDisconnTime=0, bKeepLifeInterval=0, nPicBufSize=0].
[2020-09-27T08:53:16.069 info Netsdk:41296 9264:9289 dhnetsdk.cpp:249]Leave CLIENT_SetNetworkParam.
[2020-09-27T08:53:16.069 info Netsdk:41296 9264:9289 dhnetsdk.cpp:586]Enter CLIENT_LoginEx2. IP:192.168.25.109, port:37777, SpeCap:0, lpDeviceInfo:0x7f15e48db730.
[2020-09-27T08:53:16.069 error Netsdk:41296 9264:9289 TPTCPClient.cpp:423]connect() failed: Operation now in progress
[2020-09-27T08:53:16.355 info Netsdk:41296 9264:9289 dhnetsdk.cpp:622]Leave CLIENT_LoginEx2. error:0, login ID:139731996329632.
[2020-09-27T08:53:16.356 info Netsdk:41296 9264:9289 dhnetsdk.cpp:7400]Enter CLIENT_SetSnapRevCallBack. [OnSnapRevMessage=0x7f1687ac4710, dwUser=(nil).]
[2020-09-27T08:53:16.356 info Netsdk:41296 9264:9289 dhnetsdk.cpp:7403]Leave CLIENT_SetSnapRevCallBack.
[2020-09-27T08:53:16.356 info Netsdk:41296 9264:9289 dhnetsdk.cpp:7440]Enter CLIENT_SnapPictureEx. [lLoginID=139731996329632, par=0x7f15e44de270, reserved=0x7f15e44dd190.]
[2020-09-27T08:53:16.356 info Netsdk:41296 9264:9289 dhnetsdk.cpp:7460]Leave CLIENT_SnapPictureEx. ret:1.
Begin Time:2020-09-27T08:53:16.485
[2020-09-27T08:53:16.485 info Netsdk:41296 11406:11435 dhnetsdk.cpp:190]Enter CLIENT_SetAutoReconnect:[cbAutoConnect=0x7feff16be588, dwUser=(nil)].
[2020-09-27T08:53:16.485 info Netsdk:41296 11406:11435 dhnetsdk.cpp:192]Leave CLIENT_SetAutoReconnect.
[2020-09-27T08:53:16.485 info Netsdk:41296 11406:11435 dhnetsdk.cpp:210]Enter CLIENT_SetConnectTime:[nWaitTime=5000, nTryTimes=1].
[2020-09-27T08:53:16.485 info Netsdk:41296 11406:11435 dhnetsdk.cpp:223]Leave CLIENT_SetConnectTime.
[2020-09-27T08:53:16.485 info Netsdk:41296 11406:11435 dhnetsdk.cpp:234]Enter CLIENT_SetNetworkParam:[nWaittime=0, nConnectTime=10000, nConnectTryNum=0, nSubConnectSpaceTime=0, nGetDevInfoTime=0, nConnectBufSize=0, nGetConnInfoTime=3000, nSearchRecordTime=0, nsubDisconnetTime=0, byNetType=0, byPlaybackBufSize=0, bDetectDisconnTime=0, bKeepLifeInterval=0, nPicBufSize=0].
[2020-09-27T08:53:16.485 info Netsdk:41296 11406:11435 dhnetsdk.cpp:249]Leave CLIENT_SetNetworkParam.
[2020-09-27T08:53:16.485 info Netsdk:41296 11406:11435 dhnetsdk.cpp:586]Enter CLIENT_LoginEx2. IP:192.168.25.109, port:37777, SpeCap:0, lpDeviceInfo:0x7fef708b4460.
[2020-09-27T08:53:16.486 error Netsdk:41296 11406:11435 TPTCPClient.cpp:423]connect() failed: Operation now in progress
[2020-09-27T08:53:16.796 info Netsdk:41296 11406:11435 dhnetsdk.cpp:622]Leave CLIENT_LoginEx2. error:0, login ID:140666355826768.
[2020-09-27T08:53:16.797 info Netsdk:41296 11406:11435 dhnetsdk.cpp:7400]Enter CLIENT_SetSnapRevCallBack. [OnSnapRevMessage=0x7feff16be5c0, dwUser=(nil).]
[2020-09-27T08:53:16.797 info Netsdk:41296 11406:11435 dhnetsdk.cpp:7403]Leave CLIENT_SetSnapRevCallBack.
[2020-09-27T08:53:16.798 info Netsdk:41296 11406:11435 dhnetsdk.cpp:7440]Enter CLIENT_SnapPictureEx. [lLoginID=140666355826768, par=0x7fef70025080, reserved=0x7fef700267d0.]
[2020-09-27T08:53:16.798 info Netsdk:41296 11406:11435 dhnetsdk.cpp:7460]Leave CLIENT_SnapPictureEx. ret:1.
[2020-09-27T08:53:28.410 info Netsdk:41296 9264:9289 dhnetsdk.cpp:815]Enter CLIENT_Logout. lLoginID:139731996329632.
[2020-09-27T08:53:28.421 info Netsdk:41296 9264:9289 dhnetsdk.cpp:837]Leave CLIENT_Logout. ret:1
[2020-09-27T08:53:28.853 info Netsdk:41296 11406:11435 dhnetsdk.cpp:815]Enter CLIENT_Logout. lLoginID:140666355826768.
[2020-09-27T08:53:28.863 info Netsdk:41296 11406:11435 dhnetsdk.cpp:837]Leave CLIENT_Logout. ret:1
[2020-09-27T08:53:38.419 info Netsdk:41296 9264:9289 dhnetsdk.cpp:136]Enter CLIENT_InitEx:[cbDisConnect=0x7f1687ac4748, dwUser=(nil), lpInitParam=(nil)].
[2020-09-27T08:53:38.419 info Netsdk:41296 9264:9289 AVNetSDKMgr.cpp:670]Test avnetsdk module handle: 0x7f15e470b8a0

[2020-09-27T08:53:38.419 info Netsdk:41296 9264:9289 dhnetsdk.cpp:159]Leave CLIENT_InitEx.
[2020-09-27T08:53:38.419 info Netsdk:41296 9264:9289 Manager.cpp:13118]-------------------Log file reset, log number:10-log size:10240------------------
[2020-09-27T08:53:38.863 info Netsdk:41296 11406:11435 dhnetsdk.cpp:136]Enter CLIENT_InitEx:[cbDisConnect=0x7feff16be5f8, dwUser=(nil), lpInitParam=(nil)].
[2020-09-27T08:53:38.863 info Netsdk:41296 11406:11435 AVNetSDKMgr.cpp:670]Test avnetsdk module handle: 0x7fef706e4570

[2020-09-27T08:53:38.863 info Netsdk:41296 11406:11435 dhnetsdk.cpp:159]Leave CLIENT_InitEx.
[2020-09-27T08:53:38.864 info Netsdk:41296 11406:11435 Manager.cpp:13118]-------------------Log file reset, log number:10-log size:10240------------------
