[2020-09-27T08:52:39.176 info Netsdk:41296 7346:7368 dhnetsdk.cpp:190]Enter CLIENT_SetAutoReconnect:[cbAutoConnect=0x7f46bf5d42e8, dwUser=(nil)].
[2020-09-27T08:52:39.176 info Netsdk:41296 7346:7368 dhnetsdk.cpp:192]Leave CLIENT_SetAutoReconnect.
[2020-09-27T08:52:39.176 info Netsdk:41296 7346:7368 dhnetsdk.cpp:210]Enter CLIENT_SetConnectTime:[nWaitTime=5000, nTryTimes=1].
[2020-09-27T08:52:39.176 info Netsdk:41296 7346:7368 dhnetsdk.cpp:223]Leave CLIENT_SetConnectTime.
[2020-09-27T08:52:39.176 info Netsdk:41296 7346:7368 dhnetsdk.cpp:234]Enter CLIENT_SetNetworkParam:[nWaittime=0, nConnectTime=10000, nConnectTryNum=0, nSubConnectSpaceTime=0, nGetDevInfoTime=0, nConnectBufSize=0, nGetConnInfoTime=3000, nSearchRecordTime=0, nsubDisconnetTime=0, byNetType=0, byPlaybackBufSize=0, bDetectDisconnTime=0, bKeepLifeInterval=0, nPicBufSize=0].
[2020-09-27T08:52:39.176 info Netsdk:41296 7346:7368 dhnetsdk.cpp:249]Leave CLIENT_SetNetworkParam.
[2020-09-27T08:52:39.176 info Netsdk:41296 7346:7368 dhnetsdk.cpp:586]Enter CLIENT_LoginEx2. IP:192.168.25.109, port:37777, SpeCap:0, lpDeviceInfo:0x7f4634909900.
[2020-09-27T08:52:39.176 error Netsdk:41296 7346:7368 TPTCPClient.cpp:423]connect() failed: Operation now in progress
Begin Time:2020-09-27T08:52:39.476
[2020-09-27T08:52:39.476 info Netsdk:41296 12895:12920 dhnetsdk.cpp:190]Enter CLIENT_SetAutoReconnect:[cbAutoConnect=0x7f2c4fd13390, dwUser=(nil)].
[2020-09-27T08:52:39.476 info Netsdk:41296 12895:12920 dhnetsdk.cpp:192]Leave CLIENT_SetAutoReconnect.
[2020-09-27T08:52:39.476 info Netsdk:41296 12895:12920 dhnetsdk.cpp:210]Enter CLIENT_SetConnectTime:[nWaitTime=5000, nTryTimes=1].
[2020-09-27T08:52:39.476 info Netsdk:41296 12895:12920 dhnetsdk.cpp:223]Leave CLIENT_SetConnectTime.
[2020-09-27T08:52:39.476 info Netsdk:41296 12895:12920 dhnetsdk.cpp:234]Enter CLIENT_SetNetworkParam:[nWaittime=0, nConnectTime=10000, nConnectTryNum=0, nSubConnectSpaceTime=0, nGetDevInfoTime=0, nConnectBufSize=0, nGetConnInfoTime=3000, nSearchRecordTime=0, nsubDisconnetTime=0, byNetType=0, byPlaybackBufSize=0, bDetectDisconnTime=0, bKeepLifeInterval=0, nPicBufSize=0].
[2020-09-27T08:52:39.476 info Netsdk:41296 12895:12920 dhnetsdk.cpp:249]Leave CLIENT_SetNetworkParam.
[2020-09-27T08:52:39.476 info Netsdk:41296 12895:12920 dhnetsdk.cpp:586]Enter CLIENT_LoginEx2. IP:192.168.25.109, port:37777, SpeCap:0, lpDeviceInfo:0x7f2bb8883f10.
[2020-09-27T08:52:39.476 error Netsdk:41296 12895:12920 TPTCPClient.cpp:423]connect() failed: Operation now in progress
[2020-09-27T08:52:39.495 info Netsdk:41296 7346:7368 dhnetsdk.cpp:622]Leave CLIENT_LoginEx2. error:0, login ID:139939506333712.
[2020-09-27T08:52:39.496 info Netsdk:41296 7346:7368 dhnetsdk.cpp:7400]Enter CLIENT_SetSnapRevCallBack. [OnSnapRevMessage=0x7f46bf5d4320, dwUser=(nil).]
[2020-09-27T08:52:39.496 info Netsdk:41296 7346:7368 dhnetsdk.cpp:7403]Leave CLIENT_SetSnapRevCallBack.
[2020-09-27T08:52:39.496 info Netsdk:41296 7346:7368 dhnetsdk.cpp:7440]Enter CLIENT_SnapPictureEx. [lLoginID=139939506333712, par=0x7f46342bb9b0, reserved=0x7f46344ff100.]
[2020-09-27T08:52:39.496 info Netsdk:41296 7346:7368 dhnetsdk.cpp:7460]Leave CLIENT_SnapPictureEx. ret:1.
[2020-09-27T08:52:39.766 info Netsdk:41296 12895:12920 dhnetsdk.cpp:622]Leave CLIENT_LoginEx2. error:0, login ID:139825756261920.
[2020-09-27T08:52:39.767 info Netsdk:41296 12895:12920 dhnetsdk.cpp:7400]Enter CLIENT_SetSnapRevCallBack. [OnSnapRevMessage=0x7f2c4fd133c8, dwUser=(nil).]
[2020-09-27T08:52:39.767 info Netsdk:41296 12895:12920 dhnetsdk.cpp:7403]Leave CLIENT_SetSnapRevCallBack.
[2020-09-27T08:52:39.767 info Netsdk:41296 12895:12920 dhnetsdk.cpp:7440]Enter CLIENT_SnapPictureEx. [lLoginID=139825756261920, par=0x7f2bb805f6d0, reserved=0x7f2bb805eb80.]
[2020-09-27T08:52:39.767 info Netsdk:41296 12895:12920 dhnetsdk.cpp:7460]Leave CLIENT_SnapPictureEx. ret:1.
[2020-09-27T08:52:51.549 info Netsdk:41296 7346:7368 dhnetsdk.cpp:815]Enter CLIENT_Logout. lLoginID:139939506333712.
[2020-09-27T08:52:51.559 info Netsdk:41296 7346:7368 dhnetsdk.cpp:837]Leave CLIENT_Logout. ret:1
[2020-09-27T08:52:51.820 info Netsdk:41296 12895:12920 dhnetsdk.cpp:815]Enter CLIENT_Logout. lLoginID:139825756261920.
[2020-09-27T08:52:51.831 info Netsdk:41296 12895:12920 dhnetsdk.cpp:837]Leave CLIENT_Logout. ret:1
[2020-09-27T08:53:01.558 info Netsdk:41296 7346:7368 dhnetsdk.cpp:136]Enter CLIENT_InitEx:[cbDisConnect=0x7f46bf5d4358, dwUser=(nil), lpInitParam=(nil)].
[2020-09-27T08:53:01.559 info Netsdk:41296 7346:7368 AVNetSDKMgr.cpp:670]Test avnetsdk module handle: 0x7f4634739a10

[2020-09-27T08:53:01.559 info Netsdk:41296 7346:7368 dhnetsdk.cpp:159]Leave CLIENT_InitEx.
[2020-09-27T08:53:01.559 info Netsdk:41296 7346:7368 Manager.cpp:13118]-------------------Log file reset, log number:10-log size:10240------------------
[2020-09-27T08:53:01.830 info Netsdk:41296 12895:12920 dhnetsdk.cpp:136]Enter CLIENT_InitEx:[cbDisConnect=0x7f2c4fd13400, dwUser=(nil), lpInitParam=(nil)].
[2020-09-27T08:53:01.830 info Netsdk:41296 12895:12920 AVNetSDKMgr.cpp:670]Test avnetsdk module handle: 0x7f2bb86b3fc0

[2020-09-27T08:53:01.830 info Netsdk:41296 12895:12920 dhnetsdk.cpp:159]Leave CLIENT_InitEx.
[2020-09-27T08:53:01.830 info Netsdk:41296 12895:12920 Manager.cpp:13118]-------------------Log file reset, log number:10-log size:10240------------------
