[2020-09-27T08:53:14.151 info Netsdk:41296 12403:12439 dhnetsdk.cpp:190]Enter CLIENT_SetAutoReconnect:[cbAutoConnect=0x7fc7051274e0, dwUser=(nil)].
[2020-09-27T08:53:14.151 info Netsdk:41296 12403:12439 dhnetsdk.cpp:192]Leave CLIENT_SetAutoReconnect.
[2020-09-27T08:53:14.151 info Netsdk:41296 12403:12439 dhnetsdk.cpp:210]Enter CLIENT_SetConnectTime:[nWaitTime=5000, nTryTimes=1].
[2020-09-27T08:53:14.151 info Netsdk:41296 12403:12439 dhnetsdk.cpp:223]Leave CLIENT_SetConnectTime.
[2020-09-27T08:53:14.151 info Netsdk:41296 12403:12439 dhnetsdk.cpp:234]Enter CLIENT_SetNetworkParam:[nWaittime=0, nConnectTime=10000, nConnectTryNum=0, nSubConnectSpaceTime=0, nGetDevInfoTime=0, nConnectBufSize=0, nGetConnInfoTime=3000, nSearchRecordTime=0, nsubDisconnetTime=0, byNetType=0, byPlaybackBufSize=0, bDetectDisconnTime=0, bKeepLifeInterval=0, nPicBufSize=0].
[2020-09-27T08:53:14.151 info Netsdk:41296 12403:12439 dhnetsdk.cpp:249]Leave CLIENT_SetNetworkParam.
[2020-09-27T08:53:14.152 info Netsdk:41296 12403:12439 dhnetsdk.cpp:586]Enter CLIENT_LoginEx2. IP:192.168.25.109, port:37777, SpeCap:0, lpDeviceInfo:0x7fc6788938e0.
[2020-09-27T08:53:14.152 error Netsdk:41296 12403:12439 TPTCPClient.cpp:423]connect() failed: Operation now in progress
[2020-09-27T08:53:14.440 info Netsdk:41296 12403:12439 dhnetsdk.cpp:622]Leave CLIENT_LoginEx2. error:0, login ID:140490402514928.
[2020-09-27T08:53:14.440 info Netsdk:41296 12403:12439 dhnetsdk.cpp:7400]Enter CLIENT_SetSnapRevCallBack. [OnSnapRevMessage=0x7fc705127518, dwUser=(nil).]
[2020-09-27T08:53:14.440 info Netsdk:41296 12403:12439 dhnetsdk.cpp:7403]Leave CLIENT_SetSnapRevCallBack.
[2020-09-27T08:53:14.440 info Netsdk:41296 12403:12439 dhnetsdk.cpp:7440]Enter CLIENT_SnapPictureEx. [lLoginID=140490402514928, par=0x7fc67802d880, reserved=0x7fc678014db0.]
[2020-09-27T08:53:14.440 info Netsdk:41296 12403:12439 dhnetsdk.cpp:7460]Leave CLIENT_SnapPictureEx. ret:1.
Begin Time:2020-09-27T08:53:14.530
[2020-09-27T08:53:14.530 info Netsdk:41296 7543:7565 dhnetsdk.cpp:190]Enter CLIENT_SetAutoReconnect:[cbAutoConnect=0x7f1477d3e438, dwUser=(nil)].
[2020-09-27T08:53:14.530 info Netsdk:41296 7543:7565 dhnetsdk.cpp:192]Leave CLIENT_SetAutoReconnect.
[2020-09-27T08:53:14.530 info Netsdk:41296 7543:7565 dhnetsdk.cpp:210]Enter CLIENT_SetConnectTime:[nWaitTime=5000, nTryTimes=1].
[2020-09-27T08:53:14.530 info Netsdk:41296 7543:7565 dhnetsdk.cpp:223]Leave CLIENT_SetConnectTime.
[2020-09-27T08:53:14.531 info Netsdk:41296 7543:7565 dhnetsdk.cpp:234]Enter CLIENT_SetNetworkParam:[nWaittime=0, nConnectTime=10000, nConnectTryNum=0, nSubConnectSpaceTime=0, nGetDevInfoTime=0, nConnectBufSize=0, nGetConnInfoTime=3000, nSearchRecordTime=0, nsubDisconnetTime=0, byNetType=0, byPlaybackBufSize=0, bDetectDisconnTime=0, bKeepLifeInterval=0, nPicBufSize=0].
[2020-09-27T08:53:14.531 info Netsdk:41296 7543:7565 dhnetsdk.cpp:249]Leave CLIENT_SetNetworkParam.
[2020-09-27T08:53:14.531 info Netsdk:41296 7543:7565 dhnetsdk.cpp:586]Enter CLIENT_LoginEx2. IP:192.168.25.109, port:37777, SpeCap:0, lpDeviceInfo:0x7f13e486c0e0.
[2020-09-27T08:53:14.531 error Netsdk:41296 7543:7565 TPTCPClient.cpp:423]connect() failed: Operation now in progress
Begin Time:2020-09-27T08:53:14.558
[2020-09-27T08:53:14.558 info Netsdk:41296 14756:14797 dhnetsdk.cpp:190]Enter CLIENT_SetAutoReconnect:[cbAutoConnect=0x7f82632a9390, dwUser=(nil)].
[2020-09-27T08:53:14.558 info Netsdk:41296 14756:14797 dhnetsdk.cpp:192]Leave CLIENT_SetAutoReconnect.
[2020-09-27T08:53:14.558 info Netsdk:41296 14756:14797 dhnetsdk.cpp:210]Enter CLIENT_SetConnectTime:[nWaitTime=5000, nTryTimes=1].
[2020-09-27T08:53:14.558 info Netsdk:41296 14756:14797 dhnetsdk.cpp:223]Leave CLIENT_SetConnectTime.
[2020-09-27T08:53:14.559 info Netsdk:41296 14756:14797 dhnetsdk.cpp:234]Enter CLIENT_SetNetworkParam:[nWaittime=0, nConnectTime=10000, nConnectTryNum=0, nSubConnectSpaceTime=0, nGetDevInfoTime=0, nConnectBufSize=0, nGetConnInfoTime=3000, nSearchRecordTime=0, nsubDisconnetTime=0, byNetType=0, byPlaybackBufSize=0, bDetectDisconnTime=0, bKeepLifeInterval=0, nPicBufSize=0].
[2020-09-27T08:53:14.559 info Netsdk:41296 14756:14797 dhnetsdk.cpp:249]Leave CLIENT_SetNetworkParam.
[2020-09-27T08:53:14.559 info Netsdk:41296 14756:14797 dhnetsdk.cpp:586]Enter CLIENT_LoginEx2. IP:192.168.25.109, port:37777, SpeCap:0, lpDeviceInfo:0x7f81c885c250.
[2020-09-27T08:53:14.559 error Netsdk:41296 14756:14797 TPTCPClient.cpp:423]connect() failed: Operation now in progress
[2020-09-27T08:53:14.902 info Netsdk:41296 7543:7565 dhnetsdk.cpp:622]Leave CLIENT_LoginEx2. error:0, login ID:139723415146480.
[2020-09-27T08:53:14.903 info Netsdk:41296 7543:7565 dhnetsdk.cpp:7400]Enter CLIENT_SetSnapRevCallBack. [OnSnapRevMessage=0x7f1477d3e470, dwUser=(nil).]
[2020-09-27T08:53:14.903 info Netsdk:41296 7543:7565 dhnetsdk.cpp:7403]Leave CLIENT_SetSnapRevCallBack.
[2020-09-27T08:53:14.903 info Netsdk:41296 7543:7565 dhnetsdk.cpp:7440]Enter CLIENT_SnapPictureEx. [lLoginID=139723415146480, par=0x7f13e442bd60, reserved=0x7f13e40ea4a0.]
[2020-09-27T08:53:14.903 info Netsdk:41296 7543:7565 dhnetsdk.cpp:7460]Leave CLIENT_SnapPictureEx. ret:1.
[2020-09-27T08:53:14.925 info Netsdk:41296 14756:14797 dhnetsdk.cpp:622]Leave CLIENT_LoginEx2. error:0, login ID:140195391721792.
[2020-09-27T08:53:14.925 info Netsdk:41296 14756:14797 dhnetsdk.cpp:7400]Enter CLIENT_SetSnapRevCallBack. [OnSnapRevMessage=0x7f82632a93c8, dwUser=(nil).]
[2020-09-27T08:53:14.925 info Netsdk:41296 14756:14797 dhnetsdk.cpp:7403]Leave CLIENT_SetSnapRevCallBack.
[2020-09-27T08:53:14.926 info Netsdk:41296 14756:14797 dhnetsdk.cpp:7440]Enter CLIENT_SnapPictureEx. [lLoginID=140195391721792, par=0x7f81c805ea60, reserved=0x7f81c8059240.]
[2020-09-27T08:53:14.926 info Netsdk:41296 14756:14797 dhnetsdk.cpp:7460]Leave CLIENT_SnapPictureEx. ret:1.
[2020-09-27T08:53:26.494 info Netsdk:41296 12403:12439 dhnetsdk.cpp:815]Enter CLIENT_Logout. lLoginID:140490402514928.
[2020-09-27T08:53:26.504 info Netsdk:41296 12403:12439 dhnetsdk.cpp:837]Leave CLIENT_Logout. ret:1
[2020-09-27T08:53:26.957 info Netsdk:41296 7543:7565 dhnetsdk.cpp:815]Enter CLIENT_Logout. lLoginID:139723415146480.
[2020-09-27T08:53:26.967 info Netsdk:41296 7543:7565 dhnetsdk.cpp:837]Leave CLIENT_Logout. ret:1
[2020-09-27T08:53:26.980 info Netsdk:41296 14756:14797 dhnetsdk.cpp:815]Enter CLIENT_Logout. lLoginID:140195391721792.
[2020-09-27T08:53:26.991 info Netsdk:41296 14756:14797 dhnetsdk.cpp:837]Leave CLIENT_Logout. ret:1
[2020-09-27T08:53:36.504 info Netsdk:41296 12403:12439 dhnetsdk.cpp:136]Enter CLIENT_InitEx:[cbDisConnect=0x7fc705127550, dwUser=(nil), lpInitParam=(nil)].
[2020-09-27T08:53:36.505 info Netsdk:41296 12403:12439 AVNetSDKMgr.cpp:670]Test avnetsdk module handle: 0x7fc6786c3a50

[2020-09-27T08:53:36.505 info Netsdk:41296 12403:12439 dhnetsdk.cpp:159]Leave CLIENT_InitEx.
[2020-09-27T08:53:36.505 info Netsdk:41296 12403:12439 Manager.cpp:13118]-------------------Log file reset, log number:10-log size:10240------------------
[2020-09-27T08:53:36.967 info Netsdk:41296 7543:7565 dhnetsdk.cpp:136]Enter CLIENT_InitEx:[cbDisConnect=0x7f1477d3e4a8, dwUser=(nil), lpInitParam=(nil)].
[2020-09-27T08:53:36.967 info Netsdk:41296 7543:7565 AVNetSDKMgr.cpp:670]Test avnetsdk module handle: 0x7f13e469c260

[2020-09-27T08:53:36.967 info Netsdk:41296 7543:7565 dhnetsdk.cpp:159]Leave CLIENT_InitEx.
[2020-09-27T08:53:36.968 info Netsdk:41296 7543:7565 Manager.cpp:13118]-------------------Log file reset, log number:10-log size:10240------------------
[2020-09-27T08:53:36.990 info Netsdk:41296 14756:14797 dhnetsdk.cpp:136]Enter CLIENT_InitEx:[cbDisConnect=0x7f82632a9400, dwUser=(nil), lpInitParam=(nil)].
[2020-09-27T08:53:36.990 info Netsdk:41296 14756:14797 AVNetSDKMgr.cpp:670]Test avnetsdk module handle: 0x7f81c868c3c0

[2020-09-27T08:53:36.990 info Netsdk:41296 14756:14797 dhnetsdk.cpp:159]Leave CLIENT_InitEx.
[2020-09-27T08:53:36.990 info Netsdk:41296 14756:14797 Manager.cpp:13118]-------------------Log file reset, log number:10-log size:10240------------------
