[2020-09-27T08:51:18.459 info Netsdk:41296 5446:5468 dhnetsdk.cpp:190]Enter CLIENT_SetAutoReconnect:[cbAutoConnect=0x7fcd195a4630, dwUser=(nil)].
[2020-09-27T08:51:18.459 info Netsdk:41296 5446:5468 dhnetsdk.cpp:192]Leave CLIENT_SetAutoReconnect.
[2020-09-27T08:51:18.459 info Netsdk:41296 5446:5468 dhnetsdk.cpp:210]Enter CLIENT_SetConnectTime:[nWaitTime=5000, nTryTimes=1].
[2020-09-27T08:51:18.459 info Netsdk:41296 5446:5468 dhnetsdk.cpp:223]Leave CLIENT_SetConnectTime.
[2020-09-27T08:51:18.459 info Netsdk:41296 5446:5468 dhnetsdk.cpp:234]Enter CLIENT_SetNetworkParam:[nWaittime=0, nConnectTime=10000, nConnectTryNum=0, nSubConnectSpaceTime=0, nGetDevInfoTime=0, nConnectBufSize=0, nGetConnInfoTime=3000, nSearchRecordTime=0, nsubDisconnetTime=0, byNetType=0, byPlaybackBufSize=0, bDetectDisconnTime=0, bKeepLifeInterval=0, nPicBufSize=0].
[2020-09-27T08:51:18.459 info Netsdk:41296 5446:5468 dhnetsdk.cpp:249]Leave CLIENT_SetNetworkParam.
[2020-09-27T08:51:18.459 info Netsdk:41296 5446:5468 dhnetsdk.cpp:586]Enter CLIENT_LoginEx2. IP:192.168.25.109, port:37777, SpeCap:0, lpDeviceInfo:0x7fcc888bb910.
[2020-09-27T08:51:18.459 error Netsdk:41296 5446:5468 TPTCPClient.cpp:423]connect() failed: Operation now in progress
Begin Time:2020-09-27T08:51:18.627
[2020-09-27T08:51:18.627 info Netsdk:41296 14483:14518 AVNetSDKMgr.cpp:367]Load avnetsdk library dynamically
[2020-09-27T08:51:18.627 info Netsdk:41296 14483:14518 AVNetSDKMgr.cpp:391]avnetsdk module handle: 0x7fcce071c0a0

[2020-09-27T08:51:18.627 info Netsdk:41296 14483:14518 AVNetSDKMgr.cpp:717]Load configsdk dynamically
[2020-09-27T08:51:18.667 info Netsdk:41296 14483:14518 dhnetsdk.cpp:190]Enter CLIENT_SetAutoReconnect:[cbAutoConnect=0x7fcd70dc9048, dwUser=(nil)].
[2020-09-27T08:51:18.667 info Netsdk:41296 14483:14518 dhnetsdk.cpp:192]Leave CLIENT_SetAutoReconnect.
[2020-09-27T08:51:18.667 info Netsdk:41296 14483:14518 dhnetsdk.cpp:210]Enter CLIENT_SetConnectTime:[nWaitTime=5000, nTryTimes=1].
[2020-09-27T08:51:18.667 info Netsdk:41296 14483:14518 dhnetsdk.cpp:223]Leave CLIENT_SetConnectTime.
[2020-09-27T08:51:18.668 info Netsdk:41296 14483:14518 dhnetsdk.cpp:234]Enter CLIENT_SetNetworkParam:[nWaittime=0, nConnectTime=10000, nConnectTryNum=0, nSubConnectSpaceTime=0, nGetDevInfoTime=0, nConnectBufSize=0, nGetConnInfoTime=3000, nSearchRecordTime=0, nsubDisconnetTime=0, byNetType=0, byPlaybackBufSize=0, bDetectDisconnTime=0, bKeepLifeInterval=0, nPicBufSize=0].
[2020-09-27T08:51:18.668 info Netsdk:41296 14483:14518 dhnetsdk.cpp:249]Leave CLIENT_SetNetworkParam.
[2020-09-27T08:51:18.669 info Netsdk:41296 14483:14518 dhnetsdk.cpp:586]Enter CLIENT_LoginEx2. IP:192.168.25.109, port:37777, SpeCap:0, lpDeviceInfo:0x7fcce08ec040.
[2020-09-27T08:51:18.669 error Netsdk:41296 14483:14518 TPTCPClient.cpp:423]connect() failed: Operation now in progress
[2020-09-27T08:51:18.756 info Netsdk:41296 5446:5468 dhnetsdk.cpp:622]Leave CLIENT_LoginEx2. error:0, login ID:140516433934256.
[2020-09-27T08:51:18.756 info Netsdk:41296 5446:5468 dhnetsdk.cpp:7400]Enter CLIENT_SetSnapRevCallBack. [OnSnapRevMessage=0x7fcd195a4668, dwUser=(nil).]
[2020-09-27T08:51:18.756 info Netsdk:41296 5446:5468 dhnetsdk.cpp:7403]Leave CLIENT_SetSnapRevCallBack.
[2020-09-27T08:51:18.757 info Netsdk:41296 5446:5468 dhnetsdk.cpp:7440]Enter CLIENT_SnapPictureEx. [lLoginID=140516433934256, par=0x7fcc8800e650, reserved=0x7fcc8800d540.]
[2020-09-27T08:51:18.757 info Netsdk:41296 5446:5468 dhnetsdk.cpp:7460]Leave CLIENT_SnapPictureEx. ret:1.
[2020-09-27T08:51:18.957 info Netsdk:41296 14483:14518 dhnetsdk.cpp:622]Leave CLIENT_LoginEx2. error:0, login ID:140517917511472.
[2020-09-27T08:51:18.957 info Netsdk:41296 14483:14518 dhnetsdk.cpp:7400]Enter CLIENT_SetSnapRevCallBack. [OnSnapRevMessage=0x7fcd70dc9080, dwUser=(nil).]
[2020-09-27T08:51:18.957 info Netsdk:41296 14483:14518 dhnetsdk.cpp:7403]Leave CLIENT_SetSnapRevCallBack.
[2020-09-27T08:51:18.958 info Netsdk:41296 14483:14518 dhnetsdk.cpp:7440]Enter CLIENT_SnapPictureEx. [lLoginID=140517917511472, par=0x7fcce08ece90, reserved=0x7fcce08ec1b0.]
[2020-09-27T08:51:18.958 info Netsdk:41296 14483:14518 dhnetsdk.cpp:7460]Leave CLIENT_SnapPictureEx. ret:1.
[2020-09-27T08:51:30.011 info Netsdk:41296 14483:14518 dhnetsdk.cpp:815]Enter CLIENT_Logout. lLoginID:140517917511472.
[2020-09-27T08:51:30.022 info Netsdk:41296 14483:14518 dhnetsdk.cpp:837]Leave CLIENT_Logout. ret:1
[2020-09-27T08:51:30.810 info Netsdk:41296 5446:5468 dhnetsdk.cpp:815]Enter CLIENT_Logout. lLoginID:140516433934256.
[2020-09-27T08:51:30.820 info Netsdk:41296 5446:5468 dhnetsdk.cpp:837]Leave CLIENT_Logout. ret:1
[2020-09-27T08:51:40.022 info Netsdk:41296 14483:14518 dhnetsdk.cpp:136]Enter CLIENT_InitEx:[cbDisConnect=0x7fcd70dc90b8, dwUser=(nil), lpInitParam=(nil)].
[2020-09-27T08:51:40.022 info Netsdk:41296 14483:14518 AVNetSDKMgr.cpp:670]Test avnetsdk module handle: 0x7fcce071c0a0

[2020-09-27T08:51:40.022 info Netsdk:41296 14483:14518 dhnetsdk.cpp:159]Leave CLIENT_InitEx.
[2020-09-27T08:51:40.023 info Netsdk:41296 14483:14518 Manager.cpp:13118]-------------------Log file reset, log number:10-log size:10240------------------
[2020-09-27T08:51:40.820 info Netsdk:41296 5446:5468 dhnetsdk.cpp:136]Enter CLIENT_InitEx:[cbDisConnect=0x7fcd195a46a0, dwUser=(nil), lpInitParam=(nil)].
[2020-09-27T08:51:40.820 info Netsdk:41296 5446:5468 AVNetSDKMgr.cpp:670]Test avnetsdk module handle: 0x7fcc886eba20

[2020-09-27T08:51:40.820 info Netsdk:41296 5446:5468 dhnetsdk.cpp:159]Leave CLIENT_InitEx.
[2020-09-27T08:51:40.821 info Netsdk:41296 5446:5468 Manager.cpp:13118]-------------------Log file reset, log number:10-log size:10240------------------
