[2020-09-27T08:51:20.035 info Netsdk:41296 13412:13439 dhnetsdk.cpp:190]Enter CLIENT_SetAutoReconnect:[cbAutoConnect=0x7f0b3f7580f0, dwUser=(nil)].
[2020-09-27T08:51:20.035 info Netsdk:41296 13412:13439 dhnetsdk.cpp:192]Leave CLIENT_SetAutoReconnect.
[2020-09-27T08:51:20.035 info Netsdk:41296 13412:13439 dhnetsdk.cpp:210]Enter CLIENT_SetConnectTime:[nWaitTime=5000, nTryTimes=1].
[2020-09-27T08:51:20.035 info Netsdk:41296 13412:13439 dhnetsdk.cpp:223]Leave CLIENT_SetConnectTime.
[2020-09-27T08:51:20.035 info Netsdk:41296 13412:13439 dhnetsdk.cpp:234]Enter CLIENT_SetNetworkParam:[nWaittime=0, nConnectTime=10000, nConnectTryNum=0, nSubConnectSpaceTime=0, nGetDevInfoTime=0, nConnectBufSize=0, nGetConnInfoTime=3000, nSearchRecordTime=0, nsubDisconnetTime=0, byNetType=0, byPlaybackBufSize=0, bDetectDisconnTime=0, bKeepLifeInterval=0, nPicBufSize=0].
[2020-09-27T08:51:20.035 info Netsdk:41296 13412:13439 dhnetsdk.cpp:249]Leave CLIENT_SetNetworkParam.
[2020-09-27T08:51:20.035 info Netsdk:41296 13412:13439 dhnetsdk.cpp:586]Enter CLIENT_LoginEx2. IP:192.168.25.109, port:37777, SpeCap:0, lpDeviceInfo:0x7f0ab48d3cd0.
[2020-09-27T08:51:20.035 error Netsdk:41296 13412:13439 TPTCPClient.cpp:423]connect() failed: Operation now in progress
[2020-09-27T08:51:20.314 info Netsdk:41296 13412:13439 dhnetsdk.cpp:622]Leave CLIENT_LoginEx2. error:0, login ID:139683955559392.
[2020-09-27T08:51:20.315 info Netsdk:41296 13412:13439 dhnetsdk.cpp:7400]Enter CLIENT_SetSnapRevCallBack. [OnSnapRevMessage=0x7f0b3f758128, dwUser=(nil).]
[2020-09-27T08:51:20.315 info Netsdk:41296 13412:13439 dhnetsdk.cpp:7403]Leave CLIENT_SetSnapRevCallBack.
[2020-09-27T08:51:20.315 info Netsdk:41296 13412:13439 dhnetsdk.cpp:7440]Enter CLIENT_SnapPictureEx. [lLoginID=139683955559392, par=0x7f0ab48d83e0, reserved=0x7f0ab44ca090.]
[2020-09-27T08:51:20.315 info Netsdk:41296 13412:13439 dhnetsdk.cpp:7460]Leave CLIENT_SnapPictureEx. ret:1.
Begin Time:2020-09-27T08:51:20.791
[2020-09-27T08:51:20.791 info Netsdk:41296 4764:4786 dhnetsdk.cpp:190]Enter CLIENT_SetAutoReconnect:[cbAutoConnect=0x7f60dffca6d8, dwUser=(nil)].
[2020-09-27T08:51:20.791 info Netsdk:41296 4764:4786 dhnetsdk.cpp:192]Leave CLIENT_SetAutoReconnect.
[2020-09-27T08:51:20.791 info Netsdk:41296 4764:4786 dhnetsdk.cpp:210]Enter CLIENT_SetConnectTime:[nWaitTime=5000, nTryTimes=1].
[2020-09-27T08:51:20.791 info Netsdk:41296 4764:4786 dhnetsdk.cpp:223]Leave CLIENT_SetConnectTime.
[2020-09-27T08:51:20.791 info Netsdk:41296 4764:4786 dhnetsdk.cpp:234]Enter CLIENT_SetNetworkParam:[nWaittime=0, nConnectTime=10000, nConnectTryNum=0, nSubConnectSpaceTime=0, nGetDevInfoTime=0, nConnectBufSize=0, nGetConnInfoTime=3000, nSearchRecordTime=0, nsubDisconnetTime=0, byNetType=0, byPlaybackBufSize=0, bDetectDisconnTime=0, bKeepLifeInterval=0, nPicBufSize=0].
[2020-09-27T08:51:20.791 info Netsdk:41296 4764:4786 dhnetsdk.cpp:249]Leave CLIENT_SetNetworkParam.
[2020-09-27T08:51:20.791 info Netsdk:41296 4764:4786 dhnetsdk.cpp:586]Enter CLIENT_LoginEx2. IP:192.168.25.109, port:37777, SpeCap:0, lpDeviceInfo:0x7f6060903c50.
[2020-09-27T08:51:20.791 error Netsdk:41296 4764:4786 TPTCPClient.cpp:423]connect() failed: Operation now in progress
[2020-09-27T08:51:21.076 info Netsdk:41296 4764:4786 dhnetsdk.cpp:622]Leave CLIENT_LoginEx2. error:0, login ID:140051913657184.
[2020-09-27T08:51:21.077 info Netsdk:41296 4764:4786 dhnetsdk.cpp:7400]Enter CLIENT_SetSnapRevCallBack. [OnSnapRevMessage=0x7f60dffca710, dwUser=(nil).]
[2020-09-27T08:51:21.077 info Netsdk:41296 4764:4786 dhnetsdk.cpp:7403]Leave CLIENT_SetSnapRevCallBack.
[2020-09-27T08:51:21.077 info Netsdk:41296 4764:4786 dhnetsdk.cpp:7440]Enter CLIENT_SnapPictureEx. [lLoginID=140051913657184, par=0x7f6060110a20, reserved=0x7f606010b5b0.]
[2020-09-27T08:51:21.077 info Netsdk:41296 4764:4786 dhnetsdk.cpp:7460]Leave CLIENT_SnapPictureEx. ret:1.
[2020-09-27T08:51:32.369 info Netsdk:41296 13412:13439 dhnetsdk.cpp:815]Enter CLIENT_Logout. lLoginID:139683955559392.
[2020-09-27T08:51:32.379 info Netsdk:41296 13412:13439 dhnetsdk.cpp:837]Leave CLIENT_Logout. ret:1
[2020-09-27T08:51:33.131 info Netsdk:41296 4764:4786 dhnetsdk.cpp:815]Enter CLIENT_Logout. lLoginID:140051913657184.
[2020-09-27T08:51:33.141 info Netsdk:41296 4764:4786 dhnetsdk.cpp:837]Leave CLIENT_Logout. ret:1
[2020-09-27T08:51:42.379 info Netsdk:41296 13412:13439 dhnetsdk.cpp:136]Enter CLIENT_InitEx:[cbDisConnect=0x7f0b3f758160, dwUser=(nil), lpInitParam=(nil)].
[2020-09-27T08:51:42.379 info Netsdk:41296 13412:13439 AVNetSDKMgr.cpp:670]Test avnetsdk module handle: 0x7f0ab4703d70

[2020-09-27T08:51:42.379 info Netsdk:41296 13412:13439 dhnetsdk.cpp:159]Leave CLIENT_InitEx.
[2020-09-27T08:51:42.380 info Netsdk:41296 13412:13439 Manager.cpp:13118]-------------------Log file reset, log number:10-log size:10240------------------
[2020-09-27T08:51:43.141 info Netsdk:41296 4764:4786 dhnetsdk.cpp:136]Enter CLIENT_InitEx:[cbDisConnect=0x7f60dffca748, dwUser=(nil), lpInitParam=(nil)].
[2020-09-27T08:51:43.141 info Netsdk:41296 4764:4786 AVNetSDKMgr.cpp:670]Test avnetsdk module handle: 0x7f6060733d20

[2020-09-27T08:51:43.141 info Netsdk:41296 4764:4786 dhnetsdk.cpp:159]Leave CLIENT_InitEx.
[2020-09-27T08:51:43.141 info Netsdk:41296 4764:4786 Manager.cpp:13118]-------------------Log file reset, log number:10-log size:10240------------------
