[2020-09-27T08:50:18.528 info Netsdk:41296 11406:11435 AVNetSDKMgr.cpp:367]Load avnetsdk library dynamically
[2020-09-27T08:50:18.528 info Netsdk:41296 11406:11435 AVNetSDKMgr.cpp:391]avnetsdk module handle: 0x7fef706e4570

[2020-09-27T08:50:18.528 info Netsdk:41296 11406:11435 AVNetSDKMgr.cpp:717]Load configsdk dynamically
[2020-09-27T08:50:18.547 info Netsdk:41296 11406:11435 dhnetsdk.cpp:190]Enter CLIENT_SetAutoReconnect:[cbAutoConnect=0x7feff16be048, dwUser=(nil)].
[2020-09-27T08:50:18.547 info Netsdk:41296 11406:11435 dhnetsdk.cpp:192]Leave CLIENT_SetAutoReconnect.
[2020-09-27T08:50:18.547 info Netsdk:41296 11406:11435 dhnetsdk.cpp:210]Enter CLIENT_SetConnectTime:[nWaitTime=5000, nTryTimes=1].
[2020-09-27T08:50:18.547 info Netsdk:41296 11406:11435 dhnetsdk.cpp:223]Leave CLIENT_SetConnectTime.
[2020-09-27T08:50:18.547 info Netsdk:41296 11406:11435 dhnetsdk.cpp:234]Enter CLIENT_SetNetworkParam:[nWaittime=0, nConnectTime=10000, nConnectTryNum=0, nSubConnectSpaceTime=0, nGetDevInfoTime=0, nConnectBufSize=0, nGetConnInfoTime=3000, nSearchRecordTime=0, nsubDisconnetTime=0, byNetType=0, byPlaybackBufSize=0, bDetectDisconnTime=0, bKeepLifeInterval=0, nPicBufSize=0].
[2020-09-27T08:50:18.548 info Netsdk:41296 11406:11435 dhnetsdk.cpp:249]Leave CLIENT_SetNetworkParam.
[2020-09-27T08:50:18.548 info Netsdk:41296 11406:11435 dhnetsdk.cpp:586]Enter CLIENT_LoginEx2. IP:192.168.25.109, port:37777, SpeCap:0, lpDeviceInfo:0x7fef708b4460.
[2020-09-27T08:50:18.548 error Netsdk:41296 11406:11435 TPTCPClient.cpp:423]connect() failed: Operation now in progress
Begin Time:2020-09-27T08:50:18.708
[2020-09-27T08:50:18.708 info Netsdk:41296 4948:4970 dhnetsdk.cpp:190]Enter CLIENT_SetAutoReconnect:[cbAutoConnect=0x7fc5148c94e0, dwUser=(nil)].
[2020-09-27T08:50:18.708 info Netsdk:41296 4948:4970 dhnetsdk.cpp:192]Leave CLIENT_SetAutoReconnect.
[2020-09-27T08:50:18.708 info Netsdk:41296 4948:4970 dhnetsdk.cpp:210]Enter CLIENT_SetConnectTime:[nWaitTime=5000, nTryTimes=1].
[2020-09-27T08:50:18.708 info Netsdk:41296 4948:4970 dhnetsdk.cpp:223]Leave CLIENT_SetConnectTime.
[2020-09-27T08:50:18.708 info Netsdk:41296 4948:4970 dhnetsdk.cpp:234]Enter CLIENT_SetNetworkParam:[nWaittime=0, nConnectTime=10000, nConnectTryNum=0, nSubConnectSpaceTime=0, nGetDevInfoTime=0, nConnectBufSize=0, nGetConnInfoTime=3000, nSearchRecordTime=0, nsubDisconnetTime=0, byNetType=0, byPlaybackBufSize=0, bDetectDisconnTime=0, bKeepLifeInterval=0, nPicBufSize=0].
[2020-09-27T08:50:18.708 info Netsdk:41296 4948:4970 dhnetsdk.cpp:249]Leave CLIENT_SetNetworkParam.
[2020-09-27T08:50:18.708 info Netsdk:41296 4948:4970 dhnetsdk.cpp:586]Enter CLIENT_LoginEx2. IP:192.168.25.109, port:37777, SpeCap:0, lpDeviceInfo:0x7fc49484c020.
[2020-09-27T08:50:18.708 error Netsdk:41296 4948:4970 TPTCPClient.cpp:423]connect() failed: Operation now in progress
[2020-09-27T08:50:18.933 info Netsdk:41296 11406:11435 dhnetsdk.cpp:622]Leave CLIENT_LoginEx2. error:0, login ID:140666362090352.
[2020-09-27T08:50:18.936 info Netsdk:41296 11406:11435 dhnetsdk.cpp:7400]Enter CLIENT_SetSnapRevCallBack. [OnSnapRevMessage=0x7feff16be080, dwUser=(nil).]
[2020-09-27T08:50:18.936 info Netsdk:41296 11406:11435 dhnetsdk.cpp:7403]Leave CLIENT_SetSnapRevCallBack.
[2020-09-27T08:50:18.936 info Netsdk:41296 11406:11435 dhnetsdk.cpp:7440]Enter CLIENT_SnapPictureEx. [lLoginID=140666362090352, par=0x7fef708b5230, reserved=0x7fef708b45d0.]
[2020-09-27T08:50:18.936 info Netsdk:41296 11406:11435 dhnetsdk.cpp:7460]Leave CLIENT_SnapPictureEx. ret:1.
[2020-09-27T08:50:19.032 info Netsdk:41296 4948:4970 dhnetsdk.cpp:622]Leave CLIENT_LoginEx2. error:0, login ID:140482282049328.
[2020-09-27T08:50:19.032 info Netsdk:41296 4948:4970 dhnetsdk.cpp:7400]Enter CLIENT_SetSnapRevCallBack. [OnSnapRevMessage=0x7fc5148c9518, dwUser=(nil).]
[2020-09-27T08:50:19.032 info Netsdk:41296 4948:4970 dhnetsdk.cpp:7403]Leave CLIENT_SetSnapRevCallBack.
[2020-09-27T08:50:19.033 info Netsdk:41296 4948:4970 dhnetsdk.cpp:7440]Enter CLIENT_SnapPictureEx. [lLoginID=140482282049328, par=0x7fc49415f850, reserved=0x7fc494174e30.]
[2020-09-27T08:50:19.033 info Netsdk:41296 4948:4970 dhnetsdk.cpp:7460]Leave CLIENT_SnapPictureEx. ret:1.
[2020-09-27T08:50:29.990 info Netsdk:41296 11406:11435 dhnetsdk.cpp:815]Enter CLIENT_Logout. lLoginID:140666362090352.
[2020-09-27T08:50:30.000 info Netsdk:41296 11406:11435 dhnetsdk.cpp:837]Leave CLIENT_Logout. ret:1
[2020-09-27T08:50:31.087 info Netsdk:41296 4948:4970 dhnetsdk.cpp:815]Enter CLIENT_Logout. lLoginID:140482282049328.
[2020-09-27T08:50:31.097 info Netsdk:41296 4948:4970 dhnetsdk.cpp:837]Leave CLIENT_Logout. ret:1
[2020-09-27T08:50:40.000 info Netsdk:41296 11406:11435 dhnetsdk.cpp:136]Enter CLIENT_InitEx:[cbDisConnect=0x7feff16be0b8, dwUser=(nil), lpInitParam=(nil)].
[2020-09-27T08:50:40.000 info Netsdk:41296 11406:11435 AVNetSDKMgr.cpp:670]Test avnetsdk module handle: 0x7fef706e4570

[2020-09-27T08:50:40.000 info Netsdk:41296 11406:11435 dhnetsdk.cpp:159]Leave CLIENT_InitEx.
[2020-09-27T08:50:40.001 info Netsdk:41296 11406:11435 Manager.cpp:13118]-------------------Log file reset, log number:10-log size:10240------------------
[2020-09-27T08:50:41.097 info Netsdk:41296 4948:4970 dhnetsdk.cpp:136]Enter CLIENT_InitEx:[cbDisConnect=0x7fc5148c9550, dwUser=(nil), lpInitParam=(nil)].
[2020-09-27T08:50:41.097 info Netsdk:41296 4948:4970 AVNetSDKMgr.cpp:670]Test avnetsdk module handle: 0x7fc49467c1a0

[2020-09-27T08:50:41.097 info Netsdk:41296 4948:4970 dhnetsdk.cpp:159]Leave CLIENT_InitEx.
[2020-09-27T08:50:41.098 info Netsdk:41296 4948:4970 Manager.cpp:13118]-------------------Log file reset, log number:10-log size:10240------------------
