[2020-09-16T16:38:46.738 info Netsdk:41296 5076:5102 AVNetSDKMgr.cpp:367]Load avnetsdk library dynamically
[2020-09-16T16:38:46.738 info Netsdk:41296 5076:5102 AVNetSDKMgr.cpp:391]avnetsdk module handle: 0x7fa03c6e3ff0

[2020-09-16T16:38:46.739 info Netsdk:41296 5076:5102 AVNetSDKMgr.cpp:717]Load configsdk dynamically
[2020-09-16T16:38:46.765 info Netsdk:41296 5076:5102 dhnetsdk.cpp:190]Enter CLIENT_SetAutoReconnect:[cbAutoConnect=0x7fa0bdf80048, dwUser=(nil)].
[2020-09-16T16:38:46.765 info Netsdk:41296 5076:5102 dhnetsdk.cpp:192]Leave CLIENT_SetAutoReconnect.
[2020-09-16T16:38:46.765 info Netsdk:41296 5076:5102 dhnetsdk.cpp:210]Enter CLIENT_SetConnectTime:[nWaitTime=5000, nTryTimes=1].
[2020-09-16T16:38:46.765 info Netsdk:41296 5076:5102 dhnetsdk.cpp:223]Leave CLIENT_SetConnectTime.
[2020-09-16T16:38:46.765 info Netsdk:41296 5076:5102 dhnetsdk.cpp:234]Enter CLIENT_SetNetworkParam:[nWaittime=0, nConnectTime=10000, nConnectTryNum=0, nSubConnectSpaceTime=0, nGetDevInfoTime=0, nConnectBufSize=0, nGetConnInfoTime=3000, nSearchRecordTime=0, nsubDisconnetTime=0, byNetType=0, byPlaybackBufSize=0, bDetectDisconnTime=0, bKeepLifeInterval=0, nPicBufSize=0].
[2020-09-16T16:38:46.765 info Netsdk:41296 5076:5102 dhnetsdk.cpp:249]Leave CLIENT_SetNetworkParam.
[2020-09-16T16:38:46.766 info Netsdk:41296 5076:5102 dhnetsdk.cpp:586]Enter CLIENT_LoginEx2. IP:192.168.25.109, port:37777, SpeCap:0, lpDeviceInfo:0x7fa03c8b3fa0.
[2020-09-16T16:38:46.766 error Netsdk:41296 5076:5102 TPTCPClient.cpp:423]connect() failed: Operation now in progress
[2020-09-16T16:38:47.051 info Netsdk:41296 5076:5102 dhnetsdk.cpp:622]Leave CLIENT_LoginEx2. error:0, login ID:140326187257520.
[2020-09-16T16:38:47.052 info Netsdk:41296 5076:5102 dhnetsdk.cpp:7400]Enter CLIENT_SetSnapRevCallBack. [OnSnapRevMessage=0x7fa0bdf80080, dwUser=(nil).]
[2020-09-16T16:38:47.052 info Netsdk:41296 5076:5102 dhnetsdk.cpp:7403]Leave CLIENT_SetSnapRevCallBack.
[2020-09-16T16:38:47.053 info Netsdk:41296 5076:5102 dhnetsdk.cpp:7440]Enter CLIENT_SnapPictureEx. [lLoginID=140326187257520, par=0x7fa03c8b4d70, reserved=0x7fa03c8b4110.]
[2020-09-16T16:38:47.053 info Netsdk:41296 5076:5102 dhnetsdk.cpp:7460]Leave CLIENT_SnapPictureEx. ret:1.
[2020-09-16T16:38:58.107 info Netsdk:41296 5076:5102 dhnetsdk.cpp:815]Enter CLIENT_Logout. lLoginID:140326187257520.
[2020-09-16T16:38:58.117 info Netsdk:41296 5076:5102 dhnetsdk.cpp:837]Leave CLIENT_Logout. ret:1
[2020-09-16T16:39:08.117 info Netsdk:41296 5076:5102 dhnetsdk.cpp:136]Enter CLIENT_InitEx:[cbDisConnect=0x7fa0bdf800b8, dwUser=(nil), lpInitParam=(nil)].
[2020-09-16T16:39:08.117 info Netsdk:41296 5076:5102 AVNetSDKMgr.cpp:670]Test avnetsdk module handle: 0x7fa03c6e3ff0

[2020-09-16T16:39:08.117 info Netsdk:41296 5076:5102 dhnetsdk.cpp:159]Leave CLIENT_InitEx.
[2020-09-16T16:39:08.117 info Netsdk:41296 5076:5102 Manager.cpp:13118]-------------------Log file reset, log number:10-log size:10240------------------
