[2020-09-16T15:38:05.008 info Netsdk:41296 2108:2135 dhnetsdk.cpp:190]Enter CLIENT_SetAutoReconnect:[cbAutoConnect=0x7f169eb12240, dwUser=(nil)].
[2020-09-16T15:38:05.009 info Netsdk:41296 2108:2135 dhnetsdk.cpp:192]Leave CLIENT_SetAutoReconnect.
[2020-09-16T15:38:05.009 info Netsdk:41296 2108:2135 dhnetsdk.cpp:210]Enter CLIENT_SetConnectTime:[nWaitTime=5000, nTryTimes=1].
[2020-09-16T15:38:05.009 info Netsdk:41296 2108:2135 dhnetsdk.cpp:223]Leave CLIENT_SetConnectTime.
[2020-09-16T15:38:05.009 info Netsdk:41296 2108:2135 dhnetsdk.cpp:234]Enter CLIENT_SetNetworkParam:[nWaittime=0, nConnectTime=10000, nConnectTryNum=0, nSubConnectSpaceTime=0, nGetDevInfoTime=0, nConnectBufSize=0, nGetConnInfoTime=3000, nSearchRecordTime=0, nsubDisconnetTime=0, byNetType=0, byPlaybackBufSize=0, bDetectDisconnTime=0, bKeepLifeInterval=0, nPicBufSize=0].
[2020-09-16T15:38:05.009 info Netsdk:41296 2108:2135 dhnetsdk.cpp:249]Leave CLIENT_SetNetworkParam.
[2020-09-16T15:38:05.009 info Netsdk:41296 2108:2135 dhnetsdk.cpp:586]Enter CLIENT_LoginEx2. IP:192.168.25.109, port:37777, SpeCap:0, lpDeviceInfo:0x7f16288f39f0.
[2020-09-16T15:38:05.009 error Netsdk:41296 2108:2135 TPTCPClient.cpp:423]connect() failed: Operation now in progress
[2020-09-16T15:38:05.288 info Netsdk:41296 2108:2135 dhnetsdk.cpp:622]Leave CLIENT_LoginEx2. error:0, login ID:139733146487040.
[2020-09-16T15:38:05.289 info Netsdk:41296 2108:2135 dhnetsdk.cpp:7400]Enter CLIENT_SetSnapRevCallBack. [OnSnapRevMessage=0x7f169eb12278, dwUser=(nil).]
[2020-09-16T15:38:05.289 info Netsdk:41296 2108:2135 dhnetsdk.cpp:7403]Leave CLIENT_SetSnapRevCallBack.
[2020-09-16T15:38:05.290 info Netsdk:41296 2108:2135 dhnetsdk.cpp:7440]Enter CLIENT_SnapPictureEx. [lLoginID=139733146487040, par=0x7f16285ec450, reserved=0x7f16288f3a60.]
[2020-09-16T15:38:05.290 info Netsdk:41296 2108:2135 dhnetsdk.cpp:7460]Leave CLIENT_SnapPictureEx. ret:1.
Begin Time:2020-09-16T15:38:05.397
[2020-09-16T15:38:05.397 info Netsdk:41296 2452:2474 dhnetsdk.cpp:190]Enter CLIENT_SetAutoReconnect:[cbAutoConnect=0x7ff140478630, dwUser=(nil)].
[2020-09-16T15:38:05.397 info Netsdk:41296 2452:2474 dhnetsdk.cpp:192]Leave CLIENT_SetAutoReconnect.
[2020-09-16T15:38:05.397 info Netsdk:41296 2452:2474 dhnetsdk.cpp:210]Enter CLIENT_SetConnectTime:[nWaitTime=5000, nTryTimes=1].
[2020-09-16T15:38:05.397 info Netsdk:41296 2452:2474 dhnetsdk.cpp:223]Leave CLIENT_SetConnectTime.
[2020-09-16T15:38:05.398 info Netsdk:41296 2452:2474 dhnetsdk.cpp:234]Enter CLIENT_SetNetworkParam:[nWaittime=0, nConnectTime=10000, nConnectTryNum=0, nSubConnectSpaceTime=0, nGetDevInfoTime=0, nConnectBufSize=0, nGetConnInfoTime=3000, nSearchRecordTime=0, nsubDisconnetTime=0, byNetType=0, byPlaybackBufSize=0, bDetectDisconnTime=0, bKeepLifeInterval=0, nPicBufSize=0].
[2020-09-16T15:38:05.398 info Netsdk:41296 2452:2474 dhnetsdk.cpp:249]Leave CLIENT_SetNetworkParam.
[2020-09-16T15:38:05.398 info Netsdk:41296 2452:2474 dhnetsdk.cpp:586]Enter CLIENT_LoginEx2. IP:192.168.25.109, port:37777, SpeCap:0, lpDeviceInfo:0x7ff0c4883b90.
[2020-09-16T15:38:05.398 error Netsdk:41296 2452:2474 TPTCPClient.cpp:423]connect() failed: Operation now in progress
Begin Time:2020-09-16T15:38:05.658
[2020-09-16T15:38:05.658 info Netsdk:41296 4168:4190 dhnetsdk.cpp:190]Enter CLIENT_SetAutoReconnect:[cbAutoConnect=0x7f4d1fe404e0, dwUser=(nil)].
[2020-09-16T15:38:05.658 info Netsdk:41296 4168:4190 dhnetsdk.cpp:192]Leave CLIENT_SetAutoReconnect.
[2020-09-16T15:38:05.658 info Netsdk:41296 4168:4190 dhnetsdk.cpp:210]Enter CLIENT_SetConnectTime:[nWaitTime=5000, nTryTimes=1].
[2020-09-16T15:38:05.658 info Netsdk:41296 4168:4190 dhnetsdk.cpp:223]Leave CLIENT_SetConnectTime.
[2020-09-16T15:38:05.659 info Netsdk:41296 4168:4190 dhnetsdk.cpp:234]Enter CLIENT_SetNetworkParam:[nWaittime=0, nConnectTime=10000, nConnectTryNum=0, nSubConnectSpaceTime=0, nGetDevInfoTime=0, nConnectBufSize=0, nGetConnInfoTime=3000, nSearchRecordTime=0, nsubDisconnetTime=0, byNetType=0, byPlaybackBufSize=0, bDetectDisconnTime=0, bKeepLifeInterval=0, nPicBufSize=0].
[2020-09-16T15:38:05.659 info Netsdk:41296 4168:4190 dhnetsdk.cpp:249]Leave CLIENT_SetNetworkParam.
[2020-09-16T15:38:05.659 info Netsdk:41296 4168:4190 dhnetsdk.cpp:586]Enter CLIENT_LoginEx2. IP:192.168.25.109, port:37777, SpeCap:0, lpDeviceInfo:0x7f4c94538d90.
[2020-09-16T15:38:05.659 error Netsdk:41296 4168:4190 TPTCPClient.cpp:423]connect() failed: Operation now in progress
[2020-09-16T15:38:05.671 info Netsdk:41296 2452:2474 dhnetsdk.cpp:622]Leave CLIENT_LoginEx2. error:0, login ID:140672059154624.
[2020-09-16T15:38:05.671 info Netsdk:41296 2452:2474 dhnetsdk.cpp:7400]Enter CLIENT_SetSnapRevCallBack. [OnSnapRevMessage=0x7ff140478668, dwUser=(nil).]
[2020-09-16T15:38:05.671 info Netsdk:41296 2452:2474 dhnetsdk.cpp:7403]Leave CLIENT_SetSnapRevCallBack.
[2020-09-16T15:38:05.672 info Netsdk:41296 2452:2474 dhnetsdk.cpp:7440]Enter CLIENT_SnapPictureEx. [lLoginID=140672059154624, par=0x7ff0c40db550, reserved=0x7ff0c40da3c0.]
[2020-09-16T15:38:05.672 info Netsdk:41296 2452:2474 dhnetsdk.cpp:7460]Leave CLIENT_SnapPictureEx. ret:1.
[2020-09-16T15:38:05.943 info Netsdk:41296 4168:4190 dhnetsdk.cpp:622]Leave CLIENT_LoginEx2. error:0, login ID:139966887153200.
[2020-09-16T15:38:05.944 info Netsdk:41296 4168:4190 dhnetsdk.cpp:7400]Enter CLIENT_SetSnapRevCallBack. [OnSnapRevMessage=0x7f4d1fe40518, dwUser=(nil).]
[2020-09-16T15:38:05.944 info Netsdk:41296 4168:4190 dhnetsdk.cpp:7403]Leave CLIENT_SetSnapRevCallBack.
[2020-09-16T15:38:05.944 info Netsdk:41296 4168:4190 dhnetsdk.cpp:7440]Enter CLIENT_SnapPictureEx. [lLoginID=139966887153200, par=0x7f4c94280010, reserved=0x7f4c9496bc50.]
[2020-09-16T15:38:05.944 info Netsdk:41296 4168:4190 dhnetsdk.cpp:7460]Leave CLIENT_SnapPictureEx. ret:1.
[2020-09-16T15:38:17.725 info Netsdk:41296 2452:2474 dhnetsdk.cpp:815]Enter CLIENT_Logout. lLoginID:140672059154624.
[2020-09-16T15:38:17.735 info Netsdk:41296 2452:2474 dhnetsdk.cpp:837]Leave CLIENT_Logout. ret:1
[2020-09-16T15:38:18.000 info Netsdk:41296 4168:4190 dhnetsdk.cpp:815]Enter CLIENT_Logout. lLoginID:139966887153200.
[2020-09-16T15:38:18.010 info Netsdk:41296 4168:4190 dhnetsdk.cpp:837]Leave CLIENT_Logout. ret:1
[2020-09-16T15:38:27.734 info Netsdk:41296 2452:2474 dhnetsdk.cpp:136]Enter CLIENT_InitEx:[cbDisConnect=0x7ff1404786a0, dwUser=(nil), lpInitParam=(nil)].
[2020-09-16T15:38:27.734 info Netsdk:41296 2452:2474 AVNetSDKMgr.cpp:670]Test avnetsdk module handle: 0x7ff0c46b3be0

[2020-09-16T15:38:27.734 info Netsdk:41296 2452:2474 dhnetsdk.cpp:159]Leave CLIENT_InitEx.
[2020-09-16T15:38:27.735 info Netsdk:41296 2452:2474 Manager.cpp:13118]-------------------Log file reset, log number:10-log size:10240------------------
[2020-09-16T15:38:28.010 info Netsdk:41296 4168:4190 dhnetsdk.cpp:136]Enter CLIENT_InitEx:[cbDisConnect=0x7f4d1fe40550, dwUser=(nil), lpInitParam=(nil)].
[2020-09-16T15:38:28.010 info Netsdk:41296 4168:4190 AVNetSDKMgr.cpp:670]Test avnetsdk module handle: 0x7f4c9479bdf0

[2020-09-16T15:38:28.010 info Netsdk:41296 4168:4190 dhnetsdk.cpp:159]Leave CLIENT_InitEx.
[2020-09-16T15:38:28.011 info Netsdk:41296 4168:4190 Manager.cpp:13118]-------------------Log file reset, log number:10-log size:10240------------------
[2020-09-16T15:39:20.605 info Netsdk:41296 2108:2135 dhnetsdk.cpp:815]Enter CLIENT_Logout. lLoginID:139733146487040.
[2020-09-16T15:39:20.616 info Netsdk:41296 2108:2135 dhnetsdk.cpp:837]Leave CLIENT_Logout. ret:1
[2020-09-16T15:39:30.616 info Netsdk:41296 2108:2135 dhnetsdk.cpp:136]Enter CLIENT_InitEx:[cbDisConnect=0x7f169eb122b0, dwUser=(nil), lpInitParam=(nil)].
[2020-09-16T15:39:30.616 info Netsdk:41296 2108:2135 AVNetSDKMgr.cpp:670]Test avnetsdk module handle: 0x7f1628723aa0

[2020-09-16T15:39:30.616 info Netsdk:41296 2108:2135 dhnetsdk.cpp:159]Leave CLIENT_InitEx.
[2020-09-16T15:39:30.616 info Netsdk:41296 2108:2135 Manager.cpp:13118]-------------------Log file reset, log number:10-log size:10240------------------
