[2020-09-16T15:56:05.718 info Netsdk:41296 8383:8405 AVNetSDKMgr.cpp:367]Load avnetsdk library dynamically
[2020-09-16T15:56:05.718 info Netsdk:41296 8383:8405 AVNetSDKMgr.cpp:391]avnetsdk module handle: 0x7f93ac71c6d0

[2020-09-16T15:56:05.718 info Netsdk:41296 8383:8405 AVNetSDKMgr.cpp:717]Load configsdk dynamically
[2020-09-16T15:56:05.761 info Netsdk:41296 8383:8405 dhnetsdk.cpp:190]Enter CLIENT_SetAutoReconnect:[cbAutoConnect=0x7f94289da048, dwUser=(nil)].
[2020-09-16T15:56:05.761 info Netsdk:41296 8383:8405 dhnetsdk.cpp:192]Leave CLIENT_SetAutoReconnect.
[2020-09-16T15:56:05.761 info Netsdk:41296 8383:8405 dhnetsdk.cpp:210]Enter CLIENT_SetConnectTime:[nWaitTime=5000, nTryTimes=1].
[2020-09-16T15:56:05.761 info Netsdk:41296 8383:8405 dhnetsdk.cpp:223]Leave CLIENT_SetConnectTime.
[2020-09-16T15:56:05.762 info Netsdk:41296 8383:8405 dhnetsdk.cpp:234]Enter CLIENT_SetNetworkParam:[nWaittime=0, nConnectTime=10000, nConnectTryNum=0, nSubConnectSpaceTime=0, nGetDevInfoTime=0, nConnectBufSize=0, nGetConnInfoTime=3000, nSearchRecordTime=0, nsubDisconnetTime=0, byNetType=0, byPlaybackBufSize=0, bDetectDisconnTime=0, bKeepLifeInterval=0, nPicBufSize=0].
[2020-09-16T15:56:05.762 info Netsdk:41296 8383:8405 dhnetsdk.cpp:249]Leave CLIENT_SetNetworkParam.
[2020-09-16T15:56:05.763 info Netsdk:41296 8383:8405 dhnetsdk.cpp:586]Enter CLIENT_LoginEx2. IP:192.168.25.109, port:37777, SpeCap:0, lpDeviceInfo:0x7f93ac8ec510.
[2020-09-16T15:56:05.763 error Netsdk:41296 8383:8405 TPTCPClient.cpp:423]connect() failed: Operation now in progress
[2020-09-16T15:56:06.046 info Netsdk:41296 8383:8405 dhnetsdk.cpp:622]Leave CLIENT_LoginEx2. error:0, login ID:140272231960592.
[2020-09-16T15:56:06.047 info Netsdk:41296 8383:8405 dhnetsdk.cpp:7400]Enter CLIENT_SetSnapRevCallBack. [OnSnapRevMessage=0x7f94289da080, dwUser=(nil).]
[2020-09-16T15:56:06.047 info Netsdk:41296 8383:8405 dhnetsdk.cpp:7403]Leave CLIENT_SetSnapRevCallBack.
[2020-09-16T15:56:06.048 info Netsdk:41296 8383:8405 dhnetsdk.cpp:7440]Enter CLIENT_SnapPictureEx. [lLoginID=140272231960592, par=0x7f93ac8eced0, reserved=0x7f93ac8ec680.]
[2020-09-16T15:56:06.048 info Netsdk:41296 8383:8405 dhnetsdk.cpp:7460]Leave CLIENT_SnapPictureEx. ret:1.
[2020-09-16T15:57:20.851 info Netsdk:41296 8383:8405 dhnetsdk.cpp:815]Enter CLIENT_Logout. lLoginID:140272231960592.
[2020-09-16T15:57:20.862 info Netsdk:41296 8383:8405 dhnetsdk.cpp:837]Leave CLIENT_Logout. ret:1
[2020-09-16T15:57:30.860 info Netsdk:41296 8383:8405 dhnetsdk.cpp:136]Enter CLIENT_InitEx:[cbDisConnect=0x7f94289da0b8, dwUser=(nil), lpInitParam=(nil)].
[2020-09-16T15:57:30.861 info Netsdk:41296 8383:8405 AVNetSDKMgr.cpp:670]Test avnetsdk module handle: 0x7f93ac71c6d0

[2020-09-16T15:57:30.861 info Netsdk:41296 8383:8405 dhnetsdk.cpp:159]Leave CLIENT_InitEx.
[2020-09-16T15:57:30.861 info Netsdk:41296 8383:8405 Manager.cpp:13118]-------------------Log file reset, log number:10-log size:10240------------------
