[2020-09-16T15:47:25.219 info Netsdk:41296 19816:19838 dhnetsdk.cpp:190]Enter CLIENT_SetAutoReconnect:[cbAutoConnect=0x7f2162de6438, dwUser=(nil)].
[2020-09-16T15:47:25.219 info Netsdk:41296 19816:19838 dhnetsdk.cpp:192]Leave CLIENT_SetAutoReconnect.
[2020-09-16T15:47:25.219 info Netsdk:41296 19816:19838 dhnetsdk.cpp:210]Enter CLIENT_SetConnectTime:[nWaitTime=5000, nTryTimes=1].
[2020-09-16T15:47:25.219 info Netsdk:41296 19816:19838 dhnetsdk.cpp:223]Leave CLIENT_SetConnectTime.
[2020-09-16T15:47:25.220 info Netsdk:41296 19816:19838 dhnetsdk.cpp:234]Enter CLIENT_SetNetworkParam:[nWaittime=0, nConnectTime=10000, nConnectTryNum=0, nSubConnectSpaceTime=0, nGetDevInfoTime=0, nConnectBufSize=0, nGetConnInfoTime=3000, nSearchRecordTime=0, nsubDisconnetTime=0, byNetType=0, byPlaybackBufSize=0, bDetectDisconnTime=0, bKeepLifeInterval=0, nPicBufSize=0].
[2020-09-16T15:47:25.220 info Netsdk:41296 19816:19838 dhnetsdk.cpp:249]Leave CLIENT_SetNetworkParam.
[2020-09-16T15:47:25.220 info Netsdk:41296 19816:19838 dhnetsdk.cpp:586]Enter CLIENT_LoginEx2. IP:192.168.25.109, port:37777, SpeCap:0, lpDeviceInfo:0x7f20d48cb670.
[2020-09-16T15:47:25.220 error Netsdk:41296 19816:19838 TPTCPClient.cpp:423]connect() failed: Operation now in progress
[2020-09-16T15:47:25.505 info Netsdk:41296 19816:19838 dhnetsdk.cpp:622]Leave CLIENT_LoginEx2. error:0, login ID:139778972668400.
[2020-09-16T15:47:25.506 info Netsdk:41296 19816:19838 dhnetsdk.cpp:7400]Enter CLIENT_SetSnapRevCallBack. [OnSnapRevMessage=0x7f2162de6470, dwUser=(nil).]
[2020-09-16T15:47:25.506 info Netsdk:41296 19816:19838 dhnetsdk.cpp:7403]Leave CLIENT_SetSnapRevCallBack.
[2020-09-16T15:47:25.506 info Netsdk:41296 19816:19838 dhnetsdk.cpp:7440]Enter CLIENT_SnapPictureEx. [lLoginID=139778972668400, par=0x7f20d48ce380, reserved=0x7f20d48cd470.]
[2020-09-16T15:47:25.506 info Netsdk:41296 19816:19838 dhnetsdk.cpp:7460]Leave CLIENT_SnapPictureEx. ret:1.
Begin Time:2020-09-16T15:47:25.514
[2020-09-16T15:47:25.514 info Netsdk:41296 21897:21922 dhnetsdk.cpp:190]Enter CLIENT_SetAutoReconnect:[cbAutoConnect=0x7fdfdf9ae2e8, dwUser=(nil)].
[2020-09-16T15:47:25.514 info Netsdk:41296 21897:21922 dhnetsdk.cpp:192]Leave CLIENT_SetAutoReconnect.
[2020-09-16T15:47:25.514 info Netsdk:41296 21897:21922 dhnetsdk.cpp:210]Enter CLIENT_SetConnectTime:[nWaitTime=5000, nTryTimes=1].
[2020-09-16T15:47:25.514 info Netsdk:41296 21897:21922 dhnetsdk.cpp:223]Leave CLIENT_SetConnectTime.
[2020-09-16T15:47:25.515 info Netsdk:41296 21897:21922 dhnetsdk.cpp:234]Enter CLIENT_SetNetworkParam:[nWaittime=0, nConnectTime=10000, nConnectTryNum=0, nSubConnectSpaceTime=0, nGetDevInfoTime=0, nConnectBufSize=0, nGetConnInfoTime=3000, nSearchRecordTime=0, nsubDisconnetTime=0, byNetType=0, byPlaybackBufSize=0, bDetectDisconnTime=0, bKeepLifeInterval=0, nPicBufSize=0].
[2020-09-16T15:47:25.515 info Netsdk:41296 21897:21922 dhnetsdk.cpp:249]Leave CLIENT_SetNetworkParam.
[2020-09-16T15:47:25.515 info Netsdk:41296 21897:21922 dhnetsdk.cpp:586]Enter CLIENT_LoginEx2. IP:192.168.25.109, port:37777, SpeCap:0, lpDeviceInfo:0x7fdf50510f10.
[2020-09-16T15:47:25.515 error Netsdk:41296 21897:21922 TPTCPClient.cpp:423]connect() failed: Operation now in progress
[2020-09-16T15:47:25.779 info Netsdk:41296 21897:21922 dhnetsdk.cpp:622]Leave CLIENT_LoginEx2. error:0, login ID:140597106132576.
[2020-09-16T15:47:25.780 info Netsdk:41296 21897:21922 dhnetsdk.cpp:7400]Enter CLIENT_SetSnapRevCallBack. [OnSnapRevMessage=0x7fdfdf9ae320, dwUser=(nil).]
[2020-09-16T15:47:25.780 info Netsdk:41296 21897:21922 dhnetsdk.cpp:7403]Leave CLIENT_SetSnapRevCallBack.
[2020-09-16T15:47:25.780 info Netsdk:41296 21897:21922 dhnetsdk.cpp:7440]Enter CLIENT_SnapPictureEx. [lLoginID=140597106132576, par=0x7fdf5026a8c0, reserved=0x7fdf5026fd20.]
[2020-09-16T15:47:25.780 info Netsdk:41296 21897:21922 dhnetsdk.cpp:7460]Leave CLIENT_SnapPictureEx. ret:1.
[2020-09-16T15:47:37.563 info Netsdk:41296 19816:19838 dhnetsdk.cpp:815]Enter CLIENT_Logout. lLoginID:139778972668400.
[2020-09-16T15:47:37.574 info Netsdk:41296 19816:19838 dhnetsdk.cpp:837]Leave CLIENT_Logout. ret:1
[2020-09-16T15:47:37.833 info Netsdk:41296 21897:21922 dhnetsdk.cpp:815]Enter CLIENT_Logout. lLoginID:140597106132576.
[2020-09-16T15:47:37.844 info Netsdk:41296 21897:21922 dhnetsdk.cpp:837]Leave CLIENT_Logout. ret:1
[2020-09-16T15:47:47.574 info Netsdk:41296 19816:19838 dhnetsdk.cpp:136]Enter CLIENT_InitEx:[cbDisConnect=0x7f2162de64a8, dwUser=(nil), lpInitParam=(nil)].
[2020-09-16T15:47:47.574 info Netsdk:41296 19816:19838 AVNetSDKMgr.cpp:670]Test avnetsdk module handle: 0x7f20d46fb7e0

[2020-09-16T15:47:47.574 info Netsdk:41296 19816:19838 dhnetsdk.cpp:159]Leave CLIENT_InitEx.
[2020-09-16T15:47:47.574 info Netsdk:41296 19816:19838 Manager.cpp:13118]-------------------Log file reset, log number:10-log size:10240------------------
[2020-09-16T15:47:47.845 info Netsdk:41296 21897:21922 dhnetsdk.cpp:136]Enter CLIENT_InitEx:[cbDisConnect=0x7fdfdf9ae358, dwUser=(nil), lpInitParam=(nil)].
[2020-09-16T15:47:47.845 info Netsdk:41296 21897:21922 AVNetSDKMgr.cpp:670]Test avnetsdk module handle: 0x7fdf507436f0

[2020-09-16T15:47:47.845 info Netsdk:41296 21897:21922 dhnetsdk.cpp:159]Leave CLIENT_InitEx.
[2020-09-16T15:47:47.847 info Netsdk:41296 21897:21922 Manager.cpp:13118]-------------------Log file reset, log number:10-log size:10240------------------
