[2020-09-16T15:46:18.146 info Netsdk:41296 19816:19838 dhnetsdk.cpp:190]Enter CLIENT_SetAutoReconnect:[cbAutoConnect=0x7f2162de6240, dwUser=(nil)].
[2020-09-16T15:46:18.146 info Netsdk:41296 19816:19838 dhnetsdk.cpp:192]Leave CLIENT_SetAutoReconnect.
[2020-09-16T15:46:18.146 info Netsdk:41296 19816:19838 dhnetsdk.cpp:210]Enter CLIENT_SetConnectTime:[nWaitTime=5000, nTryTimes=1].
[2020-09-16T15:46:18.146 info Netsdk:41296 19816:19838 dhnetsdk.cpp:223]Leave CLIENT_SetConnectTime.
[2020-09-16T15:46:18.146 info Netsdk:41296 19816:19838 dhnetsdk.cpp:234]Enter CLIENT_SetNetworkParam:[nWaittime=0, nConnectTime=10000, nConnectTryNum=0, nSubConnectSpaceTime=0, nGetDevInfoTime=0, nConnectBufSize=0, nGetConnInfoTime=3000, nSearchRecordTime=0, nsubDisconnetTime=0, byNetType=0, byPlaybackBufSize=0, bDetectDisconnTime=0, bKeepLifeInterval=0, nPicBufSize=0].
[2020-09-16T15:46:18.146 info Netsdk:41296 19816:19838 dhnetsdk.cpp:249]Leave CLIENT_SetNetworkParam.
[2020-09-16T15:46:18.147 info Netsdk:41296 19816:19838 dhnetsdk.cpp:586]Enter CLIENT_LoginEx2. IP:192.168.25.109, port:37777, SpeCap:0, lpDeviceInfo:0x7f20d48cb670.
[2020-09-16T15:46:18.147 error Netsdk:41296 19816:19838 TPTCPClient.cpp:423]connect() failed: Operation now in progress
[2020-09-16T15:46:18.443 info Netsdk:41296 19816:19838 dhnetsdk.cpp:622]Leave CLIENT_LoginEx2. error:0, login ID:139778981676416.
[2020-09-16T15:46:18.444 info Netsdk:41296 19816:19838 dhnetsdk.cpp:7400]Enter CLIENT_SetSnapRevCallBack. [OnSnapRevMessage=0x7f2162de6278, dwUser=(nil).]
[2020-09-16T15:46:18.444 info Netsdk:41296 19816:19838 dhnetsdk.cpp:7403]Leave CLIENT_SetSnapRevCallBack.
[2020-09-16T15:46:18.444 info Netsdk:41296 19816:19838 dhnetsdk.cpp:7440]Enter CLIENT_SnapPictureEx. [lLoginID=139778981676416, par=0x7f20d48cf670, reserved=0x7f20d48cb6e0.]
[2020-09-16T15:46:18.444 info Netsdk:41296 19816:19838 dhnetsdk.cpp:7460]Leave CLIENT_SnapPictureEx. ret:1.
Begin Time:2020-09-16T15:46:18.470
[2020-09-16T15:46:18.470 info Netsdk:41296 21897:21922 dhnetsdk.cpp:190]Enter CLIENT_SetAutoReconnect:[cbAutoConnect=0x7fdfdf9ae0f0, dwUser=(nil)].
[2020-09-16T15:46:18.470 info Netsdk:41296 21897:21922 dhnetsdk.cpp:192]Leave CLIENT_SetAutoReconnect.
[2020-09-16T15:46:18.470 info Netsdk:41296 21897:21922 dhnetsdk.cpp:210]Enter CLIENT_SetConnectTime:[nWaitTime=5000, nTryTimes=1].
[2020-09-16T15:46:18.470 info Netsdk:41296 21897:21922 dhnetsdk.cpp:223]Leave CLIENT_SetConnectTime.
[2020-09-16T15:46:18.470 info Netsdk:41296 21897:21922 dhnetsdk.cpp:234]Enter CLIENT_SetNetworkParam:[nWaittime=0, nConnectTime=10000, nConnectTryNum=0, nSubConnectSpaceTime=0, nGetDevInfoTime=0, nConnectBufSize=0, nGetConnInfoTime=3000, nSearchRecordTime=0, nsubDisconnetTime=0, byNetType=0, byPlaybackBufSize=0, bDetectDisconnTime=0, bKeepLifeInterval=0, nPicBufSize=0].
[2020-09-16T15:46:18.470 info Netsdk:41296 21897:21922 dhnetsdk.cpp:249]Leave CLIENT_SetNetworkParam.
[2020-09-16T15:46:18.470 info Netsdk:41296 21897:21922 dhnetsdk.cpp:586]Enter CLIENT_LoginEx2. IP:192.168.25.109, port:37777, SpeCap:0, lpDeviceInfo:0x7fdf50510f10.
[2020-09-16T15:46:18.470 error Netsdk:41296 21897:21922 TPTCPClient.cpp:423]connect() failed: Operation now in progress
[2020-09-16T15:46:18.755 info Netsdk:41296 21897:21922 dhnetsdk.cpp:622]Leave CLIENT_LoginEx2. error:0, login ID:140597106132576.
[2020-09-16T15:46:18.756 info Netsdk:41296 21897:21922 dhnetsdk.cpp:7400]Enter CLIENT_SetSnapRevCallBack. [OnSnapRevMessage=0x7fdfdf9ae128, dwUser=(nil).]
[2020-09-16T15:46:18.756 info Netsdk:41296 21897:21922 dhnetsdk.cpp:7403]Leave CLIENT_SetSnapRevCallBack.
[2020-09-16T15:46:18.756 info Netsdk:41296 21897:21922 dhnetsdk.cpp:7440]Enter CLIENT_SnapPictureEx. [lLoginID=140597106132576, par=0x7fdf50917270, reserved=0x7fdf50913fe0.]
[2020-09-16T15:46:18.756 info Netsdk:41296 21897:21922 dhnetsdk.cpp:7460]Leave CLIENT_SnapPictureEx. ret:1.
[2020-09-16T15:46:30.498 info Netsdk:41296 19816:19838 dhnetsdk.cpp:815]Enter CLIENT_Logout. lLoginID:139778981676416.
[2020-09-16T15:46:30.508 info Netsdk:41296 19816:19838 dhnetsdk.cpp:837]Leave CLIENT_Logout. ret:1
[2020-09-16T15:46:30.809 info Netsdk:41296 21897:21922 dhnetsdk.cpp:815]Enter CLIENT_Logout. lLoginID:140597106132576.
[2020-09-16T15:46:30.819 info Netsdk:41296 21897:21922 dhnetsdk.cpp:837]Leave CLIENT_Logout. ret:1
[2020-09-16T15:46:40.508 info Netsdk:41296 19816:19838 dhnetsdk.cpp:136]Enter CLIENT_InitEx:[cbDisConnect=0x7f2162de62b0, dwUser=(nil), lpInitParam=(nil)].
[2020-09-16T15:46:40.508 info Netsdk:41296 19816:19838 AVNetSDKMgr.cpp:670]Test avnetsdk module handle: 0x7f20d46fb7e0

[2020-09-16T15:46:40.508 info Netsdk:41296 19816:19838 dhnetsdk.cpp:159]Leave CLIENT_InitEx.
[2020-09-16T15:46:40.508 info Netsdk:41296 19816:19838 Manager.cpp:13118]-------------------Log file reset, log number:10-log size:10240------------------
[2020-09-16T15:46:40.819 info Netsdk:41296 21897:21922 dhnetsdk.cpp:136]Enter CLIENT_InitEx:[cbDisConnect=0x7fdfdf9ae160, dwUser=(nil), lpInitParam=(nil)].
[2020-09-16T15:46:40.819 info Netsdk:41296 21897:21922 AVNetSDKMgr.cpp:670]Test avnetsdk module handle: 0x7fdf507436f0

[2020-09-16T15:46:40.819 info Netsdk:41296 21897:21922 dhnetsdk.cpp:159]Leave CLIENT_InitEx.
[2020-09-16T15:46:40.820 info Netsdk:41296 21897:21922 Manager.cpp:13118]-------------------Log file reset, log number:10-log size:10240------------------
