[2020-09-16T15:23:36.588 info Netsdk:41296 19332:19354 AVNetSDKMgr.cpp:367]Load avnetsdk library dynamically
[2020-09-16T15:23:36.588 info Netsdk:41296 19332:19354 AVNetSDKMgr.cpp:391]avnetsdk module handle: 0x7f33f0713d10

[2020-09-16T15:23:36.588 info Netsdk:41296 19332:19354 AVNetSDKMgr.cpp:717]Load configsdk dynamically
[2020-09-16T15:23:36.617 info Netsdk:41296 19332:19354 dhnetsdk.cpp:190]Enter CLIENT_SetAutoReconnect:[cbAutoConnect=0x7f3463bc0048, dwUser=(nil)].
[2020-09-16T15:23:36.617 info Netsdk:41296 19332:19354 dhnetsdk.cpp:192]Leave CLIENT_SetAutoReconnect.
[2020-09-16T15:23:36.617 info Netsdk:41296 19332:19354 dhnetsdk.cpp:210]Enter CLIENT_SetConnectTime:[nWaitTime=5000, nTryTimes=1].
[2020-09-16T15:23:36.617 info Netsdk:41296 19332:19354 dhnetsdk.cpp:223]Leave CLIENT_SetConnectTime.
[2020-09-16T15:23:36.617 info Netsdk:41296 19332:19354 dhnetsdk.cpp:234]Enter CLIENT_SetNetworkParam:[nWaittime=0, nConnectTime=10000, nConnectTryNum=0, nSubConnectSpaceTime=0, nGetDevInfoTime=0, nConnectBufSize=0, nGetConnInfoTime=3000, nSearchRecordTime=0, nsubDisconnetTime=0, byNetType=0, byPlaybackBufSize=0, bDetectDisconnTime=0, bKeepLifeInterval=0, nPicBufSize=0].
[2020-09-16T15:23:36.617 info Netsdk:41296 19332:19354 dhnetsdk.cpp:249]Leave CLIENT_SetNetworkParam.
[2020-09-16T15:23:36.618 info Netsdk:41296 19332:19354 dhnetsdk.cpp:586]Enter CLIENT_LoginEx2. IP:192.168.25.109, port:37777, SpeCap:0, lpDeviceInfo:0x7f33f08e3c00.
[2020-09-16T15:23:36.618 error Netsdk:41296 19332:19354 TPTCPClient.cpp:423]connect() failed: Operation now in progress
[2020-09-16T15:23:36.862 info Netsdk:41296 19332:19354 dhnetsdk.cpp:622]Leave CLIENT_LoginEx2. error:0, login ID:139861055916816.
[2020-09-16T15:23:36.863 info Netsdk:41296 19332:19354 dhnetsdk.cpp:7400]Enter CLIENT_SetSnapRevCallBack. [OnSnapRevMessage=0x7f3463bc0080, dwUser=(nil).]
[2020-09-16T15:23:36.863 info Netsdk:41296 19332:19354 dhnetsdk.cpp:7403]Leave CLIENT_SetSnapRevCallBack.
[2020-09-16T15:23:36.863 info Netsdk:41296 19332:19354 dhnetsdk.cpp:7440]Enter CLIENT_SnapPictureEx. [lLoginID=139861055916816, par=0x7f33f08e49d0, reserved=0x7f33f08e3d70.]
[2020-09-16T15:23:36.863 info Netsdk:41296 19332:19354 dhnetsdk.cpp:7460]Leave CLIENT_SnapPictureEx. ret:1.
[2020-09-16T15:23:47.918 info Netsdk:41296 19332:19354 dhnetsdk.cpp:815]Enter CLIENT_Logout. lLoginID:139861055916816.
[2020-09-16T15:23:47.928 info Netsdk:41296 19332:19354 dhnetsdk.cpp:837]Leave CLIENT_Logout. ret:1
[2020-09-16T15:23:57.928 info Netsdk:41296 19332:19354 dhnetsdk.cpp:136]Enter CLIENT_InitEx:[cbDisConnect=0x7f3463bc00b8, dwUser=(nil), lpInitParam=(nil)].
[2020-09-16T15:23:57.928 info Netsdk:41296 19332:19354 AVNetSDKMgr.cpp:670]Test avnetsdk module handle: 0x7f33f0713d10

[2020-09-16T15:23:57.928 info Netsdk:41296 19332:19354 dhnetsdk.cpp:159]Leave CLIENT_InitEx.
[2020-09-16T15:23:57.930 info Netsdk:41296 19332:19354 Manager.cpp:13118]-------------------Log file reset, log number:10-log size:10240------------------
