[2020-09-16T15:45:57.130 info Netsdk:41296 21897:21922 AVNetSDKMgr.cpp:367]Load avnetsdk library dynamically
[2020-09-16T15:45:57.131 info Netsdk:41296 21897:21922 AVNetSDKMgr.cpp:391]avnetsdk module handle: 0x7fdf507436f0

[2020-09-16T15:45:57.131 info Netsdk:41296 21897:21922 AVNetSDKMgr.cpp:717]Load configsdk dynamically
[2020-09-16T15:45:57.169 info Netsdk:41296 21897:21922 dhnetsdk.cpp:190]Enter CLIENT_SetAutoReconnect:[cbAutoConnect=0x7fdfdf9ae048, dwUser=(nil)].
[2020-09-16T15:45:57.169 info Netsdk:41296 21897:21922 dhnetsdk.cpp:192]Leave CLIENT_SetAutoReconnect.
[2020-09-16T15:45:57.169 info Netsdk:41296 21897:21922 dhnetsdk.cpp:210]Enter CLIENT_SetConnectTime:[nWaitTime=5000, nTryTimes=1].
[2020-09-16T15:45:57.169 info Netsdk:41296 21897:21922 dhnetsdk.cpp:223]Leave CLIENT_SetConnectTime.
[2020-09-16T15:45:57.170 info Netsdk:41296 21897:21922 dhnetsdk.cpp:234]Enter CLIENT_SetNetworkParam:[nWaittime=0, nConnectTime=10000, nConnectTryNum=0, nSubConnectSpaceTime=0, nGetDevInfoTime=0, nConnectBufSize=0, nGetConnInfoTime=3000, nSearchRecordTime=0, nsubDisconnetTime=0, byNetType=0, byPlaybackBufSize=0, bDetectDisconnTime=0, bKeepLifeInterval=0, nPicBufSize=0].
[2020-09-16T15:45:57.170 info Netsdk:41296 21897:21922 dhnetsdk.cpp:249]Leave CLIENT_SetNetworkParam.
[2020-09-16T15:45:57.171 info Netsdk:41296 21897:21922 dhnetsdk.cpp:586]Enter CLIENT_LoginEx2. IP:192.168.25.109, port:37777, SpeCap:0, lpDeviceInfo:0x7fdf50510f10.
[2020-09-16T15:45:57.171 error Netsdk:41296 21897:21922 TPTCPClient.cpp:423]connect() failed: Operation now in progress
[2020-09-16T15:45:57.404 info Netsdk:41296 21897:21922 dhnetsdk.cpp:622]Leave CLIENT_LoginEx2. error:0, login ID:140597106132576.
[2020-09-16T15:45:57.405 info Netsdk:41296 21897:21922 dhnetsdk.cpp:7400]Enter CLIENT_SetSnapRevCallBack. [OnSnapRevMessage=0x7fdfdf9ae080, dwUser=(nil).]
[2020-09-16T15:45:57.405 info Netsdk:41296 21897:21922 dhnetsdk.cpp:7403]Leave CLIENT_SetSnapRevCallBack.
[2020-09-16T15:45:57.406 info Netsdk:41296 21897:21922 dhnetsdk.cpp:7440]Enter CLIENT_SnapPictureEx. [lLoginID=140597106132576, par=0x7fdf50511210, reserved=0x7fdf505114d0.]
[2020-09-16T15:45:57.406 info Netsdk:41296 21897:21922 dhnetsdk.cpp:7460]Leave CLIENT_SnapPictureEx. ret:1.
Begin Time:2020-09-16T15:45:57.745
[2020-09-16T15:45:57.746 info Netsdk:41296 17469:17491 dhnetsdk.cpp:190]Enter CLIENT_SetAutoReconnect:[cbAutoConnect=0x7f53098b8390, dwUser=(nil)].
[2020-09-16T15:45:57.746 info Netsdk:41296 17469:17491 dhnetsdk.cpp:192]Leave CLIENT_SetAutoReconnect.
[2020-09-16T15:45:57.746 info Netsdk:41296 17469:17491 dhnetsdk.cpp:210]Enter CLIENT_SetConnectTime:[nWaitTime=5000, nTryTimes=1].
[2020-09-16T15:45:57.746 info Netsdk:41296 17469:17491 dhnetsdk.cpp:223]Leave CLIENT_SetConnectTime.
[2020-09-16T15:45:57.746 info Netsdk:41296 17469:17491 dhnetsdk.cpp:234]Enter CLIENT_SetNetworkParam:[nWaittime=0, nConnectTime=10000, nConnectTryNum=0, nSubConnectSpaceTime=0, nGetDevInfoTime=0, nConnectBufSize=0, nGetConnInfoTime=3000, nSearchRecordTime=0, nsubDisconnetTime=0, byNetType=0, byPlaybackBufSize=0, bDetectDisconnTime=0, bKeepLifeInterval=0, nPicBufSize=0].
[2020-09-16T15:45:57.746 info Netsdk:41296 17469:17491 dhnetsdk.cpp:249]Leave CLIENT_SetNetworkParam.
[2020-09-16T15:45:57.746 info Netsdk:41296 17469:17491 dhnetsdk.cpp:586]Enter CLIENT_LoginEx2. IP:192.168.25.109, port:37777, SpeCap:0, lpDeviceInfo:0x7f52948c4240.
[2020-09-16T15:45:57.746 error Netsdk:41296 17469:17491 TPTCPClient.cpp:423]connect() failed: Operation now in progress
[2020-09-16T15:45:58.033 info Netsdk:41296 17469:17491 dhnetsdk.cpp:622]Leave CLIENT_LoginEx2. error:0, login ID:139992656268608.
[2020-09-16T15:45:58.034 info Netsdk:41296 17469:17491 dhnetsdk.cpp:7400]Enter CLIENT_SetSnapRevCallBack. [OnSnapRevMessage=0x7f53098b83c8, dwUser=(nil).]
[2020-09-16T15:45:58.034 info Netsdk:41296 17469:17491 dhnetsdk.cpp:7403]Leave CLIENT_SetSnapRevCallBack.
[2020-09-16T15:45:58.034 info Netsdk:41296 17469:17491 dhnetsdk.cpp:7440]Enter CLIENT_SnapPictureEx. [lLoginID=139992656268608, par=0x7f529410aec0, reserved=0x7f529410a850.]
[2020-09-16T15:45:58.034 info Netsdk:41296 17469:17491 dhnetsdk.cpp:7460]Leave CLIENT_SnapPictureEx. ret:1.
[2020-09-16T15:46:08.460 info Netsdk:41296 21897:21922 dhnetsdk.cpp:815]Enter CLIENT_Logout. lLoginID:140597106132576.
[2020-09-16T15:46:08.470 info Netsdk:41296 21897:21922 dhnetsdk.cpp:837]Leave CLIENT_Logout. ret:1
[2020-09-16T15:46:10.087 info Netsdk:41296 17469:17491 dhnetsdk.cpp:815]Enter CLIENT_Logout. lLoginID:139992656268608.
[2020-09-16T15:46:10.097 info Netsdk:41296 17469:17491 dhnetsdk.cpp:837]Leave CLIENT_Logout. ret:1
[2020-09-16T15:46:18.469 info Netsdk:41296 21897:21922 dhnetsdk.cpp:136]Enter CLIENT_InitEx:[cbDisConnect=0x7fdfdf9ae0b8, dwUser=(nil), lpInitParam=(nil)].
[2020-09-16T15:46:18.469 info Netsdk:41296 21897:21922 AVNetSDKMgr.cpp:670]Test avnetsdk module handle: 0x7fdf507436f0

[2020-09-16T15:46:18.469 info Netsdk:41296 21897:21922 dhnetsdk.cpp:159]Leave CLIENT_InitEx.
[2020-09-16T15:46:18.470 info Netsdk:41296 21897:21922 Manager.cpp:13118]-------------------Log file reset, log number:10-log size:10240------------------
[2020-09-16T15:46:20.097 info Netsdk:41296 17469:17491 dhnetsdk.cpp:136]Enter CLIENT_InitEx:[cbDisConnect=0x7f53098b8400, dwUser=(nil), lpInitParam=(nil)].
[2020-09-16T15:46:20.097 info Netsdk:41296 17469:17491 AVNetSDKMgr.cpp:670]Test avnetsdk module handle: 0x7f52946f4290

[2020-09-16T15:46:20.097 info Netsdk:41296 17469:17491 dhnetsdk.cpp:159]Leave CLIENT_InitEx.
[2020-09-16T15:46:20.098 info Netsdk:41296 17469:17491 Manager.cpp:13118]-------------------Log file reset, log number:10-log size:10240------------------
