[2020-09-27T08:50:31.363 info Netsdk:41296 6185:6207 dhnetsdk.cpp:190]Enter CLIENT_SetAutoReconnect:[cbAutoConnect=0x7fd0160d6438, dwUser=(nil)].
[2020-09-27T08:50:31.363 info Netsdk:41296 6185:6207 dhnetsdk.cpp:192]Leave CLIENT_SetAutoReconnect.
[2020-09-27T08:50:31.363 info Netsdk:41296 6185:6207 dhnetsdk.cpp:210]Enter CLIENT_SetConnectTime:[nWaitTime=5000, nTryTimes=1].
[2020-09-27T08:50:31.363 info Netsdk:41296 6185:6207 dhnetsdk.cpp:223]Leave CLIENT_SetConnectTime.
[2020-09-27T08:50:31.363 info Netsdk:41296 6185:6207 dhnetsdk.cpp:234]Enter CLIENT_SetNetworkParam:[nWaittime=0, nConnectTime=10000, nConnectTryNum=0, nSubConnectSpaceTime=0, nGetDevInfoTime=0, nConnectBufSize=0, nGetConnInfoTime=3000, nSearchRecordTime=0, nsubDisconnetTime=0, byNetType=0, byPlaybackBufSize=0, bDetectDisconnTime=0, bKeepLifeInterval=0, nPicBufSize=0].
[2020-09-27T08:50:31.363 info Netsdk:41296 6185:6207 dhnetsdk.cpp:249]Leave CLIENT_SetNetworkParam.
[2020-09-27T08:50:31.364 info Netsdk:41296 6185:6207 dhnetsdk.cpp:586]Enter CLIENT_LoginEx2. IP:192.168.25.109, port:37777, SpeCap:0, lpDeviceInfo:0x7fcf80883e50.
[2020-09-27T08:50:31.364 error Netsdk:41296 6185:6207 TPTCPClient.cpp:423]connect() failed: Operation now in progress
[2020-09-27T08:50:31.684 info Netsdk:41296 6185:6207 dhnetsdk.cpp:622]Leave CLIENT_LoginEx2. error:0, login ID:140529191374176.
[2020-09-27T08:50:31.684 info Netsdk:41296 6185:6207 dhnetsdk.cpp:7400]Enter CLIENT_SetSnapRevCallBack. [OnSnapRevMessage=0x7fd0160d6470, dwUser=(nil).]
[2020-09-27T08:50:31.684 info Netsdk:41296 6185:6207 dhnetsdk.cpp:7403]Leave CLIENT_SetSnapRevCallBack.
[2020-09-27T08:50:31.685 info Netsdk:41296 6185:6207 dhnetsdk.cpp:7440]Enter CLIENT_SnapPictureEx. [lLoginID=140529191374176, par=0x7fcf80890ed0, reserved=0x7fcf80024450.]
[2020-09-27T08:50:31.685 info Netsdk:41296 6185:6207 dhnetsdk.cpp:7460]Leave CLIENT_SnapPictureEx. ret:1.
[2020-09-27T08:50:43.741 info Netsdk:41296 6185:6207 dhnetsdk.cpp:815]Enter CLIENT_Logout. lLoginID:140529191374176.
[2020-09-27T08:50:43.747 error Netsdk:41296 6185:6286 TPTCPClient.cpp:1255]Receive failed, errno is :0
[2020-09-27T08:50:43.747 error Netsdk:41296 6185:6286 TPTCPClient.cpp:1274]onDisconnect , m_nconnId is :0  m_nEngineId is -2140612928
[2020-09-27T08:50:43.751 info Netsdk:41296 6185:6207 dhnetsdk.cpp:837]Leave CLIENT_Logout. ret:1
[2020-09-27T08:50:53.751 info Netsdk:41296 6185:6207 dhnetsdk.cpp:136]Enter CLIENT_InitEx:[cbDisConnect=0x7fd0160d64a8, dwUser=(nil), lpInitParam=(nil)].
[2020-09-27T08:50:53.751 info Netsdk:41296 6185:6207 AVNetSDKMgr.cpp:670]Test avnetsdk module handle: 0x7fcf806b3fd0

[2020-09-27T08:50:53.751 info Netsdk:41296 6185:6207 dhnetsdk.cpp:159]Leave CLIENT_InitEx.
[2020-09-27T08:50:53.751 info Netsdk:41296 6185:6207 Manager.cpp:13118]-------------------Log file reset, log number:10-log size:10240------------------
