[2020-09-27T08:55:02.160 info Netsdk:41296 5446:5468 dhnetsdk.cpp:190]Enter CLIENT_SetAutoReconnect:[cbAutoConnect=0x7fcd195a4cc0, dwUser=(nil)].
[2020-09-27T08:55:02.160 info Netsdk:41296 5446:5468 dhnetsdk.cpp:192]Leave CLIENT_SetAutoReconnect.
[2020-09-27T08:55:02.160 info Netsdk:41296 5446:5468 dhnetsdk.cpp:210]Enter CLIENT_SetConnectTime:[nWaitTime=5000, nTryTimes=1].
[2020-09-27T08:55:02.160 info Netsdk:41296 5446:5468 dhnetsdk.cpp:223]Leave CLIENT_SetConnectTime.
[2020-09-27T08:55:02.160 info Netsdk:41296 5446:5468 dhnetsdk.cpp:234]Enter CLIENT_SetNetworkParam:[nWaittime=0, nConnectTime=10000, nConnectTryNum=0, nSubConnectSpaceTime=0, nGetDevInfoTime=0, nConnectBufSize=0, nGetConnInfoTime=3000, nSearchRecordTime=0, nsubDisconnetTime=0, byNetType=0, byPlaybackBufSize=0, bDetectDisconnTime=0, bKeepLifeInterval=0, nPicBufSize=0].
[2020-09-27T08:55:02.160 info Netsdk:41296 5446:5468 dhnetsdk.cpp:249]Leave CLIENT_SetNetworkParam.
[2020-09-27T08:55:02.160 info Netsdk:41296 5446:5468 dhnetsdk.cpp:586]Enter CLIENT_LoginEx2. IP:192.168.25.109, port:37777, SpeCap:0, lpDeviceInfo:0x7fcc888bb910.
[2020-09-27T08:55:02.161 error Netsdk:41296 5446:5468 TPTCPClient.cpp:423]connect() failed: Operation now in progress
[2020-09-27T08:55:02.464 info Netsdk:41296 5446:5468 dhnetsdk.cpp:622]Leave CLIENT_LoginEx2. error:0, login ID:140516433934256.
[2020-09-27T08:55:02.464 info Netsdk:41296 5446:5468 dhnetsdk.cpp:7400]Enter CLIENT_SetSnapRevCallBack. [OnSnapRevMessage=0x7fcd195a4cf8, dwUser=(nil).]
[2020-09-27T08:55:02.464 info Netsdk:41296 5446:5468 dhnetsdk.cpp:7403]Leave CLIENT_SetSnapRevCallBack.
[2020-09-27T08:55:02.464 info Netsdk:41296 5446:5468 dhnetsdk.cpp:7440]Enter CLIENT_SnapPictureEx. [lLoginID=140516433934256, par=0x7fcc88013a80, reserved=0x7fcc88012790.]
[2020-09-27T08:55:02.464 info Netsdk:41296 5446:5468 dhnetsdk.cpp:7460]Leave CLIENT_SnapPictureEx. ret:1.
Begin Time:2020-09-27T08:55:02.763
[2020-09-27T08:55:02.763 info Netsdk:41296 9036:9058 dhnetsdk.cpp:190]Enter CLIENT_SetAutoReconnect:[cbAutoConnect=0x7f758346aa20, dwUser=(nil)].
[2020-09-27T08:55:02.763 info Netsdk:41296 9036:9058 dhnetsdk.cpp:192]Leave CLIENT_SetAutoReconnect.
[2020-09-27T08:55:02.763 info Netsdk:41296 9036:9058 dhnetsdk.cpp:210]Enter CLIENT_SetConnectTime:[nWaitTime=5000, nTryTimes=1].
[2020-09-27T08:55:02.763 info Netsdk:41296 9036:9058 dhnetsdk.cpp:223]Leave CLIENT_SetConnectTime.
[2020-09-27T08:55:02.763 info Netsdk:41296 9036:9058 dhnetsdk.cpp:234]Enter CLIENT_SetNetworkParam:[nWaittime=0, nConnectTime=10000, nConnectTryNum=0, nSubConnectSpaceTime=0, nGetDevInfoTime=0, nConnectBufSize=0, nGetConnInfoTime=3000, nSearchRecordTime=0, nsubDisconnetTime=0, byNetType=0, byPlaybackBufSize=0, bDetectDisconnTime=0, bKeepLifeInterval=0, nPicBufSize=0].
[2020-09-27T08:55:02.763 info Netsdk:41296 9036:9058 dhnetsdk.cpp:249]Leave CLIENT_SetNetworkParam.
[2020-09-27T08:55:02.763 info Netsdk:41296 9036:9058 dhnetsdk.cpp:586]Enter CLIENT_LoginEx2. IP:192.168.25.109, port:37777, SpeCap:0, lpDeviceInfo:0x7f74e88d3fd0.
[2020-09-27T08:55:02.763 error Netsdk:41296 9036:9058 TPTCPClient.cpp:423]connect() failed: Operation now in progress
[2020-09-27T08:55:03.041 info Netsdk:41296 9036:9058 dhnetsdk.cpp:622]Leave CLIENT_LoginEx2. error:0, login ID:140140085304480.
[2020-09-27T08:55:03.042 info Netsdk:41296 9036:9058 dhnetsdk.cpp:7400]Enter CLIENT_SetSnapRevCallBack. [OnSnapRevMessage=0x7f758346aa58, dwUser=(nil).]
[2020-09-27T08:55:03.042 info Netsdk:41296 9036:9058 dhnetsdk.cpp:7403]Leave CLIENT_SetSnapRevCallBack.
[2020-09-27T08:55:03.042 info Netsdk:41296 9036:9058 dhnetsdk.cpp:7440]Enter CLIENT_SnapPictureEx. [lLoginID=140140085304480, par=0x7f74e8011420, reserved=0x7f74e800c000.]
[2020-09-27T08:55:03.042 info Netsdk:41296 9036:9058 dhnetsdk.cpp:7460]Leave CLIENT_SnapPictureEx. ret:1.
[2020-09-27T08:55:14.525 info Netsdk:41296 5446:5468 dhnetsdk.cpp:815]Enter CLIENT_Logout. lLoginID:140516433934256.
[2020-09-27T08:55:14.535 info Netsdk:41296 5446:5468 dhnetsdk.cpp:837]Leave CLIENT_Logout. ret:1
[2020-09-27T08:55:15.096 info Netsdk:41296 9036:9058 dhnetsdk.cpp:815]Enter CLIENT_Logout. lLoginID:140140085304480.
[2020-09-27T08:55:15.106 info Netsdk:41296 9036:9058 dhnetsdk.cpp:837]Leave CLIENT_Logout. ret:1
