[2020-09-16T15:34:30.133 info Netsdk:41296 1931:1953 AVNetSDKMgr.cpp:367]Load avnetsdk library dynamically
[2020-09-16T15:34:30.133 info Netsdk:41296 1931:1953 AVNetSDKMgr.cpp:391]avnetsdk module handle: 0x7f188c783cf0

[2020-09-16T15:34:30.133 info Netsdk:41296 1931:1953 AVNetSDKMgr.cpp:717]Load configsdk dynamically
[2020-09-16T15:34:30.165 info Netsdk:41296 1931:1953 dhnetsdk.cpp:190]Enter CLIENT_SetAutoReconnect:[cbAutoConnect=0x7f1914377048, dwUser=(nil)].
[2020-09-16T15:34:30.165 info Netsdk:41296 1931:1953 dhnetsdk.cpp:192]Leave CLIENT_SetAutoReconnect.
[2020-09-16T15:34:30.165 info Netsdk:41296 1931:1953 dhnetsdk.cpp:210]Enter CLIENT_SetConnectTime:[nWaitTime=5000, nTryTimes=1].
[2020-09-16T15:34:30.165 info Netsdk:41296 1931:1953 dhnetsdk.cpp:223]Leave CLIENT_SetConnectTime.
[2020-09-16T15:34:30.165 info Netsdk:41296 1931:1953 dhnetsdk.cpp:234]Enter CLIENT_SetNetworkParam:[nWaittime=0, nConnectTime=10000, nConnectTryNum=0, nSubConnectSpaceTime=0, nGetDevInfoTime=0, nConnectBufSize=0, nGetConnInfoTime=3000, nSearchRecordTime=0, nsubDisconnetTime=0, byNetType=0, byPlaybackBufSize=0, bDetectDisconnTime=0, bKeepLifeInterval=0, nPicBufSize=0].
[2020-09-16T15:34:30.165 info Netsdk:41296 1931:1953 dhnetsdk.cpp:249]Leave CLIENT_SetNetworkParam.
[2020-09-16T15:34:30.166 info Netsdk:41296 1931:1953 dhnetsdk.cpp:586]Enter CLIENT_LoginEx2. IP:192.168.25.109, port:37777, SpeCap:0, lpDeviceInfo:0x7f188c953b80.
[2020-09-16T15:34:30.166 error Netsdk:41296 1931:1953 TPTCPClient.cpp:423]connect() failed: Operation now in progress
[2020-09-16T15:34:30.420 info Netsdk:41296 1931:1953 dhnetsdk.cpp:622]Leave CLIENT_LoginEx2. error:0, login ID:139743414536848.
[2020-09-16T15:34:30.421 info Netsdk:41296 1931:1953 dhnetsdk.cpp:7400]Enter CLIENT_SetSnapRevCallBack. [OnSnapRevMessage=0x7f1914377080, dwUser=(nil).]
[2020-09-16T15:34:30.421 info Netsdk:41296 1931:1953 dhnetsdk.cpp:7403]Leave CLIENT_SetSnapRevCallBack.
[2020-09-16T15:34:30.422 info Netsdk:41296 1931:1953 dhnetsdk.cpp:7440]Enter CLIENT_SnapPictureEx. [lLoginID=139743414536848, par=0x7f188c954950, reserved=0x7f188c953cf0.]
[2020-09-16T15:34:30.422 info Netsdk:41296 1931:1953 dhnetsdk.cpp:7460]Leave CLIENT_SnapPictureEx. ret:1.
[2020-09-16T15:34:41.475 info Netsdk:41296 1931:1953 dhnetsdk.cpp:815]Enter CLIENT_Logout. lLoginID:139743414536848.
[2020-09-16T15:34:41.485 info Netsdk:41296 1931:1953 dhnetsdk.cpp:837]Leave CLIENT_Logout. ret:1
[2020-09-16T15:34:51.485 info Netsdk:41296 1931:1953 dhnetsdk.cpp:136]Enter CLIENT_InitEx:[cbDisConnect=0x7f19143770b8, dwUser=(nil), lpInitParam=(nil)].
[2020-09-16T15:34:51.485 info Netsdk:41296 1931:1953 AVNetSDKMgr.cpp:670]Test avnetsdk module handle: 0x7f188c783cf0

[2020-09-16T15:34:51.485 info Netsdk:41296 1931:1953 dhnetsdk.cpp:159]Leave CLIENT_InitEx.
[2020-09-16T15:34:51.485 info Netsdk:41296 1931:1953 Manager.cpp:13118]-------------------Log file reset, log number:10-log size:10240------------------
