[2020-09-16T15:56:15.757 info Netsdk:41296 8766:8788 AVNetSDKMgr.cpp:367]Load avnetsdk library dynamically
[2020-09-16T15:56:15.757 info Netsdk:41296 8766:8788 AVNetSDKMgr.cpp:391]avnetsdk module handle: 0x7fc1e46c3b10

[2020-09-16T15:56:15.758 info Netsdk:41296 8766:8788 AVNetSDKMgr.cpp:717]Load configsdk dynamically
[2020-09-16T15:56:15.785 info Netsdk:41296 8766:8788 dhnetsdk.cpp:190]Enter CLIENT_SetAutoReconnect:[cbAutoConnect=0x7fc258a42048, dwUser=(nil)].
[2020-09-16T15:56:15.785 info Netsdk:41296 8766:8788 dhnetsdk.cpp:192]Leave CLIENT_SetAutoReconnect.
[2020-09-16T15:56:15.785 info Netsdk:41296 8766:8788 dhnetsdk.cpp:210]Enter CLIENT_SetConnectTime:[nWaitTime=5000, nTryTimes=1].
[2020-09-16T15:56:15.785 info Netsdk:41296 8766:8788 dhnetsdk.cpp:223]Leave CLIENT_SetConnectTime.
[2020-09-16T15:56:15.786 info Netsdk:41296 8766:8788 dhnetsdk.cpp:234]Enter CLIENT_SetNetworkParam:[nWaittime=0, nConnectTime=10000, nConnectTryNum=0, nSubConnectSpaceTime=0, nGetDevInfoTime=0, nConnectBufSize=0, nGetConnInfoTime=3000, nSearchRecordTime=0, nsubDisconnetTime=0, byNetType=0, byPlaybackBufSize=0, bDetectDisconnTime=0, bKeepLifeInterval=0, nPicBufSize=0].
[2020-09-16T15:56:15.786 info Netsdk:41296 8766:8788 dhnetsdk.cpp:249]Leave CLIENT_SetNetworkParam.
[2020-09-16T15:56:15.787 info Netsdk:41296 8766:8788 dhnetsdk.cpp:586]Enter CLIENT_LoginEx2. IP:192.168.25.109, port:37777, SpeCap:0, lpDeviceInfo:0x7fc1e48939a0.
[2020-09-16T15:56:15.787 error Netsdk:41296 8766:8788 TPTCPClient.cpp:423]connect() failed: Operation now in progress
[2020-09-16T15:56:16.059 info Netsdk:41296 8766:8788 dhnetsdk.cpp:622]Leave CLIENT_LoginEx2. error:0, login ID:140470739617968.
[2020-09-16T15:56:16.060 info Netsdk:41296 8766:8788 dhnetsdk.cpp:7400]Enter CLIENT_SetSnapRevCallBack. [OnSnapRevMessage=0x7fc258a42080, dwUser=(nil).]
[2020-09-16T15:56:16.060 info Netsdk:41296 8766:8788 dhnetsdk.cpp:7403]Leave CLIENT_SetSnapRevCallBack.
[2020-09-16T15:56:16.060 info Netsdk:41296 8766:8788 dhnetsdk.cpp:7440]Enter CLIENT_SnapPictureEx. [lLoginID=140470739617968, par=0x7fc1e4894770, reserved=0x7fc1e4893b10.]
[2020-09-16T15:56:16.060 info Netsdk:41296 8766:8788 dhnetsdk.cpp:7460]Leave CLIENT_SnapPictureEx. ret:1.
[2020-09-16T15:58:18.455 info Netsdk:41296 8766:8788 dhnetsdk.cpp:815]Enter CLIENT_Logout. lLoginID:140470739617968.
[2020-09-16T15:58:18.465 info Netsdk:41296 8766:8788 dhnetsdk.cpp:837]Leave CLIENT_Logout. ret:1
[2020-09-16T15:58:28.463 info Netsdk:41296 8766:8788 dhnetsdk.cpp:136]Enter CLIENT_InitEx:[cbDisConnect=0x7fc258a420b8, dwUser=(nil), lpInitParam=(nil)].
[2020-09-16T15:58:28.463 info Netsdk:41296 8766:8788 AVNetSDKMgr.cpp:670]Test avnetsdk module handle: 0x7fc1e46c3b10

[2020-09-16T15:58:28.463 info Netsdk:41296 8766:8788 dhnetsdk.cpp:159]Leave CLIENT_InitEx.
[2020-09-16T15:58:28.463 info Netsdk:41296 8766:8788 Manager.cpp:13118]-------------------Log file reset, log number:10-log size:10240------------------
