[2020-09-16T15:46:55.115 info Netsdk:41296 18693:18715 dhnetsdk.cpp:190]Enter CLIENT_SetAutoReconnect:[cbAutoConnect=0x7fdfba424438, dwUser=(nil)].
[2020-09-16T15:46:55.115 info Netsdk:41296 18693:18715 dhnetsdk.cpp:192]Leave CLIENT_SetAutoReconnect.
[2020-09-16T15:46:55.115 info Netsdk:41296 18693:18715 dhnetsdk.cpp:210]Enter CLIENT_SetConnectTime:[nWaitTime=5000, nTryTimes=1].
[2020-09-16T15:46:55.115 info Netsdk:41296 18693:18715 dhnetsdk.cpp:223]Leave CLIENT_SetConnectTime.
[2020-09-16T15:46:55.116 info Netsdk:41296 18693:18715 dhnetsdk.cpp:234]Enter CLIENT_SetNetworkParam:[nWaittime=0, nConnectTime=10000, nConnectTryNum=0, nSubConnectSpaceTime=0, nGetDevInfoTime=0, nConnectBufSize=0, nGetConnInfoTime=3000, nSearchRecordTime=0, nsubDisconnetTime=0, byNetType=0, byPlaybackBufSize=0, bDetectDisconnTime=0, bKeepLifeInterval=0, nPicBufSize=0].
[2020-09-16T15:46:55.116 info Netsdk:41296 18693:18715 dhnetsdk.cpp:249]Leave CLIENT_SetNetworkParam.
[2020-09-16T15:46:55.116 info Netsdk:41296 18693:18715 dhnetsdk.cpp:586]Enter CLIENT_LoginEx2. IP:192.168.25.109, port:37777, SpeCap:0, lpDeviceInfo:0x7fdf2064fc00.
[2020-09-16T15:46:55.116 error Netsdk:41296 18693:18715 TPTCPClient.cpp:423]connect() failed: Operation now in progress
[2020-09-16T15:46:55.396 info Netsdk:41296 18693:18715 dhnetsdk.cpp:622]Leave CLIENT_LoginEx2. error:0, login ID:140596292896096.
[2020-09-16T15:46:55.397 info Netsdk:41296 18693:18715 dhnetsdk.cpp:7400]Enter CLIENT_SetSnapRevCallBack. [OnSnapRevMessage=0x7fdfba424470, dwUser=(nil).]
[2020-09-16T15:46:55.397 info Netsdk:41296 18693:18715 dhnetsdk.cpp:7403]Leave CLIENT_SetSnapRevCallBack.
[2020-09-16T15:46:55.397 info Netsdk:41296 18693:18715 dhnetsdk.cpp:7440]Enter CLIENT_SnapPictureEx. [lLoginID=140596292896096, par=0x7fdf20180090, reserved=0x7fdf2088c2b0.]
[2020-09-16T15:46:55.397 info Netsdk:41296 18693:18715 dhnetsdk.cpp:7460]Leave CLIENT_SnapPictureEx. ret:1.
Begin Time:2020-09-16T15:46:55.515
[2020-09-16T15:46:55.515 info Netsdk:41296 20398:20420 dhnetsdk.cpp:190]Enter CLIENT_SetAutoReconnect:[cbAutoConnect=0x7facaef682e8, dwUser=(nil)].
[2020-09-16T15:46:55.515 info Netsdk:41296 20398:20420 dhnetsdk.cpp:192]Leave CLIENT_SetAutoReconnect.
[2020-09-16T15:46:55.515 info Netsdk:41296 20398:20420 dhnetsdk.cpp:210]Enter CLIENT_SetConnectTime:[nWaitTime=5000, nTryTimes=1].
[2020-09-16T15:46:55.515 info Netsdk:41296 20398:20420 dhnetsdk.cpp:223]Leave CLIENT_SetConnectTime.
[2020-09-16T15:46:55.515 info Netsdk:41296 20398:20420 dhnetsdk.cpp:234]Enter CLIENT_SetNetworkParam:[nWaittime=0, nConnectTime=10000, nConnectTryNum=0, nSubConnectSpaceTime=0, nGetDevInfoTime=0, nConnectBufSize=0, nGetConnInfoTime=3000, nSearchRecordTime=0, nsubDisconnetTime=0, byNetType=0, byPlaybackBufSize=0, bDetectDisconnTime=0, bKeepLifeInterval=0, nPicBufSize=0].
[2020-09-16T15:46:55.515 info Netsdk:41296 20398:20420 dhnetsdk.cpp:249]Leave CLIENT_SetNetworkParam.
[2020-09-16T15:46:55.515 info Netsdk:41296 20398:20420 dhnetsdk.cpp:586]Enter CLIENT_LoginEx2. IP:192.168.25.109, port:37777, SpeCap:0, lpDeviceInfo:0x7fac388f36a0.
[2020-09-16T15:46:55.515 error Netsdk:41296 20398:20420 TPTCPClient.cpp:423]connect() failed: Operation now in progress
[2020-09-16T15:46:55.768 info Netsdk:41296 20398:20420 dhnetsdk.cpp:622]Leave CLIENT_LoginEx2. error:0, login ID:140377660016048.
[2020-09-16T15:46:55.768 info Netsdk:41296 20398:20420 dhnetsdk.cpp:7400]Enter CLIENT_SetSnapRevCallBack. [OnSnapRevMessage=0x7facaef68320, dwUser=(nil).]
[2020-09-16T15:46:55.768 info Netsdk:41296 20398:20420 dhnetsdk.cpp:7403]Leave CLIENT_SetSnapRevCallBack.
[2020-09-16T15:46:55.768 info Netsdk:41296 20398:20420 dhnetsdk.cpp:7440]Enter CLIENT_SnapPictureEx. [lLoginID=140377660016048, par=0x7fac38015020, reserved=0x7fac383136d0.]
[2020-09-16T15:46:55.768 info Netsdk:41296 20398:20420 dhnetsdk.cpp:7460]Leave CLIENT_SnapPictureEx. ret:1.
[2020-09-16T15:47:07.451 info Netsdk:41296 18693:18715 dhnetsdk.cpp:815]Enter CLIENT_Logout. lLoginID:140596292896096.
[2020-09-16T15:47:07.461 info Netsdk:41296 18693:18715 dhnetsdk.cpp:837]Leave CLIENT_Logout. ret:1
[2020-09-16T15:47:07.822 info Netsdk:41296 20398:20420 dhnetsdk.cpp:815]Enter CLIENT_Logout. lLoginID:140377660016048.
[2020-09-16T15:47:07.832 info Netsdk:41296 20398:20420 dhnetsdk.cpp:837]Leave CLIENT_Logout. ret:1
[2020-09-16T15:47:17.460 info Netsdk:41296 18693:18715 dhnetsdk.cpp:136]Enter CLIENT_InitEx:[cbDisConnect=0x7fdfba4244a8, dwUser=(nil), lpInitParam=(nil)].
[2020-09-16T15:47:17.460 info Netsdk:41296 18693:18715 AVNetSDKMgr.cpp:670]Test avnetsdk module handle: 0x7fdf206bc760

[2020-09-16T15:47:17.460 info Netsdk:41296 18693:18715 dhnetsdk.cpp:159]Leave CLIENT_InitEx.
[2020-09-16T15:47:17.461 info Netsdk:41296 18693:18715 Manager.cpp:13118]-------------------Log file reset, log number:10-log size:10240------------------
[2020-09-16T15:47:17.832 info Netsdk:41296 20398:20420 dhnetsdk.cpp:136]Enter CLIENT_InitEx:[cbDisConnect=0x7facaef68358, dwUser=(nil), lpInitParam=(nil)].
[2020-09-16T15:47:17.832 info Netsdk:41296 20398:20420 AVNetSDKMgr.cpp:670]Test avnetsdk module handle: 0x7fac38723810

[2020-09-16T15:47:17.832 info Netsdk:41296 20398:20420 dhnetsdk.cpp:159]Leave CLIENT_InitEx.
[2020-09-16T15:47:17.832 info Netsdk:41296 20398:20420 Manager.cpp:13118]-------------------Log file reset, log number:10-log size:10240------------------
