[2020-09-16T15:40:19.463 info Netsdk:41296 2452:2474 dhnetsdk.cpp:190]Enter CLIENT_SetAutoReconnect:[cbAutoConnect=0x7ff140478a20, dwUser=(nil)].
[2020-09-16T15:40:19.463 info Netsdk:41296 2452:2474 dhnetsdk.cpp:192]Leave CLIENT_SetAutoReconnect.
[2020-09-16T15:40:19.463 info Netsdk:41296 2452:2474 dhnetsdk.cpp:210]Enter CLIENT_SetConnectTime:[nWaitTime=5000, nTryTimes=1].
[2020-09-16T15:40:19.463 info Netsdk:41296 2452:2474 dhnetsdk.cpp:223]Leave CLIENT_SetConnectTime.
[2020-09-16T15:40:19.464 info Netsdk:41296 2452:2474 dhnetsdk.cpp:234]Enter CLIENT_SetNetworkParam:[nWaittime=0, nConnectTime=10000, nConnectTryNum=0, nSubConnectSpaceTime=0, nGetDevInfoTime=0, nConnectBufSize=0, nGetConnInfoTime=3000, nSearchRecordTime=0, nsubDisconnetTime=0, byNetType=0, byPlaybackBufSize=0, bDetectDisconnTime=0, bKeepLifeInterval=0, nPicBufSize=0].
[2020-09-16T15:40:19.464 info Netsdk:41296 2452:2474 dhnetsdk.cpp:249]Leave CLIENT_SetNetworkParam.
[2020-09-16T15:40:19.464 info Netsdk:41296 2452:2474 dhnetsdk.cpp:586]Enter CLIENT_LoginEx2. IP:192.168.25.109, port:37777, SpeCap:0, lpDeviceInfo:0x7ff0c4883b90.
[2020-09-16T15:40:19.464 error Netsdk:41296 2452:2474 TPTCPClient.cpp:423]connect() failed: Operation now in progress
Begin Time:2020-09-16T15:40:19.686
[2020-09-16T15:40:19.686 info Netsdk:41296 4168:4190 dhnetsdk.cpp:190]Enter CLIENT_SetAutoReconnect:[cbAutoConnect=0x7f4d1fe408d0, dwUser=(nil)].
[2020-09-16T15:40:19.686 info Netsdk:41296 4168:4190 dhnetsdk.cpp:192]Leave CLIENT_SetAutoReconnect.
[2020-09-16T15:40:19.686 info Netsdk:41296 4168:4190 dhnetsdk.cpp:210]Enter CLIENT_SetConnectTime:[nWaitTime=5000, nTryTimes=1].
[2020-09-16T15:40:19.686 info Netsdk:41296 4168:4190 dhnetsdk.cpp:223]Leave CLIENT_SetConnectTime.
[2020-09-16T15:40:19.686 info Netsdk:41296 4168:4190 dhnetsdk.cpp:234]Enter CLIENT_SetNetworkParam:[nWaittime=0, nConnectTime=10000, nConnectTryNum=0, nSubConnectSpaceTime=0, nGetDevInfoTime=0, nConnectBufSize=0, nGetConnInfoTime=3000, nSearchRecordTime=0, nsubDisconnetTime=0, byNetType=0, byPlaybackBufSize=0, bDetectDisconnTime=0, bKeepLifeInterval=0, nPicBufSize=0].
[2020-09-16T15:40:19.686 info Netsdk:41296 4168:4190 dhnetsdk.cpp:249]Leave CLIENT_SetNetworkParam.
[2020-09-16T15:40:19.686 info Netsdk:41296 4168:4190 dhnetsdk.cpp:586]Enter CLIENT_LoginEx2. IP:192.168.25.109, port:37777, SpeCap:0, lpDeviceInfo:0x7f4c94538d90.
[2020-09-16T15:40:19.686 error Netsdk:41296 4168:4190 TPTCPClient.cpp:423]connect() failed: Operation now in progress
[2020-09-16T15:40:19.719 info Netsdk:41296 2452:2474 dhnetsdk.cpp:622]Leave CLIENT_LoginEx2. error:0, login ID:140672059154624.
[2020-09-16T15:40:19.720 info Netsdk:41296 2452:2474 dhnetsdk.cpp:7400]Enter CLIENT_SetSnapRevCallBack. [OnSnapRevMessage=0x7ff140478a58, dwUser=(nil).]
[2020-09-16T15:40:19.720 info Netsdk:41296 2452:2474 dhnetsdk.cpp:7403]Leave CLIENT_SetSnapRevCallBack.
[2020-09-16T15:40:19.720 info Netsdk:41296 2452:2474 dhnetsdk.cpp:7440]Enter CLIENT_SnapPictureEx. [lLoginID=140672059154624, par=0x7ff0c40df810, reserved=0x7ff0c40deab0.]
[2020-09-16T15:40:19.720 info Netsdk:41296 2452:2474 dhnetsdk.cpp:7460]Leave CLIENT_SnapPictureEx. ret:1.
[2020-09-16T15:40:20.081 info Netsdk:41296 4168:4190 dhnetsdk.cpp:622]Leave CLIENT_LoginEx2. error:0, login ID:139966877519824.
[2020-09-16T15:40:20.081 info Netsdk:41296 4168:4190 dhnetsdk.cpp:7400]Enter CLIENT_SetSnapRevCallBack. [OnSnapRevMessage=0x7f4d1fe40908, dwUser=(nil).]
[2020-09-16T15:40:20.081 info Netsdk:41296 4168:4190 dhnetsdk.cpp:7403]Leave CLIENT_SetSnapRevCallBack.
[2020-09-16T15:40:20.081 info Netsdk:41296 4168:4190 dhnetsdk.cpp:7440]Enter CLIENT_SnapPictureEx. [lLoginID=139966877519824, par=0x7f4c94041630, reserved=0x7f4c94963900.]
[2020-09-16T15:40:20.081 info Netsdk:41296 4168:4190 dhnetsdk.cpp:7460]Leave CLIENT_SnapPictureEx. ret:1.
[2020-09-16T15:40:31.774 info Netsdk:41296 2452:2474 dhnetsdk.cpp:815]Enter CLIENT_Logout. lLoginID:140672059154624.
[2020-09-16T15:40:31.784 info Netsdk:41296 2452:2474 dhnetsdk.cpp:837]Leave CLIENT_Logout. ret:1
[2020-09-16T15:40:32.135 info Netsdk:41296 4168:4190 dhnetsdk.cpp:815]Enter CLIENT_Logout. lLoginID:139966877519824.
[2020-09-16T15:40:32.146 info Netsdk:41296 4168:4190 dhnetsdk.cpp:837]Leave CLIENT_Logout. ret:1
[2020-09-16T15:40:41.785 info Netsdk:41296 2452:2474 dhnetsdk.cpp:136]Enter CLIENT_InitEx:[cbDisConnect=0x7ff140478a90, dwUser=(nil), lpInitParam=(nil)].
[2020-09-16T15:40:41.785 info Netsdk:41296 2452:2474 AVNetSDKMgr.cpp:670]Test avnetsdk module handle: 0x7ff0c46b3be0

[2020-09-16T15:40:41.785 info Netsdk:41296 2452:2474 dhnetsdk.cpp:159]Leave CLIENT_InitEx.
[2020-09-16T15:40:41.785 info Netsdk:41296 2452:2474 Manager.cpp:13118]-------------------Log file reset, log number:10-log size:10240------------------
[2020-09-16T15:40:42.144 info Netsdk:41296 4168:4190 dhnetsdk.cpp:136]Enter CLIENT_InitEx:[cbDisConnect=0x7f4d1fe40940, dwUser=(nil), lpInitParam=(nil)].
[2020-09-16T15:40:42.144 info Netsdk:41296 4168:4190 AVNetSDKMgr.cpp:670]Test avnetsdk module handle: 0x7f4c9479bdf0

[2020-09-16T15:40:42.144 info Netsdk:41296 4168:4190 dhnetsdk.cpp:159]Leave CLIENT_InitEx.
[2020-09-16T15:40:42.145 info Netsdk:41296 4168:4190 Manager.cpp:13118]-------------------Log file reset, log number:10-log size:10240------------------
