[2020-09-27T08:54:56.072 info Netsdk:41296 11891:11916 dhnetsdk.cpp:190]Enter CLIENT_SetAutoReconnect:[cbAutoConnect=0x7ff7de83b828, dwUser=(nil)].
[2020-09-27T08:54:56.072 info Netsdk:41296 11891:11916 dhnetsdk.cpp:192]Leave CLIENT_SetAutoReconnect.
[2020-09-27T08:54:56.073 info Netsdk:41296 11891:11916 dhnetsdk.cpp:210]Enter CLIENT_SetConnectTime:[nWaitTime=5000, nTryTimes=1].
[2020-09-27T08:54:56.073 info Netsdk:41296 11891:11916 dhnetsdk.cpp:223]Leave CLIENT_SetConnectTime.
[2020-09-27T08:54:56.073 info Netsdk:41296 11891:11916 dhnetsdk.cpp:234]Enter CLIENT_SetNetworkParam:[nWaittime=0, nConnectTime=10000, nConnectTryNum=0, nSubConnectSpaceTime=0, nGetDevInfoTime=0, nConnectBufSize=0, nGetConnInfoTime=3000, nSearchRecordTime=0, nsubDisconnetTime=0, byNetType=0, byPlaybackBufSize=0, bDetectDisconnTime=0, bKeepLifeInterval=0, nPicBufSize=0].
[2020-09-27T08:54:56.073 info Netsdk:41296 11891:11916 dhnetsdk.cpp:249]Leave CLIENT_SetNetworkParam.
[2020-09-27T08:54:56.073 info Netsdk:41296 11891:11916 dhnetsdk.cpp:586]Enter CLIENT_LoginEx2. IP:192.168.25.109, port:37777, SpeCap:0, lpDeviceInfo:0x7ff7484d9500.
[2020-09-27T08:54:56.073 error Netsdk:41296 11891:11916 TPTCPClient.cpp:423]connect() failed: Operation now in progress
Begin Time:2020-09-27T08:54:56.282
[2020-09-27T08:54:56.282 info Netsdk:41296 14216:14268 dhnetsdk.cpp:190]Enter CLIENT_SetAutoReconnect:[cbAutoConnect=0x7f8da624e6d8, dwUser=(nil)].
[2020-09-27T08:54:56.282 info Netsdk:41296 14216:14268 dhnetsdk.cpp:192]Leave CLIENT_SetAutoReconnect.
[2020-09-27T08:54:56.282 info Netsdk:41296 14216:14268 dhnetsdk.cpp:210]Enter CLIENT_SetConnectTime:[nWaitTime=5000, nTryTimes=1].
[2020-09-27T08:54:56.282 info Netsdk:41296 14216:14268 dhnetsdk.cpp:223]Leave CLIENT_SetConnectTime.
[2020-09-27T08:54:56.283 info Netsdk:41296 14216:14268 dhnetsdk.cpp:234]Enter CLIENT_SetNetworkParam:[nWaittime=0, nConnectTime=10000, nConnectTryNum=0, nSubConnectSpaceTime=0, nGetDevInfoTime=0, nConnectBufSize=0, nGetConnInfoTime=3000, nSearchRecordTime=0, nsubDisconnetTime=0, byNetType=0, byPlaybackBufSize=0, bDetectDisconnTime=0, bKeepLifeInterval=0, nPicBufSize=0].
[2020-09-27T08:54:56.283 info Netsdk:41296 14216:14268 dhnetsdk.cpp:249]Leave CLIENT_SetNetworkParam.
[2020-09-27T08:54:56.283 info Netsdk:41296 14216:14268 dhnetsdk.cpp:586]Enter CLIENT_LoginEx2. IP:192.168.25.109, port:37777, SpeCap:0, lpDeviceInfo:0x7f8d288d3b50.
[2020-09-27T08:54:56.283 error Netsdk:41296 14216:14268 TPTCPClient.cpp:423]connect() failed: Operation now in progress
[2020-09-27T08:54:56.377 info Netsdk:41296 11891:11916 dhnetsdk.cpp:622]Leave CLIENT_LoginEx2. error:0, login ID:140700050903200.
[2020-09-27T08:54:56.377 info Netsdk:41296 11891:11916 dhnetsdk.cpp:7400]Enter CLIENT_SetSnapRevCallBack. [OnSnapRevMessage=0x7ff7de83b860, dwUser=(nil).]
[2020-09-27T08:54:56.377 info Netsdk:41296 11891:11916 dhnetsdk.cpp:7403]Leave CLIENT_SetSnapRevCallBack.
[2020-09-27T08:54:56.378 info Netsdk:41296 11891:11916 dhnetsdk.cpp:7440]Enter CLIENT_SnapPictureEx. [lLoginID=140700050903200, par=0x7ff7480783d0, reserved=0x7ff748077f30.]
[2020-09-27T08:54:56.378 info Netsdk:41296 11891:11916 dhnetsdk.cpp:7460]Leave CLIENT_SnapPictureEx. ret:1.
[2020-09-27T08:54:56.620 info Netsdk:41296 14216:14268 dhnetsdk.cpp:622]Leave CLIENT_LoginEx2. error:0, login ID:140244247464544.
[2020-09-27T08:54:56.620 info Netsdk:41296 14216:14268 dhnetsdk.cpp:7400]Enter CLIENT_SetSnapRevCallBack. [OnSnapRevMessage=0x7f8da624e710, dwUser=(nil).]
[2020-09-27T08:54:56.620 info Netsdk:41296 14216:14268 dhnetsdk.cpp:7403]Leave CLIENT_SetSnapRevCallBack.
[2020-09-27T08:54:56.620 info Netsdk:41296 14216:14268 dhnetsdk.cpp:7440]Enter CLIENT_SnapPictureEx. [lLoginID=140244247464544, par=0x7f8d284952d0, reserved=0x7f8d281aeb60.]
[2020-09-27T08:54:56.620 info Netsdk:41296 14216:14268 dhnetsdk.cpp:7460]Leave CLIENT_SnapPictureEx. ret:1.
[2020-09-27T08:55:08.434 info Netsdk:41296 11891:11916 dhnetsdk.cpp:815]Enter CLIENT_Logout. lLoginID:140700050903200.
[2020-09-27T08:55:08.444 info Netsdk:41296 11891:11916 dhnetsdk.cpp:837]Leave CLIENT_Logout. ret:1
[2020-09-27T08:55:08.674 info Netsdk:41296 14216:14268 dhnetsdk.cpp:815]Enter CLIENT_Logout. lLoginID:140244247464544.
[2020-09-27T08:55:08.684 info Netsdk:41296 14216:14268 dhnetsdk.cpp:837]Leave CLIENT_Logout. ret:1
[2020-09-27T08:55:18.445 info Netsdk:41296 11891:11916 dhnetsdk.cpp:136]Enter CLIENT_InitEx:[cbDisConnect=0x7ff7de83b898, dwUser=(nil), lpInitParam=(nil)].
[2020-09-27T08:55:18.445 info Netsdk:41296 11891:11916 AVNetSDKMgr.cpp:670]Test avnetsdk module handle: 0x7ff74870c0c0

[2020-09-27T08:55:18.445 info Netsdk:41296 11891:11916 dhnetsdk.cpp:159]Leave CLIENT_InitEx.
[2020-09-27T08:55:18.446 info Netsdk:41296 11891:11916 Manager.cpp:13118]-------------------Log file reset, log number:10-log size:10240------------------
[2020-09-27T08:55:18.685 info Netsdk:41296 14216:14268 dhnetsdk.cpp:136]Enter CLIENT_InitEx:[cbDisConnect=0x7f8da624e748, dwUser=(nil), lpInitParam=(nil)].
[2020-09-27T08:55:18.685 info Netsdk:41296 14216:14268 AVNetSDKMgr.cpp:670]Test avnetsdk module handle: 0x7f8d28703cc0

[2020-09-27T08:55:18.685 info Netsdk:41296 14216:14268 dhnetsdk.cpp:159]Leave CLIENT_InitEx.
[2020-09-27T08:55:18.685 info Netsdk:41296 14216:14268 Manager.cpp:13118]-------------------Log file reset, log number:10-log size:10240------------------
