[2020-09-16T15:58:50.805 info Netsdk:41296 8766:8788 dhnetsdk.cpp:190]Enter CLIENT_SetAutoReconnect:[cbAutoConnect=0x7fc258a42198, dwUser=(nil)].
[2020-09-16T15:58:50.805 info Netsdk:41296 8766:8788 dhnetsdk.cpp:192]Leave CLIENT_SetAutoReconnect.
[2020-09-16T15:58:50.805 info Netsdk:41296 8766:8788 dhnetsdk.cpp:210]Enter CLIENT_SetConnectTime:[nWaitTime=5000, nTryTimes=1].
[2020-09-16T15:58:50.805 info Netsdk:41296 8766:8788 dhnetsdk.cpp:223]Leave CLIENT_SetConnectTime.
[2020-09-16T15:58:50.805 info Netsdk:41296 8766:8788 dhnetsdk.cpp:234]Enter CLIENT_SetNetworkParam:[nWaittime=0, nConnectTime=10000, nConnectTryNum=0, nSubConnectSpaceTime=0, nGetDevInfoTime=0, nConnectBufSize=0, nGetConnInfoTime=3000, nSearchRecordTime=0, nsubDisconnetTime=0, byNetType=0, byPlaybackBufSize=0, bDetectDisconnTime=0, bKeepLifeInterval=0, nPicBufSize=0].
[2020-09-16T15:58:50.805 info Netsdk:41296 8766:8788 dhnetsdk.cpp:249]Leave CLIENT_SetNetworkParam.
[2020-09-16T15:58:50.805 info Netsdk:41296 8766:8788 dhnetsdk.cpp:586]Enter CLIENT_LoginEx2. IP:192.168.25.109, port:37777, SpeCap:0, lpDeviceInfo:0x7fc1e48939a0.
[2020-09-16T15:58:50.805 error Netsdk:41296 8766:8788 TPTCPClient.cpp:423]connect() failed: Operation now in progress
Begin Time:2020-09-16T15:58:50.997
[2020-09-16T15:58:50.997 info Netsdk:41296 8383:8405 dhnetsdk.cpp:190]Enter CLIENT_SetAutoReconnect:[cbAutoConnect=0x7f94289da198, dwUser=(nil)].
[2020-09-16T15:58:50.997 info Netsdk:41296 8383:8405 dhnetsdk.cpp:192]Leave CLIENT_SetAutoReconnect.
[2020-09-16T15:58:50.997 info Netsdk:41296 8383:8405 dhnetsdk.cpp:210]Enter CLIENT_SetConnectTime:[nWaitTime=5000, nTryTimes=1].
[2020-09-16T15:58:50.997 info Netsdk:41296 8383:8405 dhnetsdk.cpp:223]Leave CLIENT_SetConnectTime.
[2020-09-16T15:58:50.997 info Netsdk:41296 8383:8405 dhnetsdk.cpp:234]Enter CLIENT_SetNetworkParam:[nWaittime=0, nConnectTime=10000, nConnectTryNum=0, nSubConnectSpaceTime=0, nGetDevInfoTime=0, nConnectBufSize=0, nGetConnInfoTime=3000, nSearchRecordTime=0, nsubDisconnetTime=0, byNetType=0, byPlaybackBufSize=0, bDetectDisconnTime=0, bKeepLifeInterval=0, nPicBufSize=0].
[2020-09-16T15:58:50.997 info Netsdk:41296 8383:8405 dhnetsdk.cpp:249]Leave CLIENT_SetNetworkParam.
[2020-09-16T15:58:50.997 info Netsdk:41296 8383:8405 dhnetsdk.cpp:586]Enter CLIENT_LoginEx2. IP:192.168.25.109, port:37777, SpeCap:0, lpDeviceInfo:0x7f93ac8ec510.
[2020-09-16T15:58:50.997 error Netsdk:41296 8383:8405 TPTCPClient.cpp:423]connect() failed: Operation now in progress
[2020-09-16T15:58:51.091 info Netsdk:41296 8766:8788 dhnetsdk.cpp:622]Leave CLIENT_LoginEx2. error:0, login ID:140470739617968.
[2020-09-16T15:58:51.091 info Netsdk:41296 8766:8788 dhnetsdk.cpp:7400]Enter CLIENT_SetSnapRevCallBack. [OnSnapRevMessage=0x7fc258a421d0, dwUser=(nil).]
[2020-09-16T15:58:51.091 info Netsdk:41296 8766:8788 dhnetsdk.cpp:7403]Leave CLIENT_SetSnapRevCallBack.
[2020-09-16T15:58:51.091 info Netsdk:41296 8766:8788 dhnetsdk.cpp:7440]Enter CLIENT_SnapPictureEx. [lLoginID=140470739617968, par=0x7fc1e40cd940, reserved=0x7fc1e4898130.]
[2020-09-16T15:58:51.092 info Netsdk:41296 8766:8788 dhnetsdk.cpp:7460]Leave CLIENT_SnapPictureEx. ret:1.
[2020-09-16T15:58:51.315 info Netsdk:41296 8383:8405 dhnetsdk.cpp:622]Leave CLIENT_LoginEx2. error:0, login ID:140272231960592.
[2020-09-16T15:58:51.316 info Netsdk:41296 8383:8405 dhnetsdk.cpp:7400]Enter CLIENT_SetSnapRevCallBack. [OnSnapRevMessage=0x7f94289da1d0, dwUser=(nil).]
[2020-09-16T15:58:51.316 info Netsdk:41296 8383:8405 dhnetsdk.cpp:7403]Leave CLIENT_SetSnapRevCallBack.
[2020-09-16T15:58:51.316 info Netsdk:41296 8383:8405 dhnetsdk.cpp:7440]Enter CLIENT_SnapPictureEx. [lLoginID=140272231960592, par=0x7f93ac8f00a0, reserved=0x7f93ac6b02d0.]
[2020-09-16T15:58:51.316 info Netsdk:41296 8383:8405 dhnetsdk.cpp:7460]Leave CLIENT_SnapPictureEx. ret:1.
[2020-09-16T15:59:03.385 info Netsdk:41296 8383:8405 dhnetsdk.cpp:815]Enter CLIENT_Logout. lLoginID:140272231960592.
[2020-09-16T15:59:03.484 info Netsdk:41296 8383:8405 dhnetsdk.cpp:837]Leave CLIENT_Logout. ret:1
[2020-09-16T15:59:13.396 info Netsdk:41296 8383:8405 dhnetsdk.cpp:136]Enter CLIENT_InitEx:[cbDisConnect=0x7f94289da208, dwUser=(nil), lpInitParam=(nil)].
[2020-09-16T15:59:13.396 info Netsdk:41296 8383:8405 AVNetSDKMgr.cpp:670]Test avnetsdk module handle: 0x7f93ac71c6d0

[2020-09-16T15:59:13.396 info Netsdk:41296 8383:8405 dhnetsdk.cpp:159]Leave CLIENT_InitEx.
[2020-09-16T15:59:13.396 info Netsdk:41296 8383:8405 Manager.cpp:13118]-------------------Log file reset, log number:10-log size:10240------------------
[2020-09-16T16:06:22.279 info Netsdk:41296 8766:8788 dhnetsdk.cpp:815]Enter CLIENT_Logout. lLoginID:140470739617968.
[2020-09-16T16:06:22.290 info Netsdk:41296 8766:8788 dhnetsdk.cpp:837]Leave CLIENT_Logout. ret:1
[2020-09-16T16:06:32.289 info Netsdk:41296 8766:8788 dhnetsdk.cpp:136]Enter CLIENT_InitEx:[cbDisConnect=0x7fc258a42208, dwUser=(nil), lpInitParam=(nil)].
[2020-09-16T16:06:32.289 info Netsdk:41296 8766:8788 AVNetSDKMgr.cpp:670]Test avnetsdk module handle: 0x7fc1e46c3b10

[2020-09-16T16:06:32.289 info Netsdk:41296 8766:8788 dhnetsdk.cpp:159]Leave CLIENT_InitEx.
[2020-09-16T16:06:32.290 info Netsdk:41296 8766:8788 Manager.cpp:13118]-------------------Log file reset, log number:10-log size:10240------------------
