[2020-09-27T08:47:38.337 info Netsdk:41296 4764:4786 AVNetSDKMgr.cpp:367]Load avnetsdk library dynamically
[2020-09-27T08:47:38.337 info Netsdk:41296 4764:4786 AVNetSDKMgr.cpp:391]avnetsdk module handle: 0x7f6060733d20

[2020-09-27T08:47:38.337 info Netsdk:41296 4764:4786 AVNetSDKMgr.cpp:717]Load configsdk dynamically
[2020-09-27T08:47:38.361 info Netsdk:41296 4764:4786 dhnetsdk.cpp:190]Enter CLIENT_SetAutoReconnect:[cbAutoConnect=0x7f60dffca048, dwUser=(nil)].
[2020-09-27T08:47:38.361 info Netsdk:41296 4764:4786 dhnetsdk.cpp:192]Leave CLIENT_SetAutoReconnect.
[2020-09-27T08:47:38.362 info Netsdk:41296 4764:4786 dhnetsdk.cpp:210]Enter CLIENT_SetConnectTime:[nWaitTime=5000, nTryTimes=1].
[2020-09-27T08:47:38.362 info Netsdk:41296 4764:4786 dhnetsdk.cpp:223]Leave CLIENT_SetConnectTime.
[2020-09-27T08:47:38.364 info Netsdk:41296 4764:4786 dhnetsdk.cpp:234]Enter CLIENT_SetNetworkParam:[nWaittime=0, nConnectTime=10000, nConnectTryNum=0, nSubConnectSpaceTime=0, nGetDevInfoTime=0, nConnectBufSize=0, nGetConnInfoTime=3000, nSearchRecordTime=0, nsubDisconnetTime=0, byNetType=0, byPlaybackBufSize=0, bDetectDisconnTime=0, bKeepLifeInterval=0, nPicBufSize=0].
[2020-09-27T08:47:38.364 info Netsdk:41296 4764:4786 dhnetsdk.cpp:249]Leave CLIENT_SetNetworkParam.
[2020-09-27T08:47:38.366 info Netsdk:41296 4764:4786 dhnetsdk.cpp:586]Enter CLIENT_LoginEx2. IP:192.168.25.109, port:37777, SpeCap:0, lpDeviceInfo:0x7f6060903c50.
[2020-09-27T08:47:38.366 error Netsdk:41296 4764:4786 TPTCPClient.cpp:423]connect() failed: Operation now in progress
[2020-09-27T08:47:38.621 info Netsdk:41296 4764:4786 dhnetsdk.cpp:622]Leave CLIENT_LoginEx2. error:0, login ID:140051913657184.
[2020-09-27T08:47:38.622 info Netsdk:41296 4764:4786 dhnetsdk.cpp:7400]Enter CLIENT_SetSnapRevCallBack. [OnSnapRevMessage=0x7f60dffca080, dwUser=(nil).]
[2020-09-27T08:47:38.622 info Netsdk:41296 4764:4786 dhnetsdk.cpp:7403]Leave CLIENT_SetSnapRevCallBack.
[2020-09-27T08:47:38.622 info Netsdk:41296 4764:4786 dhnetsdk.cpp:7440]Enter CLIENT_SnapPictureEx. [lLoginID=140051913657184, par=0x7f6060904a20, reserved=0x7f6060903ba0.]
[2020-09-27T08:47:38.622 info Netsdk:41296 4764:4786 dhnetsdk.cpp:7460]Leave CLIENT_SnapPictureEx. ret:1.
[2020-09-27T08:47:49.678 info Netsdk:41296 4764:4786 dhnetsdk.cpp:815]Enter CLIENT_Logout. lLoginID:140051913657184.
[2020-09-27T08:47:49.688 info Netsdk:41296 4764:4786 dhnetsdk.cpp:837]Leave CLIENT_Logout. ret:1
[2020-09-27T08:47:59.686 info Netsdk:41296 4764:4786 dhnetsdk.cpp:136]Enter CLIENT_InitEx:[cbDisConnect=0x7f60dffca0b8, dwUser=(nil), lpInitParam=(nil)].
[2020-09-27T08:47:59.686 info Netsdk:41296 4764:4786 AVNetSDKMgr.cpp:670]Test avnetsdk module handle: 0x7f6060733d20

[2020-09-27T08:47:59.686 info Netsdk:41296 4764:4786 dhnetsdk.cpp:159]Leave CLIENT_InitEx.
[2020-09-27T08:47:59.687 info Netsdk:41296 4764:4786 Manager.cpp:13118]-------------------Log file reset, log number:10-log size:10240------------------
