[2020-09-16T15:25:27.316 info Netsdk:41296 19332:19354 dhnetsdk.cpp:190]Enter CLIENT_SetAutoReconnect:[cbAutoConnect=0x7f3463bc0390, dwUser=(nil)].
[2020-09-16T15:25:27.317 info Netsdk:41296 19332:19354 dhnetsdk.cpp:192]Leave CLIENT_SetAutoReconnect.
[2020-09-16T15:25:27.317 info Netsdk:41296 19332:19354 dhnetsdk.cpp:210]Enter CLIENT_SetConnectTime:[nWaitTime=5000, nTryTimes=1].
[2020-09-16T15:25:27.317 info Netsdk:41296 19332:19354 dhnetsdk.cpp:223]Leave CLIENT_SetConnectTime.
[2020-09-16T15:25:27.317 info Netsdk:41296 19332:19354 dhnetsdk.cpp:234]Enter CLIENT_SetNetworkParam:[nWaittime=0, nConnectTime=10000, nConnectTryNum=0, nSubConnectSpaceTime=0, nGetDevInfoTime=0, nConnectBufSize=0, nGetConnInfoTime=3000, nSearchRecordTime=0, nsubDisconnetTime=0, byNetType=0, byPlaybackBufSize=0, bDetectDisconnTime=0, bKeepLifeInterval=0, nPicBufSize=0].
[2020-09-16T15:25:27.317 info Netsdk:41296 19332:19354 dhnetsdk.cpp:249]Leave CLIENT_SetNetworkParam.
[2020-09-16T15:25:27.317 info Netsdk:41296 19332:19354 dhnetsdk.cpp:586]Enter CLIENT_LoginEx2. IP:192.168.25.109, port:37777, SpeCap:0, lpDeviceInfo:0x7f33f08e3c00.
[2020-09-16T15:25:27.317 error Netsdk:41296 19332:19354 TPTCPClient.cpp:423]connect() failed: Operation now in progress
[2020-09-16T15:25:27.621 info Netsdk:41296 19332:19354 dhnetsdk.cpp:622]Leave CLIENT_LoginEx2. error:0, login ID:139861055916816.
[2020-09-16T15:25:27.622 info Netsdk:41296 19332:19354 dhnetsdk.cpp:7400]Enter CLIENT_SetSnapRevCallBack. [OnSnapRevMessage=0x7f3463bc03c8, dwUser=(nil).]
[2020-09-16T15:25:27.622 info Netsdk:41296 19332:19354 dhnetsdk.cpp:7403]Leave CLIENT_SetSnapRevCallBack.
[2020-09-16T15:25:27.622 info Netsdk:41296 19332:19354 dhnetsdk.cpp:7440]Enter CLIENT_SnapPictureEx. [lLoginID=139861055916816, par=0x7f33f00de2e0, reserved=0x7f33f04e15a0.]
[2020-09-16T15:25:27.622 info Netsdk:41296 19332:19354 dhnetsdk.cpp:7460]Leave CLIENT_SnapPictureEx. ret:1.
Begin Time:2020-09-16T15:25:27.697
[2020-09-16T15:25:27.697 info Netsdk:41296 21056:21078 dhnetsdk.cpp:190]Enter CLIENT_SetAutoReconnect:[cbAutoConnect=0x7f4a99522240, dwUser=(nil)].
[2020-09-16T15:25:27.697 info Netsdk:41296 21056:21078 dhnetsdk.cpp:192]Leave CLIENT_SetAutoReconnect.
[2020-09-16T15:25:27.697 info Netsdk:41296 21056:21078 dhnetsdk.cpp:210]Enter CLIENT_SetConnectTime:[nWaitTime=5000, nTryTimes=1].
[2020-09-16T15:25:27.697 info Netsdk:41296 21056:21078 dhnetsdk.cpp:223]Leave CLIENT_SetConnectTime.
[2020-09-16T15:25:27.697 info Netsdk:41296 21056:21078 dhnetsdk.cpp:234]Enter CLIENT_SetNetworkParam:[nWaittime=0, nConnectTime=10000, nConnectTryNum=0, nSubConnectSpaceTime=0, nGetDevInfoTime=0, nConnectBufSize=0, nGetConnInfoTime=3000, nSearchRecordTime=0, nsubDisconnetTime=0, byNetType=0, byPlaybackBufSize=0, bDetectDisconnTime=0, bKeepLifeInterval=0, nPicBufSize=0].
[2020-09-16T15:25:27.697 info Netsdk:41296 21056:21078 dhnetsdk.cpp:249]Leave CLIENT_SetNetworkParam.
[2020-09-16T15:25:27.698 info Netsdk:41296 21056:21078 dhnetsdk.cpp:586]Enter CLIENT_LoginEx2. IP:192.168.25.109, port:37777, SpeCap:0, lpDeviceInfo:0x7f4a148938e0.
[2020-09-16T15:25:27.698 error Netsdk:41296 21056:21078 TPTCPClient.cpp:423]connect() failed: Operation now in progress
[2020-09-16T15:25:27.975 info Netsdk:41296 21056:21078 dhnetsdk.cpp:622]Leave CLIENT_LoginEx2. error:0, login ID:139956148848624.
[2020-09-16T15:25:27.976 info Netsdk:41296 21056:21078 dhnetsdk.cpp:7400]Enter CLIENT_SetSnapRevCallBack. [OnSnapRevMessage=0x7f4a99522278, dwUser=(nil).]
[2020-09-16T15:25:27.976 info Netsdk:41296 21056:21078 dhnetsdk.cpp:7403]Leave CLIENT_SetSnapRevCallBack.
[2020-09-16T15:25:27.977 info Netsdk:41296 21056:21078 dhnetsdk.cpp:7440]Enter CLIENT_SnapPictureEx. [lLoginID=139956148848624, par=0x7f4a14491ab0, reserved=0x7f4a14893950.]
[2020-09-16T15:25:27.977 info Netsdk:41296 21056:21078 dhnetsdk.cpp:7460]Leave CLIENT_SnapPictureEx. ret:1.
[2020-09-16T15:25:39.677 info Netsdk:41296 19332:19354 dhnetsdk.cpp:815]Enter CLIENT_Logout. lLoginID:139861055916816.
[2020-09-16T15:25:39.688 info Netsdk:41296 19332:19354 dhnetsdk.cpp:837]Leave CLIENT_Logout. ret:1
[2020-09-16T15:25:40.031 info Netsdk:41296 21056:21078 dhnetsdk.cpp:815]Enter CLIENT_Logout. lLoginID:139956148848624.
[2020-09-16T15:25:40.041 info Netsdk:41296 21056:21078 dhnetsdk.cpp:837]Leave CLIENT_Logout. ret:1
[2020-09-16T15:25:49.689 info Netsdk:41296 19332:19354 dhnetsdk.cpp:136]Enter CLIENT_InitEx:[cbDisConnect=0x7f3463bc0400, dwUser=(nil), lpInitParam=(nil)].
[2020-09-16T15:25:49.689 info Netsdk:41296 19332:19354 AVNetSDKMgr.cpp:670]Test avnetsdk module handle: 0x7f33f0713d10

[2020-09-16T15:25:49.689 info Netsdk:41296 19332:19354 dhnetsdk.cpp:159]Leave CLIENT_InitEx.
[2020-09-16T15:25:49.690 info Netsdk:41296 19332:19354 Manager.cpp:13118]-------------------Log file reset, log number:10-log size:10240------------------
[2020-09-16T15:25:50.040 info Netsdk:41296 21056:21078 dhnetsdk.cpp:136]Enter CLIENT_InitEx:[cbDisConnect=0x7f4a995222b0, dwUser=(nil), lpInitParam=(nil)].
[2020-09-16T15:25:50.040 info Netsdk:41296 21056:21078 AVNetSDKMgr.cpp:670]Test avnetsdk module handle: 0x7f4a146c39f0

[2020-09-16T15:25:50.040 info Netsdk:41296 21056:21078 dhnetsdk.cpp:159]Leave CLIENT_InitEx.
[2020-09-16T15:25:50.040 info Netsdk:41296 21056:21078 Manager.cpp:13118]-------------------Log file reset, log number:10-log size:10240------------------
