[2020-09-27T08:54:13.569 info Netsdk:41296 10895:10917 dhnetsdk.cpp:190]Enter CLIENT_SetAutoReconnect:[cbAutoConnect=0x7f26a6894780, dwUser=(nil)].
[2020-09-27T08:54:13.569 info Netsdk:41296 10895:10917 dhnetsdk.cpp:192]Leave CLIENT_SetAutoReconnect.
[2020-09-27T08:54:13.569 info Netsdk:41296 10895:10917 dhnetsdk.cpp:210]Enter CLIENT_SetConnectTime:[nWaitTime=5000, nTryTimes=1].
[2020-09-27T08:54:13.569 info Netsdk:41296 10895:10917 dhnetsdk.cpp:223]Leave CLIENT_SetConnectTime.
[2020-09-27T08:54:13.569 info Netsdk:41296 10895:10917 dhnetsdk.cpp:234]Enter CLIENT_SetNetworkParam:[nWaittime=0, nConnectTime=10000, nConnectTryNum=0, nSubConnectSpaceTime=0, nGetDevInfoTime=0, nConnectBufSize=0, nGetConnInfoTime=3000, nSearchRecordTime=0, nsubDisconnetTime=0, byNetType=0, byPlaybackBufSize=0, bDetectDisconnTime=0, bKeepLifeInterval=0, nPicBufSize=0].
[2020-09-27T08:54:13.569 info Netsdk:41296 10895:10917 dhnetsdk.cpp:249]Leave CLIENT_SetNetworkParam.
[2020-09-27T08:54:13.569 info Netsdk:41296 10895:10917 dhnetsdk.cpp:586]Enter CLIENT_LoginEx2. IP:192.168.25.109, port:37777, SpeCap:0, lpDeviceInfo:0x7f2620814170.
[2020-09-27T08:54:13.569 error Netsdk:41296 10895:10917 TPTCPClient.cpp:423]connect() failed: Operation now in progress
Begin Time:2020-09-27T08:54:13.859
[2020-09-27T08:54:13.859 info Netsdk:41296 13153:13177 dhnetsdk.cpp:190]Enter CLIENT_SetAutoReconnect:[cbAutoConnect=0x7fa293a6a630, dwUser=(nil)].
[2020-09-27T08:54:13.859 info Netsdk:41296 13153:13177 dhnetsdk.cpp:192]Leave CLIENT_SetAutoReconnect.
[2020-09-27T08:54:13.859 info Netsdk:41296 13153:13177 dhnetsdk.cpp:210]Enter CLIENT_SetConnectTime:[nWaitTime=5000, nTryTimes=1].
[2020-09-27T08:54:13.859 info Netsdk:41296 13153:13177 dhnetsdk.cpp:223]Leave CLIENT_SetConnectTime.
[2020-09-27T08:54:13.859 info Netsdk:41296 13153:13177 dhnetsdk.cpp:234]Enter CLIENT_SetNetworkParam:[nWaittime=0, nConnectTime=10000, nConnectTryNum=0, nSubConnectSpaceTime=0, nGetDevInfoTime=0, nConnectBufSize=0, nGetConnInfoTime=3000, nSearchRecordTime=0, nsubDisconnetTime=0, byNetType=0, byPlaybackBufSize=0, bDetectDisconnTime=0, bKeepLifeInterval=0, nPicBufSize=0].
[2020-09-27T08:54:13.859 info Netsdk:41296 13153:13177 dhnetsdk.cpp:249]Leave CLIENT_SetNetworkParam.
[2020-09-27T08:54:13.859 info Netsdk:41296 13153:13177 dhnetsdk.cpp:586]Enter CLIENT_LoginEx2. IP:192.168.25.109, port:37777, SpeCap:0, lpDeviceInfo:0x7fa20c8843d0.
[2020-09-27T08:54:13.859 error Netsdk:41296 13153:13177 TPTCPClient.cpp:423]connect() failed: Operation now in progress
[2020-09-27T08:54:13.879 info Netsdk:41296 10895:10917 dhnetsdk.cpp:622]Leave CLIENT_LoginEx2. error:0, login ID:139801722540784.
[2020-09-27T08:54:13.879 info Netsdk:41296 10895:10917 dhnetsdk.cpp:7400]Enter CLIENT_SetSnapRevCallBack. [OnSnapRevMessage=0x7f26a68947b8, dwUser=(nil).]
[2020-09-27T08:54:13.879 info Netsdk:41296 10895:10917 dhnetsdk.cpp:7403]Leave CLIENT_SetSnapRevCallBack.
[2020-09-27T08:54:13.881 info Netsdk:41296 10895:10917 dhnetsdk.cpp:7440]Enter CLIENT_SnapPictureEx. [lLoginID=139801722540784, par=0x7f26200a40d0, reserved=0x7f26200a3b80.]
[2020-09-27T08:54:13.881 info Netsdk:41296 10895:10917 dhnetsdk.cpp:7460]Leave CLIENT_SnapPictureEx. ret:1.
[2020-09-27T08:54:14.152 info Netsdk:41296 13153:13177 dhnetsdk.cpp:622]Leave CLIENT_LoginEx2. error:0, login ID:140333971690208.
[2020-09-27T08:54:14.153 info Netsdk:41296 13153:13177 dhnetsdk.cpp:7400]Enter CLIENT_SetSnapRevCallBack. [OnSnapRevMessage=0x7fa293a6a668, dwUser=(nil).]
[2020-09-27T08:54:14.153 info Netsdk:41296 13153:13177 dhnetsdk.cpp:7403]Leave CLIENT_SetSnapRevCallBack.
[2020-09-27T08:54:14.153 info Netsdk:41296 13153:13177 dhnetsdk.cpp:7440]Enter CLIENT_SnapPictureEx. [lLoginID=140333971690208, par=0x7fa20c1a0390, reserved=0x7fa20c19eb00.]
[2020-09-27T08:54:14.153 info Netsdk:41296 13153:13177 dhnetsdk.cpp:7460]Leave CLIENT_SnapPictureEx. ret:1.
[2020-09-27T08:54:25.933 info Netsdk:41296 10895:10917 dhnetsdk.cpp:815]Enter CLIENT_Logout. lLoginID:139801722540784.
[2020-09-27T08:54:25.943 info Netsdk:41296 10895:10917 dhnetsdk.cpp:837]Leave CLIENT_Logout. ret:1
[2020-09-27T08:54:26.220 info Netsdk:41296 13153:13177 dhnetsdk.cpp:815]Enter CLIENT_Logout. lLoginID:140333971690208.
[2020-09-27T08:54:26.230 info Netsdk:41296 13153:13177 dhnetsdk.cpp:837]Leave CLIENT_Logout. ret:1
[2020-09-27T08:54:35.942 info Netsdk:41296 10895:10917 dhnetsdk.cpp:136]Enter CLIENT_InitEx:[cbDisConnect=0x7f26a68947f0, dwUser=(nil), lpInitParam=(nil)].
[2020-09-27T08:54:35.943 info Netsdk:41296 10895:10917 AVNetSDKMgr.cpp:670]Test avnetsdk module handle: 0x7f26206442c0

[2020-09-27T08:54:35.943 info Netsdk:41296 10895:10917 dhnetsdk.cpp:159]Leave CLIENT_InitEx.
[2020-09-27T08:54:35.943 info Netsdk:41296 10895:10917 Manager.cpp:13118]-------------------Log file reset, log number:10-log size:10240------------------
[2020-09-27T08:54:36.230 info Netsdk:41296 13153:13177 dhnetsdk.cpp:136]Enter CLIENT_InitEx:[cbDisConnect=0x7fa293a6a6a0, dwUser=(nil), lpInitParam=(nil)].
[2020-09-27T08:54:36.231 info Netsdk:41296 13153:13177 AVNetSDKMgr.cpp:670]Test avnetsdk module handle: 0x7fa20c6b44b0

[2020-09-27T08:54:36.231 info Netsdk:41296 13153:13177 dhnetsdk.cpp:159]Leave CLIENT_InitEx.
[2020-09-27T08:54:36.231 info Netsdk:41296 13153:13177 Manager.cpp:13118]-------------------Log file reset, log number:10-log size:10240------------------
