[2020-09-16T15:39:00.037 info Netsdk:41296 2823:2845 dhnetsdk.cpp:190]Enter CLIENT_SetAutoReconnect:[cbAutoConnect=0x7fcda62bf780, dwUser=(nil)].
[2020-09-16T15:39:00.037 info Netsdk:41296 2823:2845 dhnetsdk.cpp:192]Leave CLIENT_SetAutoReconnect.
[2020-09-16T15:39:00.037 info Netsdk:41296 2823:2845 dhnetsdk.cpp:210]Enter CLIENT_SetConnectTime:[nWaitTime=5000, nTryTimes=1].
[2020-09-16T15:39:00.037 info Netsdk:41296 2823:2845 dhnetsdk.cpp:223]Leave CLIENT_SetConnectTime.
[2020-09-16T15:39:00.037 info Netsdk:41296 2823:2845 dhnetsdk.cpp:234]Enter CLIENT_SetNetworkParam:[nWaittime=0, nConnectTime=10000, nConnectTryNum=0, nSubConnectSpaceTime=0, nGetDevInfoTime=0, nConnectBufSize=0, nGetConnInfoTime=3000, nSearchRecordTime=0, nsubDisconnetTime=0, byNetType=0, byPlaybackBufSize=0, bDetectDisconnTime=0, bKeepLifeInterval=0, nPicBufSize=0].
[2020-09-16T15:39:00.037 info Netsdk:41296 2823:2845 dhnetsdk.cpp:249]Leave CLIENT_SetNetworkParam.
[2020-09-16T15:39:00.038 info Netsdk:41296 2823:2845 dhnetsdk.cpp:586]Enter CLIENT_LoginEx2. IP:192.168.25.109, port:37777, SpeCap:0, lpDeviceInfo:0x7fcd308db6d0.
[2020-09-16T15:39:00.038 error Netsdk:41296 2823:2845 TPTCPClient.cpp:423]connect() failed: Operation now in progress
Begin Time:2020-09-16T15:39:00.302
[2020-09-16T15:39:00.302 info Netsdk:41296 4588:4610 dhnetsdk.cpp:190]Enter CLIENT_SetAutoReconnect:[cbAutoConnect=0x7f79156da630, dwUser=(nil)].
[2020-09-16T15:39:00.302 info Netsdk:41296 4588:4610 dhnetsdk.cpp:192]Leave CLIENT_SetAutoReconnect.
[2020-09-16T15:39:00.302 info Netsdk:41296 4588:4610 dhnetsdk.cpp:210]Enter CLIENT_SetConnectTime:[nWaitTime=5000, nTryTimes=1].
[2020-09-16T15:39:00.302 info Netsdk:41296 4588:4610 dhnetsdk.cpp:223]Leave CLIENT_SetConnectTime.
[2020-09-16T15:39:00.302 info Netsdk:41296 4588:4610 dhnetsdk.cpp:234]Enter CLIENT_SetNetworkParam:[nWaittime=0, nConnectTime=10000, nConnectTryNum=0, nSubConnectSpaceTime=0, nGetDevInfoTime=0, nConnectBufSize=0, nGetConnInfoTime=3000, nSearchRecordTime=0, nsubDisconnetTime=0, byNetType=0, byPlaybackBufSize=0, bDetectDisconnTime=0, bKeepLifeInterval=0, nPicBufSize=0].
[2020-09-16T15:39:00.302 info Netsdk:41296 4588:4610 dhnetsdk.cpp:249]Leave CLIENT_SetNetworkParam.
[2020-09-16T15:39:00.303 info Netsdk:41296 4588:4610 dhnetsdk.cpp:586]Enter CLIENT_LoginEx2. IP:192.168.25.109, port:37777, SpeCap:0, lpDeviceInfo:0x7f78a08c3c60.
[2020-09-16T15:39:00.303 error Netsdk:41296 4588:4610 TPTCPClient.cpp:423]connect() failed: Operation now in progress
[2020-09-16T15:39:00.342 info Netsdk:41296 2823:2845 dhnetsdk.cpp:622]Leave CLIENT_LoginEx2. error:0, login ID:140519259620832.
[2020-09-16T15:39:00.346 info Netsdk:41296 2823:2845 dhnetsdk.cpp:7400]Enter CLIENT_SetSnapRevCallBack. [OnSnapRevMessage=0x7fcda62bf7b8, dwUser=(nil).]
[2020-09-16T15:39:00.346 info Netsdk:41296 2823:2845 dhnetsdk.cpp:7403]Leave CLIENT_SetSnapRevCallBack.
[2020-09-16T15:39:00.346 info Netsdk:41296 2823:2845 dhnetsdk.cpp:7440]Enter CLIENT_SnapPictureEx. [lLoginID=140519259620832, par=0x7fcd30017010, reserved=0x7fcd300d28a0.]
[2020-09-16T15:39:00.346 info Netsdk:41296 2823:2845 dhnetsdk.cpp:7460]Leave CLIENT_SnapPictureEx. ret:1.
[2020-09-16T15:39:00.568 info Netsdk:41296 4588:4610 dhnetsdk.cpp:622]Leave CLIENT_LoginEx2. error:0, login ID:140156066350944.
[2020-09-16T15:39:00.568 info Netsdk:41296 4588:4610 dhnetsdk.cpp:7400]Enter CLIENT_SetSnapRevCallBack. [OnSnapRevMessage=0x7f79156da668, dwUser=(nil).]
[2020-09-16T15:39:00.568 info Netsdk:41296 4588:4610 dhnetsdk.cpp:7403]Leave CLIENT_SetSnapRevCallBack.
[2020-09-16T15:39:00.569 info Netsdk:41296 4588:4610 dhnetsdk.cpp:7440]Enter CLIENT_SnapPictureEx. [lLoginID=140156066350944, par=0x7f78a002ea80, reserved=0x7f78a002f300.]
[2020-09-16T15:39:00.569 info Netsdk:41296 4588:4610 dhnetsdk.cpp:7460]Leave CLIENT_SnapPictureEx. ret:1.
[2020-09-16T15:39:12.400 info Netsdk:41296 2823:2845 dhnetsdk.cpp:815]Enter CLIENT_Logout. lLoginID:140519259620832.
[2020-09-16T15:39:12.411 info Netsdk:41296 2823:2845 dhnetsdk.cpp:837]Leave CLIENT_Logout. ret:1
[2020-09-16T15:39:12.624 info Netsdk:41296 4588:4610 dhnetsdk.cpp:815]Enter CLIENT_Logout. lLoginID:140156066350944.
[2020-09-16T15:39:12.634 info Netsdk:41296 4588:4610 dhnetsdk.cpp:837]Leave CLIENT_Logout. ret:1
[2020-09-16T15:39:22.410 info Netsdk:41296 2823:2845 dhnetsdk.cpp:136]Enter CLIENT_InitEx:[cbDisConnect=0x7fcda62bf7f0, dwUser=(nil), lpInitParam=(nil)].
[2020-09-16T15:39:22.410 info Netsdk:41296 2823:2845 AVNetSDKMgr.cpp:670]Test avnetsdk module handle: 0x7fcd3070b7e0

[2020-09-16T15:39:22.410 info Netsdk:41296 2823:2845 dhnetsdk.cpp:159]Leave CLIENT_InitEx.
[2020-09-16T15:39:22.410 info Netsdk:41296 2823:2845 Manager.cpp:13118]-------------------Log file reset, log number:10-log size:10240------------------
[2020-09-16T15:39:22.633 info Netsdk:41296 4588:4610 dhnetsdk.cpp:136]Enter CLIENT_InitEx:[cbDisConnect=0x7f79156da6a0, dwUser=(nil), lpInitParam=(nil)].
[2020-09-16T15:39:22.633 info Netsdk:41296 4588:4610 AVNetSDKMgr.cpp:670]Test avnetsdk module handle: 0x7f78a06f3cf0

[2020-09-16T15:39:22.633 info Netsdk:41296 4588:4610 dhnetsdk.cpp:159]Leave CLIENT_InitEx.
[2020-09-16T15:39:22.634 info Netsdk:41296 4588:4610 Manager.cpp:13118]-------------------Log file reset, log number:10-log size:10240------------------
