[2020-09-16T15:25:52.300 info Netsdk:41296 20190:20212 dhnetsdk.cpp:190]Enter CLIENT_SetAutoReconnect:[cbAutoConnect=0x7f27c01a5390, dwUser=(nil)].
[2020-09-16T15:25:52.300 info Netsdk:41296 20190:20212 dhnetsdk.cpp:192]Leave CLIENT_SetAutoReconnect.
[2020-09-16T15:25:52.300 info Netsdk:41296 20190:20212 dhnetsdk.cpp:210]Enter CLIENT_SetConnectTime:[nWaitTime=5000, nTryTimes=1].
[2020-09-16T15:25:52.300 info Netsdk:41296 20190:20212 dhnetsdk.cpp:223]Leave CLIENT_SetConnectTime.
[2020-09-16T15:25:52.301 info Netsdk:41296 20190:20212 dhnetsdk.cpp:234]Enter CLIENT_SetNetworkParam:[nWaittime=0, nConnectTime=10000, nConnectTryNum=0, nSubConnectSpaceTime=0, nGetDevInfoTime=0, nConnectBufSize=0, nGetConnInfoTime=3000, nSearchRecordTime=0, nsubDisconnetTime=0, byNetType=0, byPlaybackBufSize=0, bDetectDisconnTime=0, bKeepLifeInterval=0, nPicBufSize=0].
[2020-09-16T15:25:52.301 info Netsdk:41296 20190:20212 dhnetsdk.cpp:249]Leave CLIENT_SetNetworkParam.
[2020-09-16T15:25:52.301 info Netsdk:41296 20190:20212 dhnetsdk.cpp:586]Enter CLIENT_LoginEx2. IP:192.168.25.109, port:37777, SpeCap:0, lpDeviceInfo:0x7f2730873a70.
[2020-09-16T15:25:52.301 error Netsdk:41296 20190:20212 TPTCPClient.cpp:423]connect() failed: Operation now in progress
[2020-09-16T15:25:52.554 info Netsdk:41296 20190:20212 dhnetsdk.cpp:622]Leave CLIENT_LoginEx2. error:0, login ID:139806294624640.
[2020-09-16T15:25:52.554 info Netsdk:41296 20190:20212 dhnetsdk.cpp:7400]Enter CLIENT_SetSnapRevCallBack. [OnSnapRevMessage=0x7f27c01a53c8, dwUser=(nil).]
[2020-09-16T15:25:52.554 info Netsdk:41296 20190:20212 dhnetsdk.cpp:7403]Leave CLIENT_SetSnapRevCallBack.
[2020-09-16T15:25:52.554 info Netsdk:41296 20190:20212 dhnetsdk.cpp:7440]Enter CLIENT_SnapPictureEx. [lLoginID=139806294624640, par=0x7f27300e1650, reserved=0x7f27300e1160.]
[2020-09-16T15:25:52.555 info Netsdk:41296 20190:20212 dhnetsdk.cpp:7460]Leave CLIENT_SnapPictureEx. ret:1.
Begin Time:2020-09-16T15:25:52.689
[2020-09-16T15:25:52.689 info Netsdk:41296 22118:22141 dhnetsdk.cpp:190]Enter CLIENT_SetAutoReconnect:[cbAutoConnect=0x7f16364aa240, dwUser=(nil)].
[2020-09-16T15:25:52.689 info Netsdk:41296 22118:22141 dhnetsdk.cpp:192]Leave CLIENT_SetAutoReconnect.
[2020-09-16T15:25:52.689 info Netsdk:41296 22118:22141 dhnetsdk.cpp:210]Enter CLIENT_SetConnectTime:[nWaitTime=5000, nTryTimes=1].
[2020-09-16T15:25:52.689 info Netsdk:41296 22118:22141 dhnetsdk.cpp:223]Leave CLIENT_SetConnectTime.
[2020-09-16T15:25:52.690 info Netsdk:41296 22118:22141 dhnetsdk.cpp:234]Enter CLIENT_SetNetworkParam:[nWaittime=0, nConnectTime=10000, nConnectTryNum=0, nSubConnectSpaceTime=0, nGetDevInfoTime=0, nConnectBufSize=0, nGetConnInfoTime=3000, nSearchRecordTime=0, nsubDisconnetTime=0, byNetType=0, byPlaybackBufSize=0, bDetectDisconnTime=0, bKeepLifeInterval=0, nPicBufSize=0].
[2020-09-16T15:25:52.690 info Netsdk:41296 22118:22141 dhnetsdk.cpp:249]Leave CLIENT_SetNetworkParam.
[2020-09-16T15:25:52.690 info Netsdk:41296 22118:22141 dhnetsdk.cpp:586]Enter CLIENT_LoginEx2. IP:192.168.25.109, port:37777, SpeCap:0, lpDeviceInfo:0x7f15b88f1f40.
[2020-09-16T15:25:52.690 error Netsdk:41296 22118:22141 TPTCPClient.cpp:423]connect() failed: Operation now in progress
[2020-09-16T15:25:52.979 info Netsdk:41296 22118:22141 dhnetsdk.cpp:622]Leave CLIENT_LoginEx2. error:0, login ID:139731267432016.
[2020-09-16T15:25:52.980 info Netsdk:41296 22118:22141 dhnetsdk.cpp:7400]Enter CLIENT_SetSnapRevCallBack. [OnSnapRevMessage=0x7f16364aa278, dwUser=(nil).]
[2020-09-16T15:25:52.980 info Netsdk:41296 22118:22141 dhnetsdk.cpp:7403]Leave CLIENT_SetSnapRevCallBack.
[2020-09-16T15:25:52.981 info Netsdk:41296 22118:22141 dhnetsdk.cpp:7440]Enter CLIENT_SnapPictureEx. [lLoginID=139731267432016, par=0x7f15b88f6720, reserved=0x7f15b88f1fb0.]
[2020-09-16T15:25:52.981 info Netsdk:41296 22118:22141 dhnetsdk.cpp:7460]Leave CLIENT_SnapPictureEx. ret:1.
