[2020-09-16T15:46:15.405 info Netsdk:41296 18881:18903 dhnetsdk.cpp:190]Enter CLIENT_SetAutoReconnect:[cbAutoConnect=0x7f7c69c802e8, dwUser=(nil)].
[2020-09-16T15:46:15.405 info Netsdk:41296 18881:18903 dhnetsdk.cpp:192]Leave CLIENT_SetAutoReconnect.
[2020-09-16T15:46:15.405 info Netsdk:41296 18881:18903 dhnetsdk.cpp:210]Enter CLIENT_SetConnectTime:[nWaitTime=5000, nTryTimes=1].
[2020-09-16T15:46:15.405 info Netsdk:41296 18881:18903 dhnetsdk.cpp:223]Leave CLIENT_SetConnectTime.
[2020-09-16T15:46:15.405 info Netsdk:41296 18881:18903 dhnetsdk.cpp:234]Enter CLIENT_SetNetworkParam:[nWaittime=0, nConnectTime=10000, nConnectTryNum=0, nSubConnectSpaceTime=0, nGetDevInfoTime=0, nConnectBufSize=0, nGetConnInfoTime=3000, nSearchRecordTime=0, nsubDisconnetTime=0, byNetType=0, byPlaybackBufSize=0, bDetectDisconnTime=0, bKeepLifeInterval=0, nPicBufSize=0].
[2020-09-16T15:46:15.405 info Netsdk:41296 18881:18903 dhnetsdk.cpp:249]Leave CLIENT_SetNetworkParam.
[2020-09-16T15:46:15.406 info Netsdk:41296 18881:18903 dhnetsdk.cpp:586]Enter CLIENT_LoginEx2. IP:192.168.25.109, port:37777, SpeCap:0, lpDeviceInfo:0x7f7bf48ec1f0.
[2020-09-16T15:46:15.406 error Netsdk:41296 18881:18903 TPTCPClient.cpp:423]connect() failed: Operation now in progress
[2020-09-16T15:46:15.690 info Netsdk:41296 18881:18903 dhnetsdk.cpp:622]Leave CLIENT_LoginEx2. error:0, login ID:140170360704240.
[2020-09-16T15:46:15.691 info Netsdk:41296 18881:18903 dhnetsdk.cpp:7400]Enter CLIENT_SetSnapRevCallBack. [OnSnapRevMessage=0x7f7c69c80320, dwUser=(nil).]
[2020-09-16T15:46:15.691 info Netsdk:41296 18881:18903 dhnetsdk.cpp:7403]Leave CLIENT_SetSnapRevCallBack.
[2020-09-16T15:46:15.691 info Netsdk:41296 18881:18903 dhnetsdk.cpp:7440]Enter CLIENT_SnapPictureEx. [lLoginID=140170360704240, par=0x7f7bf425ea10, reserved=0x7f7bf4129650.]
[2020-09-16T15:46:15.691 info Netsdk:41296 18881:18903 dhnetsdk.cpp:7460]Leave CLIENT_SnapPictureEx. ret:1.
Begin Time:2020-09-16T15:46:15.817
[2020-09-16T15:46:15.817 info Netsdk:41296 20610:20636 dhnetsdk.cpp:190]Enter CLIENT_SetAutoReconnect:[cbAutoConnect=0x7f93d9822198, dwUser=(nil)].
[2020-09-16T15:46:15.817 info Netsdk:41296 20610:20636 dhnetsdk.cpp:192]Leave CLIENT_SetAutoReconnect.
[2020-09-16T15:46:15.817 info Netsdk:41296 20610:20636 dhnetsdk.cpp:210]Enter CLIENT_SetConnectTime:[nWaitTime=5000, nTryTimes=1].
[2020-09-16T15:46:15.817 info Netsdk:41296 20610:20636 dhnetsdk.cpp:223]Leave CLIENT_SetConnectTime.
[2020-09-16T15:46:15.817 info Netsdk:41296 20610:20636 dhnetsdk.cpp:234]Enter CLIENT_SetNetworkParam:[nWaittime=0, nConnectTime=10000, nConnectTryNum=0, nSubConnectSpaceTime=0, nGetDevInfoTime=0, nConnectBufSize=0, nGetConnInfoTime=3000, nSearchRecordTime=0, nsubDisconnetTime=0, byNetType=0, byPlaybackBufSize=0, bDetectDisconnTime=0, bKeepLifeInterval=0, nPicBufSize=0].
[2020-09-16T15:46:15.817 info Netsdk:41296 20610:20636 dhnetsdk.cpp:249]Leave CLIENT_SetNetworkParam.
[2020-09-16T15:46:15.817 info Netsdk:41296 20610:20636 dhnetsdk.cpp:586]Enter CLIENT_LoginEx2. IP:192.168.25.109, port:37777, SpeCap:0, lpDeviceInfo:0x7f934c8cb690.
[2020-09-16T15:46:15.817 error Netsdk:41296 20610:20636 TPTCPClient.cpp:423]connect() failed: Operation now in progress
[2020-09-16T15:46:16.102 info Netsdk:41296 20610:20636 dhnetsdk.cpp:622]Leave CLIENT_LoginEx2. error:0, login ID:140270621214112.
[2020-09-16T15:46:16.103 info Netsdk:41296 20610:20636 dhnetsdk.cpp:7400]Enter CLIENT_SetSnapRevCallBack. [OnSnapRevMessage=0x7f93d98221d0, dwUser=(nil).]
[2020-09-16T15:46:16.103 info Netsdk:41296 20610:20636 dhnetsdk.cpp:7403]Leave CLIENT_SetSnapRevCallBack.
[2020-09-16T15:46:16.104 info Netsdk:41296 20610:20636 dhnetsdk.cpp:7440]Enter CLIENT_SnapPictureEx. [lLoginID=140270621214112, par=0x7f934c4b98f0, reserved=0x7f934c8cf550.]
[2020-09-16T15:46:16.104 info Netsdk:41296 20610:20636 dhnetsdk.cpp:7460]Leave CLIENT_SnapPictureEx. ret:1.
[2020-09-16T15:46:27.744 info Netsdk:41296 18881:18903 dhnetsdk.cpp:815]Enter CLIENT_Logout. lLoginID:140170360704240.
[2020-09-16T15:46:27.755 info Netsdk:41296 18881:18903 dhnetsdk.cpp:837]Leave CLIENT_Logout. ret:1
[2020-09-16T15:46:28.158 info Netsdk:41296 20610:20636 dhnetsdk.cpp:815]Enter CLIENT_Logout. lLoginID:140270621214112.
[2020-09-16T15:46:28.168 info Netsdk:41296 20610:20636 dhnetsdk.cpp:837]Leave CLIENT_Logout. ret:1
[2020-09-16T15:46:37.755 info Netsdk:41296 18881:18903 dhnetsdk.cpp:136]Enter CLIENT_InitEx:[cbDisConnect=0x7f7c69c80358, dwUser=(nil), lpInitParam=(nil)].
[2020-09-16T15:46:37.755 info Netsdk:41296 18881:18903 AVNetSDKMgr.cpp:670]Test avnetsdk module handle: 0x7f7bf471c2a0

[2020-09-16T15:46:37.755 info Netsdk:41296 18881:18903 dhnetsdk.cpp:159]Leave CLIENT_InitEx.
[2020-09-16T15:46:37.756 info Netsdk:41296 18881:18903 Manager.cpp:13118]-------------------Log file reset, log number:10-log size:10240------------------
[2020-09-16T15:46:38.168 info Netsdk:41296 20610:20636 dhnetsdk.cpp:136]Enter CLIENT_InitEx:[cbDisConnect=0x7f93d9822208, dwUser=(nil), lpInitParam=(nil)].
[2020-09-16T15:46:38.168 info Netsdk:41296 20610:20636 AVNetSDKMgr.cpp:670]Test avnetsdk module handle: 0x7f934c6fb800

[2020-09-16T15:46:38.168 info Netsdk:41296 20610:20636 dhnetsdk.cpp:159]Leave CLIENT_InitEx.
[2020-09-16T15:46:38.168 info Netsdk:41296 20610:20636 Manager.cpp:13118]-------------------Log file reset, log number:10-log size:10240------------------
