[2020-09-16T15:45:13.049 info Netsdk:41296 17469:17491 dhnetsdk.cpp:190]Enter CLIENT_SetAutoReconnect:[cbAutoConnect=0x7f53098b8240, dwUser=(nil)].
[2020-09-16T15:45:13.050 info Netsdk:41296 17469:17491 dhnetsdk.cpp:192]Leave CLIENT_SetAutoReconnect.
[2020-09-16T15:45:13.050 info Netsdk:41296 17469:17491 dhnetsdk.cpp:210]Enter CLIENT_SetConnectTime:[nWaitTime=5000, nTryTimes=1].
[2020-09-16T15:45:13.050 info Netsdk:41296 17469:17491 dhnetsdk.cpp:223]Leave CLIENT_SetConnectTime.
[2020-09-16T15:45:13.050 info Netsdk:41296 17469:17491 dhnetsdk.cpp:234]Enter CLIENT_SetNetworkParam:[nWaittime=0, nConnectTime=10000, nConnectTryNum=0, nSubConnectSpaceTime=0, nGetDevInfoTime=0, nConnectBufSize=0, nGetConnInfoTime=3000, nSearchRecordTime=0, nsubDisconnetTime=0, byNetType=0, byPlaybackBufSize=0, bDetectDisconnTime=0, bKeepLifeInterval=0, nPicBufSize=0].
[2020-09-16T15:45:13.050 info Netsdk:41296 17469:17491 dhnetsdk.cpp:249]Leave CLIENT_SetNetworkParam.
[2020-09-16T15:45:13.050 info Netsdk:41296 17469:17491 dhnetsdk.cpp:586]Enter CLIENT_LoginEx2. IP:192.168.25.109, port:37777, SpeCap:0, lpDeviceInfo:0x7f52948c4240.
[2020-09-16T15:45:13.050 error Netsdk:41296 17469:17491 TPTCPClient.cpp:423]connect() failed: Operation now in progress
[2020-09-16T15:45:13.327 info Netsdk:41296 17469:17491 dhnetsdk.cpp:622]Leave CLIENT_LoginEx2. error:0, login ID:139992656268608.
[2020-09-16T15:45:13.328 info Netsdk:41296 17469:17491 dhnetsdk.cpp:7400]Enter CLIENT_SetSnapRevCallBack. [OnSnapRevMessage=0x7f53098b8278, dwUser=(nil).]
[2020-09-16T15:45:13.328 info Netsdk:41296 17469:17491 dhnetsdk.cpp:7403]Leave CLIENT_SetSnapRevCallBack.
[2020-09-16T15:45:13.329 info Netsdk:41296 17469:17491 dhnetsdk.cpp:7440]Enter CLIENT_SnapPictureEx. [lLoginID=139992656268608, par=0x7f529410ed40, reserved=0x7f52948c42b0.]
[2020-09-16T15:45:13.329 info Netsdk:41296 17469:17491 dhnetsdk.cpp:7460]Leave CLIENT_SnapPictureEx. ret:1.
Begin Time:2020-09-16T15:45:13.421
[2020-09-16T15:45:13.421 info Netsdk:41296 19060:19082 dhnetsdk.cpp:190]Enter CLIENT_SetAutoReconnect:[cbAutoConnect=0x7f2afb4830f0, dwUser=(nil)].
[2020-09-16T15:45:13.421 info Netsdk:41296 19060:19082 dhnetsdk.cpp:192]Leave CLIENT_SetAutoReconnect.
[2020-09-16T15:45:13.421 info Netsdk:41296 19060:19082 dhnetsdk.cpp:210]Enter CLIENT_SetConnectTime:[nWaitTime=5000, nTryTimes=1].
[2020-09-16T15:45:13.421 info Netsdk:41296 19060:19082 dhnetsdk.cpp:223]Leave CLIENT_SetConnectTime.
[2020-09-16T15:45:13.421 info Netsdk:41296 19060:19082 dhnetsdk.cpp:234]Enter CLIENT_SetNetworkParam:[nWaittime=0, nConnectTime=10000, nConnectTryNum=0, nSubConnectSpaceTime=0, nGetDevInfoTime=0, nConnectBufSize=0, nGetConnInfoTime=3000, nSearchRecordTime=0, nsubDisconnetTime=0, byNetType=0, byPlaybackBufSize=0, bDetectDisconnTime=0, bKeepLifeInterval=0, nPicBufSize=0].
[2020-09-16T15:45:13.421 info Netsdk:41296 19060:19082 dhnetsdk.cpp:249]Leave CLIENT_SetNetworkParam.
[2020-09-16T15:45:13.421 info Netsdk:41296 19060:19082 dhnetsdk.cpp:586]Enter CLIENT_LoginEx2. IP:192.168.25.109, port:37777, SpeCap:0, lpDeviceInfo:0x7f2a7c8dbb70.
[2020-09-16T15:45:13.421 error Netsdk:41296 19060:19082 TPTCPClient.cpp:423]connect() failed: Operation now in progress
[2020-09-16T15:45:13.675 info Netsdk:41296 19060:19082 dhnetsdk.cpp:622]Leave CLIENT_LoginEx2. error:0, login ID:139820455021184.
[2020-09-16T15:45:13.676 info Netsdk:41296 19060:19082 dhnetsdk.cpp:7400]Enter CLIENT_SetSnapRevCallBack. [OnSnapRevMessage=0x7f2afb483128, dwUser=(nil).]
[2020-09-16T15:45:13.676 info Netsdk:41296 19060:19082 dhnetsdk.cpp:7403]Leave CLIENT_SetSnapRevCallBack.
[2020-09-16T15:45:13.677 info Netsdk:41296 19060:19082 dhnetsdk.cpp:7440]Enter CLIENT_SnapPictureEx. [lLoginID=139820455021184, par=0x7f2a7c8e0280, reserved=0x7f2a7c4d9e50.]
[2020-09-16T15:45:13.678 info Netsdk:41296 19060:19082 dhnetsdk.cpp:7460]Leave CLIENT_SnapPictureEx. ret:1.
[2020-09-16T15:45:25.383 info Netsdk:41296 17469:17491 dhnetsdk.cpp:815]Enter CLIENT_Logout. lLoginID:139992656268608.
[2020-09-16T15:45:25.393 info Netsdk:41296 17469:17491 dhnetsdk.cpp:837]Leave CLIENT_Logout. ret:1
[2020-09-16T15:45:25.735 info Netsdk:41296 19060:19082 dhnetsdk.cpp:815]Enter CLIENT_Logout. lLoginID:139820455021184.
[2020-09-16T15:45:25.745 info Netsdk:41296 19060:19082 dhnetsdk.cpp:837]Leave CLIENT_Logout. ret:1
[2020-09-16T15:45:35.393 info Netsdk:41296 17469:17491 dhnetsdk.cpp:136]Enter CLIENT_InitEx:[cbDisConnect=0x7f53098b82b0, dwUser=(nil), lpInitParam=(nil)].
[2020-09-16T15:45:35.393 info Netsdk:41296 17469:17491 AVNetSDKMgr.cpp:670]Test avnetsdk module handle: 0x7f52946f4290

[2020-09-16T15:45:35.393 info Netsdk:41296 17469:17491 dhnetsdk.cpp:159]Leave CLIENT_InitEx.
[2020-09-16T15:45:35.393 info Netsdk:41296 17469:17491 Manager.cpp:13118]-------------------Log file reset, log number:10-log size:10240------------------
[2020-09-16T15:45:35.745 info Netsdk:41296 19060:19082 dhnetsdk.cpp:136]Enter CLIENT_InitEx:[cbDisConnect=0x7f2afb483160, dwUser=(nil), lpInitParam=(nil)].
[2020-09-16T15:45:35.745 info Netsdk:41296 19060:19082 AVNetSDKMgr.cpp:670]Test avnetsdk module handle: 0x7f2a7c70bc80

[2020-09-16T15:45:35.745 info Netsdk:41296 19060:19082 dhnetsdk.cpp:159]Leave CLIENT_InitEx.
[2020-09-16T15:45:35.746 info Netsdk:41296 19060:19082 Manager.cpp:13118]-------------------Log file reset, log number:10-log size:10240------------------
