[2020-09-27T08:51:09.230 info Netsdk:41296 8611:8633 dhnetsdk.cpp:190]Enter CLIENT_SetAutoReconnect:[cbAutoConnect=0x7f4473768390, dwUser=(nil)].
[2020-09-27T08:51:09.230 info Netsdk:41296 8611:8633 dhnetsdk.cpp:192]Leave CLIENT_SetAutoReconnect.
[2020-09-27T08:51:09.230 info Netsdk:41296 8611:8633 dhnetsdk.cpp:210]Enter CLIENT_SetConnectTime:[nWaitTime=5000, nTryTimes=1].
[2020-09-27T08:51:09.230 info Netsdk:41296 8611:8633 dhnetsdk.cpp:223]Leave CLIENT_SetConnectTime.
[2020-09-27T08:51:09.231 info Netsdk:41296 8611:8633 dhnetsdk.cpp:234]Enter CLIENT_SetNetworkParam:[nWaittime=0, nConnectTime=10000, nConnectTryNum=0, nSubConnectSpaceTime=0, nGetDevInfoTime=0, nConnectBufSize=0, nGetConnInfoTime=3000, nSearchRecordTime=0, nsubDisconnetTime=0, byNetType=0, byPlaybackBufSize=0, bDetectDisconnTime=0, bKeepLifeInterval=0, nPicBufSize=0].
[2020-09-27T08:51:09.231 info Netsdk:41296 8611:8633 dhnetsdk.cpp:249]Leave CLIENT_SetNetworkParam.
[2020-09-27T08:51:09.231 info Netsdk:41296 8611:8633 dhnetsdk.cpp:586]Enter CLIENT_LoginEx2. IP:192.168.25.109, port:37777, SpeCap:0, lpDeviceInfo:0x7f43e48a3cd0.
[2020-09-27T08:51:09.231 error Netsdk:41296 8611:8633 TPTCPClient.cpp:423]connect() failed: Operation now in progress
[2020-09-27T08:51:09.587 info Netsdk:41296 8611:8633 dhnetsdk.cpp:622]Leave CLIENT_LoginEx2. error:0, login ID:139929573805024.
[2020-09-27T08:51:09.587 info Netsdk:41296 8611:8633 dhnetsdk.cpp:7400]Enter CLIENT_SetSnapRevCallBack. [OnSnapRevMessage=0x7f44737683c8, dwUser=(nil).]
[2020-09-27T08:51:09.587 info Netsdk:41296 8611:8633 dhnetsdk.cpp:7403]Leave CLIENT_SetSnapRevCallBack.
[2020-09-27T08:51:09.588 info Netsdk:41296 8611:8633 dhnetsdk.cpp:7440]Enter CLIENT_SnapPictureEx. [lLoginID=139929573805024, par=0x7f43e44a1cc0, reserved=0x7f43e418d4f0.]
[2020-09-27T08:51:09.588 info Netsdk:41296 8611:8633 dhnetsdk.cpp:7460]Leave CLIENT_SnapPictureEx. ret:1.
Begin Time:2020-09-27T08:51:09.949
[2020-09-27T08:51:09.949 info Netsdk:41296 12895:12920 dhnetsdk.cpp:190]Enter CLIENT_SetAutoReconnect:[cbAutoConnect=0x7f2c4fd130f0, dwUser=(nil)].
[2020-09-27T08:51:09.949 info Netsdk:41296 12895:12920 dhnetsdk.cpp:192]Leave CLIENT_SetAutoReconnect.
[2020-09-27T08:51:09.949 info Netsdk:41296 12895:12920 dhnetsdk.cpp:210]Enter CLIENT_SetConnectTime:[nWaitTime=5000, nTryTimes=1].
[2020-09-27T08:51:09.949 info Netsdk:41296 12895:12920 dhnetsdk.cpp:223]Leave CLIENT_SetConnectTime.
[2020-09-27T08:51:09.950 info Netsdk:41296 12895:12920 dhnetsdk.cpp:234]Enter CLIENT_SetNetworkParam:[nWaittime=0, nConnectTime=10000, nConnectTryNum=0, nSubConnectSpaceTime=0, nGetDevInfoTime=0, nConnectBufSize=0, nGetConnInfoTime=3000, nSearchRecordTime=0, nsubDisconnetTime=0, byNetType=0, byPlaybackBufSize=0, bDetectDisconnTime=0, bKeepLifeInterval=0, nPicBufSize=0].
[2020-09-27T08:51:09.950 info Netsdk:41296 12895:12920 dhnetsdk.cpp:249]Leave CLIENT_SetNetworkParam.
[2020-09-27T08:51:09.950 info Netsdk:41296 12895:12920 dhnetsdk.cpp:586]Enter CLIENT_LoginEx2. IP:192.168.25.109, port:37777, SpeCap:0, lpDeviceInfo:0x7f2bb8883f10.
[2020-09-27T08:51:09.950 error Netsdk:41296 12895:12920 TPTCPClient.cpp:423]connect() failed: Operation now in progress
[2020-09-27T08:51:10.233 info Netsdk:41296 12895:12920 dhnetsdk.cpp:622]Leave CLIENT_LoginEx2. error:0, login ID:139825756261920.
[2020-09-27T08:51:10.234 info Netsdk:41296 12895:12920 dhnetsdk.cpp:7400]Enter CLIENT_SetSnapRevCallBack. [OnSnapRevMessage=0x7f2c4fd13128, dwUser=(nil).]
[2020-09-27T08:51:10.234 info Netsdk:41296 12895:12920 dhnetsdk.cpp:7403]Leave CLIENT_SetSnapRevCallBack.
[2020-09-27T08:51:10.234 info Netsdk:41296 12895:12920 dhnetsdk.cpp:7440]Enter CLIENT_SnapPictureEx. [lLoginID=139825756261920, par=0x7f2bb8884710, reserved=0x7f2bb8481670.]
[2020-09-27T08:51:10.234 info Netsdk:41296 12895:12920 dhnetsdk.cpp:7460]Leave CLIENT_SnapPictureEx. ret:1.
[2020-09-27T08:51:21.645 info Netsdk:41296 8611:8633 dhnetsdk.cpp:815]Enter CLIENT_Logout. lLoginID:139929573805024.
[2020-09-27T08:51:21.655 info Netsdk:41296 8611:8633 dhnetsdk.cpp:837]Leave CLIENT_Logout. ret:1
[2020-09-27T08:51:22.289 info Netsdk:41296 12895:12920 dhnetsdk.cpp:815]Enter CLIENT_Logout. lLoginID:139825756261920.
[2020-09-27T08:51:22.299 info Netsdk:41296 12895:12920 dhnetsdk.cpp:837]Leave CLIENT_Logout. ret:1
[2020-09-27T08:51:31.657 info Netsdk:41296 8611:8633 dhnetsdk.cpp:136]Enter CLIENT_InitEx:[cbDisConnect=0x7f4473768400, dwUser=(nil), lpInitParam=(nil)].
[2020-09-27T08:51:31.657 info Netsdk:41296 8611:8633 AVNetSDKMgr.cpp:670]Test avnetsdk module handle: 0x7f43e46d3e50

[2020-09-27T08:51:31.657 info Netsdk:41296 8611:8633 dhnetsdk.cpp:159]Leave CLIENT_InitEx.
[2020-09-27T08:51:31.658 info Netsdk:41296 8611:8633 Manager.cpp:13118]-------------------Log file reset, log number:10-log size:10240------------------
[2020-09-27T08:51:32.298 info Netsdk:41296 12895:12920 dhnetsdk.cpp:136]Enter CLIENT_InitEx:[cbDisConnect=0x7f2c4fd13160, dwUser=(nil), lpInitParam=(nil)].
[2020-09-27T08:51:32.298 info Netsdk:41296 12895:12920 AVNetSDKMgr.cpp:670]Test avnetsdk module handle: 0x7f2bb86b3fc0

[2020-09-27T08:51:32.298 info Netsdk:41296 12895:12920 dhnetsdk.cpp:159]Leave CLIENT_InitEx.
[2020-09-27T08:51:32.298 info Netsdk:41296 12895:12920 Manager.cpp:13118]-------------------Log file reset, log number:10-log size:10240------------------
