[2020-09-27T08:50:04.058 info Netsdk:41296 5992:6014 dhnetsdk.cpp:190]Enter CLIENT_SetAutoReconnect:[cbAutoConnect=0x7f81a6f50390, dwUser=(nil)].
[2020-09-27T08:50:04.058 info Netsdk:41296 5992:6014 dhnetsdk.cpp:192]Leave CLIENT_SetAutoReconnect.
[2020-09-27T08:50:04.058 info Netsdk:41296 5992:6014 dhnetsdk.cpp:210]Enter CLIENT_SetConnectTime:[nWaitTime=5000, nTryTimes=1].
[2020-09-27T08:50:04.058 info Netsdk:41296 5992:6014 dhnetsdk.cpp:223]Leave CLIENT_SetConnectTime.
[2020-09-27T08:50:04.059 info Netsdk:41296 5992:6014 dhnetsdk.cpp:234]Enter CLIENT_SetNetworkParam:[nWaittime=0, nConnectTime=10000, nConnectTryNum=0, nSubConnectSpaceTime=0, nGetDevInfoTime=0, nConnectBufSize=0, nGetConnInfoTime=3000, nSearchRecordTime=0, nsubDisconnetTime=0, byNetType=0, byPlaybackBufSize=0, bDetectDisconnTime=0, bKeepLifeInterval=0, nPicBufSize=0].
[2020-09-27T08:50:04.059 info Netsdk:41296 5992:6014 dhnetsdk.cpp:249]Leave CLIENT_SetNetworkParam.
[2020-09-27T08:50:04.059 info Netsdk:41296 5992:6014 dhnetsdk.cpp:586]Enter CLIENT_LoginEx2. IP:192.168.25.109, port:37777, SpeCap:0, lpDeviceInfo:0x7f811086bd20.
[2020-09-27T08:50:04.059 error Netsdk:41296 5992:6014 TPTCPClient.cpp:423]connect() failed: Operation now in progress
[2020-09-27T08:50:04.323 info Netsdk:41296 5992:6014 dhnetsdk.cpp:622]Leave CLIENT_LoginEx2. error:0, login ID:140192304778288.
[2020-09-27T08:50:04.323 info Netsdk:41296 5992:6014 dhnetsdk.cpp:7400]Enter CLIENT_SetSnapRevCallBack. [OnSnapRevMessage=0x7f81a6f503c8, dwUser=(nil).]
[2020-09-27T08:50:04.323 info Netsdk:41296 5992:6014 dhnetsdk.cpp:7403]Leave CLIENT_SetSnapRevCallBack.
[2020-09-27T08:50:04.323 info Netsdk:41296 5992:6014 dhnetsdk.cpp:7440]Enter CLIENT_SnapPictureEx. [lLoginID=140192304778288, par=0x7f81100c2b40, reserved=0x7f81100c1ab0.]
[2020-09-27T08:50:04.323 info Netsdk:41296 5992:6014 dhnetsdk.cpp:7460]Leave CLIENT_SnapPictureEx. ret:1.
Begin Time:2020-09-27T08:50:04.883
[2020-09-27T08:50:04.883 info Netsdk:41296 9704:9729 dhnetsdk.cpp:190]Enter CLIENT_SetAutoReconnect:[cbAutoConnect=0x7fbb0106c0f0, dwUser=(nil)].
[2020-09-27T08:50:04.883 info Netsdk:41296 9704:9729 dhnetsdk.cpp:192]Leave CLIENT_SetAutoReconnect.
[2020-09-27T08:50:04.883 info Netsdk:41296 9704:9729 dhnetsdk.cpp:210]Enter CLIENT_SetConnectTime:[nWaitTime=5000, nTryTimes=1].
[2020-09-27T08:50:04.883 info Netsdk:41296 9704:9729 dhnetsdk.cpp:223]Leave CLIENT_SetConnectTime.
[2020-09-27T08:50:04.883 info Netsdk:41296 9704:9729 dhnetsdk.cpp:234]Enter CLIENT_SetNetworkParam:[nWaittime=0, nConnectTime=10000, nConnectTryNum=0, nSubConnectSpaceTime=0, nGetDevInfoTime=0, nConnectBufSize=0, nGetConnInfoTime=3000, nSearchRecordTime=0, nsubDisconnetTime=0, byNetType=0, byPlaybackBufSize=0, bDetectDisconnTime=0, bKeepLifeInterval=0, nPicBufSize=0].
[2020-09-27T08:50:04.883 info Netsdk:41296 9704:9729 dhnetsdk.cpp:249]Leave CLIENT_SetNetworkParam.
[2020-09-27T08:50:04.883 info Netsdk:41296 9704:9729 dhnetsdk.cpp:586]Enter CLIENT_LoginEx2. IP:192.168.25.109, port:37777, SpeCap:0, lpDeviceInfo:0x7fba8486b960.
[2020-09-27T08:50:04.883 error Netsdk:41296 9704:9729 TPTCPClient.cpp:423]connect() failed: Operation now in progress
[2020-09-27T08:50:05.157 info Netsdk:41296 9704:9729 dhnetsdk.cpp:622]Leave CLIENT_LoginEx2. error:0, login ID:140439064070256.
[2020-09-27T08:50:05.157 info Netsdk:41296 9704:9729 dhnetsdk.cpp:7400]Enter CLIENT_SetSnapRevCallBack. [OnSnapRevMessage=0x7fbb0106c128, dwUser=(nil).]
[2020-09-27T08:50:05.157 info Netsdk:41296 9704:9729 dhnetsdk.cpp:7403]Leave CLIENT_SetSnapRevCallBack.
[2020-09-27T08:50:05.157 info Netsdk:41296 9704:9729 dhnetsdk.cpp:7440]Enter CLIENT_SnapPictureEx. [lLoginID=140439064070256, par=0x7fba840e61a0, reserved=0x7fba84849580.]
[2020-09-27T08:50:05.157 info Netsdk:41296 9704:9729 dhnetsdk.cpp:7460]Leave CLIENT_SnapPictureEx. ret:1.
[2020-09-27T08:50:16.376 info Netsdk:41296 5992:6014 dhnetsdk.cpp:815]Enter CLIENT_Logout. lLoginID:140192304778288.
[2020-09-27T08:50:16.387 info Netsdk:41296 5992:6014 dhnetsdk.cpp:837]Leave CLIENT_Logout. ret:1
[2020-09-27T08:50:26.386 info Netsdk:41296 5992:6014 dhnetsdk.cpp:136]Enter CLIENT_InitEx:[cbDisConnect=0x7f81a6f50400, dwUser=(nil), lpInitParam=(nil)].
[2020-09-27T08:50:26.386 info Netsdk:41296 5992:6014 AVNetSDKMgr.cpp:670]Test avnetsdk module handle: 0x7f811069bee0

[2020-09-27T08:50:26.386 info Netsdk:41296 5992:6014 dhnetsdk.cpp:159]Leave CLIENT_InitEx.
[2020-09-27T08:50:26.387 info Netsdk:41296 5992:6014 Manager.cpp:13118]-------------------Log file reset, log number:10-log size:10240------------------
